{"C:\\Users\\LENOVO\\OneDrive - Madan Mohan Malaviya University of Technology\\Desktop\\AMRIT LODU PROJECT\\logic-looper\\src\\App.jsx": {"path":"C:\\Users\\LENOVO\\OneDrive - Madan Mohan Malaviya University of Technology\\Desktop\\AMRIT LODU PROJECT\\logic-looper\\src\\App.jsx","statementMap":{"0":{"start":{"line":13,"column":19},"end":{"line":13,"column":32}},"1":{"start":{"line":14,"column":34},"end":{"line":14,"column":60}},"2":{"start":{"line":14,"column":53},"end":{"line":14,"column":59}},"3":{"start":{"line":17,"column":2},"end":{"line":19,"column":16}},"4":{"start":{"line":18,"column":4},"end":{"line":18,"column":37}},"5":{"start":{"line":22,"column":2},"end":{"line":22,"column":30}},"6":{"start":{"line":24,"column":2},"end":{"line":31,"column":3}},"7":{"start":{"line":25,"column":4},"end":{"line":30,"column":5}},"8":{"start":{"line":33,"column":2},"end":{"line":43,"column":3}},"9":{"start":{"line":47,"column":2},"end":{"line":51,"column":3}}},"fnMap":{"0":{"name":"AppContent","decl":{"start":{"line":12,"column":9},"end":{"line":12,"column":19}},"loc":{"start":{"line":12,"column":22},"end":{"line":44,"column":1}},"line":12},"1":{"name":"(anonymous_1)","decl":{"start":{"line":14,"column":46},"end":{"line":14,"column":47}},"loc":{"start":{"line":14,"column":53},"end":{"line":14,"column":59}},"line":14},"2":{"name":"(anonymous_2)","decl":{"start":{"line":17,"column":12},"end":{"line":17,"column":13}},"loc":{"start":{"line":17,"column":18},"end":{"line":19,"column":3}},"line":17},"3":{"name":"App","decl":{"start":{"line":46,"column":24},"end":{"line":46,"column":27}},"loc":{"start":{"line":46,"column":30},"end":{"line":52,"column":1}},"line":46}},"branchMap":{"0":{"loc":{"start":{"line":24,"column":2},"end":{"line":31,"column":3}},"type":"if","locations":[{"start":{"line":24,"column":2},"end":{"line":31,"column":3}},{"start":{},"end":{}}],"line":24}},"s":{"0":0,"1":0,"2":0,"3":0,"4":0,"5":0,"6":0,"7":0,"8":0,"9":0},"f":{"0":0,"1":0,"2":0,"3":0},"b":{"0":[0,0]}}
,"C:\\Users\\LENOVO\\OneDrive - Madan Mohan Malaviya University of Technology\\Desktop\\AMRIT LODU PROJECT\\logic-looper\\src\\components\\Icons.jsx": {"path":"C:\\Users\\LENOVO\\OneDrive - Madan Mohan Malaviya University of Technology\\Desktop\\AMRIT LODU PROJECT\\logic-looper\\src\\components\\Icons.jsx","statementMap":{"0":{"start":{"line":3,"column":2},"end":{"line":8,"column":3}},"1":{"start":{"line":12,"column":2},"end":{"line":16,"column":3}},"2":{"start":{"line":20,"column":2},"end":{"line":30,"column":3}},"3":{"start":{"line":34,"column":2},"end":{"line":38,"column":3}}},"fnMap":{"0":{"name":"ClockIcon","decl":{"start":{"line":2,"column":16},"end":{"line":2,"column":25}},"loc":{"start":{"line":2,"column":46},"end":{"line":9,"column":1}},"line":2},"1":{"name":"FireIcon","decl":{"start":{"line":11,"column":16},"end":{"line":11,"column":24}},"loc":{"start":{"line":11,"column":45},"end":{"line":17,"column":1}},"line":11},"2":{"name":"WifiOffIcon","decl":{"start":{"line":19,"column":16},"end":{"line":19,"column":27}},"loc":{"start":{"line":19,"column":48},"end":{"line":31,"column":1}},"line":19},"3":{"name":"CheckIcon","decl":{"start":{"line":33,"column":16},"end":{"line":33,"column":25}},"loc":{"start":{"line":33,"column":46},"end":{"line":39,"column":1}},"line":33}},"branchMap":{"0":{"loc":{"start":{"line":2,"column":28},"end":{"line":2,"column":42}},"type":"default-arg","locations":[{"start":{"line":2,"column":40},"end":{"line":2,"column":42}}],"line":2},"1":{"loc":{"start":{"line":11,"column":27},"end":{"line":11,"column":41}},"type":"default-arg","locations":[{"start":{"line":11,"column":39},"end":{"line":11,"column":41}}],"line":11},"2":{"loc":{"start":{"line":19,"column":30},"end":{"line":19,"column":44}},"type":"default-arg","locations":[{"start":{"line":19,"column":42},"end":{"line":19,"column":44}}],"line":19},"3":{"loc":{"start":{"line":33,"column":28},"end":{"line":33,"column":42}},"type":"default-arg","locations":[{"start":{"line":33,"column":40},"end":{"line":33,"column":42}}],"line":33}},"s":{"0":0,"1":0,"2":0,"3":0},"f":{"0":0,"1":0,"2":0,"3":0},"b":{"0":[0],"1":[0],"2":[0],"3":[0]}}
,"C:\\Users\\LENOVO\\OneDrive - Madan Mohan Malaviya University of Technology\\Desktop\\AMRIT LODU PROJECT\\logic-looper\\src\\components\\CompletionModal\\CompletionModal.jsx": {"path":"C:\\Users\\LENOVO\\OneDrive - Madan Mohan Malaviya University of Technology\\Desktop\\AMRIT LODU PROJECT\\logic-looper\\src\\components\\CompletionModal\\CompletionModal.jsx","statementMap":{"0":{"start":{"line":4,"column":24},"end":{"line":7,"column":1}},"1":{"start":{"line":9,"column":22},"end":{"line":12,"column":1}},"2":{"start":{"line":15,"column":18},"end":{"line":20,"column":3}},"3":{"start":{"line":15,"column":56},"end":{"line":20,"column":1}},"4":{"start":{"line":23,"column":19},"end":{"line":23,"column":32}},"5":{"start":{"line":24,"column":18},"end":{"line":24,"column":44}},"6":{"start":{"line":25,"column":18},"end":{"line":25,"column":32}},"7":{"start":{"line":26,"column":18},"end":{"line":26,"column":73}},"8":{"start":{"line":28,"column":18},"end":{"line":33,"column":3}},"9":{"start":{"line":29,"column":4},"end":{"line":29,"column":75}},"10":{"start":{"line":29,"column":18},"end":{"line":29,"column":75}},"11":{"start":{"line":30,"column":4},"end":{"line":30,"column":76}},"12":{"start":{"line":30,"column":18},"end":{"line":30,"column":76}},"13":{"start":{"line":31,"column":4},"end":{"line":31,"column":77}},"14":{"start":{"line":31,"column":18},"end":{"line":31,"column":77}},"15":{"start":{"line":32,"column":4},"end":{"line":32,"column":63}},"16":{"start":{"line":35,"column":15},"end":{"line":35,"column":29}},"17":{"start":{"line":37,"column":2},"end":{"line":147,"column":3}},"18":{"start":{"line":52,"column":12},"end":{"line":64,"column":14}},"19":{"start":{"line":130,"column":33},"end":{"line":130,"column":53}},"20":{"start":{"line":136,"column":33},"end":{"line":136,"column":46}}},"fnMap":{"0":{"name":"(anonymous_0)","decl":{"start":{"line":15,"column":45},"end":{"line":15,"column":46}},"loc":{"start":{"line":15,"column":56},"end":{"line":20,"column":1}},"line":15},"1":{"name":"CompletionModal","decl":{"start":{"line":22,"column":24},"end":{"line":22,"column":39}},"loc":{"start":{"line":22,"column":70},"end":{"line":148,"column":1}},"line":22},"2":{"name":"(anonymous_2)","decl":{"start":{"line":28,"column":18},"end":{"line":28,"column":19}},"loc":{"start":{"line":28,"column":25},"end":{"line":33,"column":3}},"line":28},"3":{"name":"(anonymous_3)","decl":{"start":{"line":51,"column":25},"end":{"line":51,"column":26}},"loc":{"start":{"line":52,"column":12},"end":{"line":64,"column":14}},"line":52},"4":{"name":"(anonymous_4)","decl":{"start":{"line":130,"column":27},"end":{"line":130,"column":28}},"loc":{"start":{"line":130,"column":33},"end":{"line":130,"column":53}},"line":130},"5":{"name":"(anonymous_5)","decl":{"start":{"line":136,"column":27},"end":{"line":136,"column":28}},"loc":{"start":{"line":136,"column":33},"end":{"line":136,"column":46}},"line":136}},"branchMap":{"0":{"loc":{"start":{"line":26,"column":18},"end":{"line":26,"column":73}},"type":"cond-expr","locations":[{"start":{"line":26,"column":32},"end":{"line":26,"column":57}},{"start":{"line":26,"column":60},"end":{"line":26,"column":73}}],"line":26},"1":{"loc":{"start":{"line":29,"column":4},"end":{"line":29,"column":75}},"type":"if","locations":[{"start":{"line":29,"column":4},"end":{"line":29,"column":75}},{"start":{},"end":{}}],"line":29},"2":{"loc":{"start":{"line":30,"column":4},"end":{"line":30,"column":76}},"type":"if","locations":[{"start":{"line":30,"column":4},"end":{"line":30,"column":76}},{"start":{},"end":{}}],"line":30},"3":{"loc":{"start":{"line":31,"column":4},"end":{"line":31,"column":77}},"type":"if","locations":[{"start":{"line":31,"column":4},"end":{"line":31,"column":77}},{"start":{},"end":{}}],"line":31},"4":{"loc":{"start":{"line":39,"column":7},"end":{"line":145,"column":7}},"type":"binary-expr","locations":[{"start":{"line":39,"column":7},"end":{"line":39,"column":13}},{"start":{"line":40,"column":8},"end":{"line":144,"column":21}}],"line":39}},"s":{"0":0,"1":0,"2":0,"3":0,"4":0,"5":0,"6":0,"7":0,"8":0,"9":0,"10":0,"11":0,"12":0,"13":0,"14":0,"15":0,"16":0,"17":0,"18":0,"19":0,"20":0},"f":{"0":0,"1":0,"2":0,"3":0,"4":0,"5":0},"b":{"0":[0,0],"1":[0,0],"2":[0,0],"3":[0,0],"4":[0,0]}}
,"C:\\Users\\LENOVO\\OneDrive - Madan Mohan Malaviya University of Technology\\Desktop\\AMRIT LODU PROJECT\\logic-looper\\src\\components\\HeatmapGrid\\HeatmapGrid.jsx": {"path":"C:\\Users\\LENOVO\\OneDrive - Madan Mohan Malaviya University of Technology\\Desktop\\AMRIT LODU PROJECT\\logic-looper\\src\\components\\HeatmapGrid\\HeatmapGrid.jsx","statementMap":{"0":{"start":{"line":7,"column":25},"end":{"line":13,"column":1}},"1":{"start":{"line":15,"column":25},"end":{"line":15,"column":94}},"2":{"start":{"line":18,"column":40},"end":{"line":18,"column":52}},"3":{"start":{"line":19,"column":32},"end":{"line":19,"column":46}},"4":{"start":{"line":20,"column":34},"end":{"line":20,"column":49}},"5":{"start":{"line":22,"column":16},"end":{"line":22,"column":33}},"6":{"start":{"line":23,"column":16},"end":{"line":23,"column":29}},"7":{"start":{"line":25,"column":2},"end":{"line":34,"column":8}},"8":{"start":{"line":26,"column":4},"end":{"line":33,"column":6}},"9":{"start":{"line":27,"column":18},"end":{"line":27,"column":20}},"10":{"start":{"line":28,"column":6},"end":{"line":30,"column":8}},"11":{"start":{"line":29,"column":8},"end":{"line":29,"column":58}},"12":{"start":{"line":31,"column":6},"end":{"line":31,"column":25}},"13":{"start":{"line":32,"column":6},"end":{"line":32,"column":23}},"14":{"start":{"line":37,"column":20},"end":{"line":37,"column":28}},"15":{"start":{"line":38,"column":19},"end":{"line":38,"column":47}},"16":{"start":{"line":41,"column":22},"end":{"line":41,"column":63}},"17":{"start":{"line":42,"column":16},"end":{"line":42,"column":18}},"18":{"start":{"line":43,"column":2},"end":{"line":45,"column":3}},"19":{"start":{"line":43,"column":15},"end":{"line":43,"column":16}},"20":{"start":{"line":44,"column":4},"end":{"line":44,"column":43}},"21":{"start":{"line":47,"column":23},"end":{"line":52,"column":3}},"22":{"start":{"line":48,"column":4},"end":{"line":48,"column":24}},"23":{"start":{"line":48,"column":15},"end":{"line":48,"column":24}},"24":{"start":{"line":49,"column":21},"end":{"line":49,"column":38}},"25":{"start":{"line":50,"column":4},"end":{"line":50,"column":35}},"26":{"start":{"line":50,"column":27},"end":{"line":50,"column":35}},"27":{"start":{"line":51,"column":4},"end":{"line":51,"column":43}},"28":{"start":{"line":54,"column":23},"end":{"line":54,"column":107}},"29":{"start":{"line":57,"column":25},"end":{"line":57,"column":27}},"30":{"start":{"line":58,"column":2},"end":{"line":66,"column":4}},"31":{"start":{"line":59,"column":22},"end":{"line":59,"column":40}},"32":{"start":{"line":60,"column":4},"end":{"line":65,"column":5}},"33":{"start":{"line":61,"column":16},"end":{"line":61,"column":35}},"34":{"start":{"line":62,"column":6},"end":{"line":64,"column":7}},"35":{"start":{"line":63,"column":8},"end":{"line":63,"column":70}},"36":{"start":{"line":68,"column":2},"end":{"line":149,"column":3}},"37":{"start":{"line":74,"column":23},"end":{"line":74,"column":62}},"38":{"start":{"line":74,"column":50},"end":{"line":74,"column":61}},"39":{"start":{"line":75,"column":12},"end":{"line":79,"column":13}},"40":{"start":{"line":86,"column":12},"end":{"line":112,"column":18}},"41":{"start":{"line":88,"column":34},"end":{"line":88,"column":52}},"42":{"start":{"line":89,"column":16},"end":{"line":91,"column":17}},"43":{"start":{"line":90,"column":18},"end":{"line":90,"column":71}},"44":{"start":{"line":92,"column":32},"end":{"line":92,"column":46}},"45":{"start":{"line":94,"column":16},"end":{"line":110,"column":17}},"46":{"start":{"line":106,"column":22},"end":{"line":106,"column":105}},"47":{"start":{"line":108,"column":40},"end":{"line":108,"column":56}},"48":{"start":{"line":119,"column":12},"end":{"line":121,"column":18}},"49":{"start":{"line":144,"column":10},"end":{"line":144,"column":68}}},"fnMap":{"0":{"name":"HeatmapGrid","decl":{"start":{"line":17,"column":24},"end":{"line":17,"column":35}},"loc":{"start":{"line":17,"column":38},"end":{"line":150,"column":1}},"line":17},"1":{"name":"(anonymous_1)","decl":{"start":{"line":25,"column":12},"end":{"line":25,"column":13}},"loc":{"start":{"line":25,"column":18},"end":{"line":34,"column":3}},"line":25},"2":{"name":"(anonymous_2)","decl":{"start":{"line":26,"column":26},"end":{"line":26,"column":27}},"loc":{"start":{"line":26,"column":42},"end":{"line":33,"column":5}},"line":26},"3":{"name":"(anonymous_3)","decl":{"start":{"line":28,"column":25},"end":{"line":28,"column":26}},"loc":{"start":{"line":28,"column":32},"end":{"line":30,"column":7}},"line":28},"4":{"name":"(anonymous_4)","decl":{"start":{"line":47,"column":23},"end":{"line":47,"column":24}},"loc":{"start":{"line":47,"column":33},"end":{"line":52,"column":3}},"line":47},"5":{"name":"(anonymous_5)","decl":{"start":{"line":58,"column":16},"end":{"line":58,"column":17}},"loc":{"start":{"line":58,"column":30},"end":{"line":66,"column":3}},"line":58},"6":{"name":"(anonymous_6)","decl":{"start":{"line":73,"column":21},"end":{"line":73,"column":22}},"loc":{"start":{"line":73,"column":32},"end":{"line":80,"column":11}},"line":73},"7":{"name":"(anonymous_7)","decl":{"start":{"line":74,"column":43},"end":{"line":74,"column":44}},"loc":{"start":{"line":74,"column":50},"end":{"line":74,"column":61}},"line":74},"8":{"name":"(anonymous_8)","decl":{"start":{"line":85,"column":21},"end":{"line":85,"column":22}},"loc":{"start":{"line":86,"column":12},"end":{"line":112,"column":18}},"line":86},"9":{"name":"(anonymous_9)","decl":{"start":{"line":87,"column":24},"end":{"line":87,"column":25}},"loc":{"start":{"line":87,"column":38},"end":{"line":111,"column":15}},"line":87},"10":{"name":"(anonymous_10)","decl":{"start":{"line":105,"column":34},"end":{"line":105,"column":35}},"loc":{"start":{"line":106,"column":22},"end":{"line":106,"column":105}},"line":106},"11":{"name":"(anonymous_11)","decl":{"start":{"line":108,"column":34},"end":{"line":108,"column":35}},"loc":{"start":{"line":108,"column":40},"end":{"line":108,"column":56}},"line":108},"12":{"name":"(anonymous_12)","decl":{"start":{"line":118,"column":47},"end":{"line":118,"column":48}},"loc":{"start":{"line":119,"column":12},"end":{"line":121,"column":18}},"line":119},"13":{"name":"(anonymous_13)","decl":{"start":{"line":143,"column":30},"end":{"line":143,"column":31}},"loc":{"start":{"line":144,"column":10},"end":{"line":144,"column":68}},"line":144}},"branchMap":{"0":{"loc":{"start":{"line":48,"column":4},"end":{"line":48,"column":24}},"type":"if","locations":[{"start":{"line":48,"column":4},"end":{"line":48,"column":24}},{"start":{},"end":{}}],"line":48},"1":{"loc":{"start":{"line":50,"column":4},"end":{"line":50,"column":35}},"type":"if","locations":[{"start":{"line":50,"column":4},"end":{"line":50,"column":35}},{"start":{},"end":{}}],"line":50},"2":{"loc":{"start":{"line":60,"column":4},"end":{"line":65,"column":5}},"type":"if","locations":[{"start":{"line":60,"column":4},"end":{"line":65,"column":5}},{"start":{},"end":{}}],"line":60},"3":{"loc":{"start":{"line":62,"column":6},"end":{"line":64,"column":7}},"type":"if","locations":[{"start":{"line":62,"column":6},"end":{"line":64,"column":7}},{"start":{},"end":{}}],"line":62},"4":{"loc":{"start":{"line":77,"column":17},"end":{"line":77,"column":35}},"type":"cond-expr","locations":[{"start":{"line":77,"column":22},"end":{"line":77,"column":30}},{"start":{"line":77,"column":33},"end":{"line":77,"column":35}}],"line":77},"5":{"loc":{"start":{"line":89,"column":16},"end":{"line":91,"column":17}},"type":"if","locations":[{"start":{"line":89,"column":16},"end":{"line":91,"column":17}},{"start":{},"end":{}}],"line":89},"6":{"loc":{"start":{"line":99,"column":24},"end":{"line":99,"column":97}},"type":"cond-expr","locations":[{"start":{"line":99,"column":34},"end":{"line":99,"column":92}},{"start":{"line":99,"column":95},"end":{"line":99,"column":97}}],"line":99},"7":{"loc":{"start":{"line":102,"column":29},"end":{"line":102,"column":72}},"type":"cond-expr","locations":[{"start":{"line":102,"column":40},"end":{"line":102,"column":64}},{"start":{"line":102,"column":67},"end":{"line":102,"column":72}}],"line":102},"8":{"loc":{"start":{"line":106,"column":59},"end":{"line":106,"column":88}},"type":"binary-expr","locations":[{"start":{"line":106,"column":59},"end":{"line":106,"column":83}},{"start":{"line":106,"column":87},"end":{"line":106,"column":88}}],"line":106},"9":{"loc":{"start":{"line":127,"column":7},"end":{"line":138,"column":7}},"type":"binary-expr","locations":[{"start":{"line":127,"column":7},"end":{"line":127,"column":14}},{"start":{"line":127,"column":18},"end":{"line":127,"column":30}},{"start":{"line":128,"column":8},"end":{"line":137,"column":21}}],"line":127},"10":{"loc":{"start":{"line":136,"column":11},"end":{"line":136,"column":106}},"type":"binary-expr","locations":[{"start":{"line":136,"column":11},"end":{"line":136,"column":28}},{"start":{"line":136,"column":32},"end":{"line":136,"column":106}}],"line":136}},"s":{"0":0,"1":0,"2":0,"3":0,"4":0,"5":0,"6":0,"7":0,"8":0,"9":0,"10":0,"11":0,"12":0,"13":0,"14":0,"15":0,"16":0,"17":0,"18":0,"19":0,"20":0,"21":0,"22":0,"23":0,"24":0,"25":0,"26":0,"27":0,"28":0,"29":0,"30":0,"31":0,"32":0,"33":0,"34":0,"35":0,"36":0,"37":0,"38":0,"39":0,"40":0,"41":0,"42":0,"43":0,"44":0,"45":0,"46":0,"47":0,"48":0,"49":0},"f":{"0":0,"1":0,"2":0,"3":0,"4":0,"5":0,"6":0,"7":0,"8":0,"9":0,"10":0,"11":0,"12":0,"13":0},"b":{"0":[0,0],"1":[0,0],"2":[0,0],"3":[0,0],"4":[0,0],"5":[0,0],"6":[0,0],"7":[0,0],"8":[0,0],"9":[0,0,0],"10":[0,0]}}
,"C:\\Users\\LENOVO\\OneDrive - Madan Mohan Malaviya University of Technology\\Desktop\\AMRIT LODU PROJECT\\logic-looper\\src\\components\\Navbar\\Navbar.jsx": {"path":"C:\\Users\\LENOVO\\OneDrive - Madan Mohan Malaviya University of Technology\\Desktop\\AMRIT LODU PROJECT\\logic-looper\\src\\components\\Navbar\\Navbar.jsx","statementMap":{"0":{"start":{"line":7,"column":28},"end":{"line":7,"column":54}},"1":{"start":{"line":7,"column":47},"end":{"line":7,"column":53}},"2":{"start":{"line":8,"column":49},"end":{"line":8,"column":75}},"3":{"start":{"line":8,"column":68},"end":{"line":8,"column":74}},"4":{"start":{"line":9,"column":19},"end":{"line":9,"column":32}},"5":{"start":{"line":11,"column":24},"end":{"line":18,"column":3}},"6":{"start":{"line":12,"column":4},"end":{"line":12,"column":84}},"7":{"start":{"line":12,"column":19},"end":{"line":12,"column":84}},"8":{"start":{"line":13,"column":4},"end":{"line":13,"column":110}},"9":{"start":{"line":13,"column":34},"end":{"line":13,"column":110}},"10":{"start":{"line":14,"column":4},"end":{"line":14,"column":97}},"11":{"start":{"line":14,"column":34},"end":{"line":14,"column":97}},"12":{"start":{"line":15,"column":4},"end":{"line":15,"column":97}},"13":{"start":{"line":15,"column":32},"end":{"line":15,"column":97}},"14":{"start":{"line":16,"column":4},"end":{"line":16,"column":109}},"15":{"start":{"line":16,"column":26},"end":{"line":16,"column":109}},"16":{"start":{"line":17,"column":4},"end":{"line":17,"column":15}},"17":{"start":{"line":20,"column":19},"end":{"line":20,"column":34}},"18":{"start":{"line":22,"column":2},"end":{"line":87,"column":3}},"19":{"start":{"line":49,"column":12},"end":{"line":59,"column":19}}},"fnMap":{"0":{"name":"Navbar","decl":{"start":{"line":6,"column":24},"end":{"line":6,"column":30}},"loc":{"start":{"line":6,"column":33},"end":{"line":88,"column":1}},"line":6},"1":{"name":"(anonymous_1)","decl":{"start":{"line":7,"column":40},"end":{"line":7,"column":41}},"loc":{"start":{"line":7,"column":47},"end":{"line":7,"column":53}},"line":7},"2":{"name":"(anonymous_2)","decl":{"start":{"line":8,"column":61},"end":{"line":8,"column":62}},"loc":{"start":{"line":8,"column":68},"end":{"line":8,"column":74}},"line":8},"3":{"name":"(anonymous_3)","decl":{"start":{"line":11,"column":24},"end":{"line":11,"column":25}},"loc":{"start":{"line":11,"column":30},"end":{"line":18,"column":3}},"line":11},"4":{"name":"(anonymous_4)","decl":{"start":{"line":48,"column":16},"end":{"line":48,"column":17}},"loc":{"start":{"line":49,"column":12},"end":{"line":59,"column":19}},"line":49}},"branchMap":{"0":{"loc":{"start":{"line":12,"column":4},"end":{"line":12,"column":84}},"type":"if","locations":[{"start":{"line":12,"column":4},"end":{"line":12,"column":84}},{"start":{},"end":{}}],"line":12},"1":{"loc":{"start":{"line":13,"column":4},"end":{"line":13,"column":110}},"type":"if","locations":[{"start":{"line":13,"column":4},"end":{"line":13,"column":110}},{"start":{},"end":{}}],"line":13},"2":{"loc":{"start":{"line":14,"column":4},"end":{"line":14,"column":97}},"type":"if","locations":[{"start":{"line":14,"column":4},"end":{"line":14,"column":97}},{"start":{},"end":{}}],"line":14},"3":{"loc":{"start":{"line":15,"column":4},"end":{"line":15,"column":97}},"type":"if","locations":[{"start":{"line":15,"column":4},"end":{"line":15,"column":97}},{"start":{},"end":{}}],"line":15},"4":{"loc":{"start":{"line":16,"column":4},"end":{"line":16,"column":109}},"type":"if","locations":[{"start":{"line":16,"column":4},"end":{"line":16,"column":109}},{"start":{},"end":{}}],"line":16},"5":{"loc":{"start":{"line":53,"column":16},"end":{"line":55,"column":73}},"type":"cond-expr","locations":[{"start":{"line":54,"column":20},"end":{"line":54,"column":52}},{"start":{"line":55,"column":20},"end":{"line":55,"column":73}}],"line":53},"6":{"loc":{"start":{"line":66,"column":11},"end":{"line":76,"column":11}},"type":"binary-expr","locations":[{"start":{"line":66,"column":11},"end":{"line":66,"column":19}},{"start":{"line":67,"column":12},"end":{"line":75,"column":25}}],"line":66},"7":{"loc":{"start":{"line":82,"column":13},"end":{"line":82,"column":66}},"type":"cond-expr","locations":[{"start":{"line":82,"column":23},"end":{"line":82,"column":26}},{"start":{"line":82,"column":29},"end":{"line":82,"column":66}}],"line":82},"8":{"loc":{"start":{"line":82,"column":29},"end":{"line":82,"column":66}},"type":"binary-expr","locations":[{"start":{"line":82,"column":29},"end":{"line":82,"column":59}},{"start":{"line":82,"column":63},"end":{"line":82,"column":66}}],"line":82}},"s":{"0":0,"1":0,"2":0,"3":0,"4":0,"5":0,"6":0,"7":0,"8":0,"9":0,"10":0,"11":0,"12":0,"13":0,"14":0,"15":0,"16":0,"17":0,"18":0,"19":0},"f":{"0":0,"1":0,"2":0,"3":0,"4":0},"b":{"0":[0,0],"1":[0,0],"2":[0,0],"3":[0,0],"4":[0,0],"5":[0,0],"6":[0,0],"7":[0,0],"8":[0,0]}}
,"C:\\Users\\LENOVO\\OneDrive - Madan Mohan Malaviya University of Technology\\Desktop\\AMRIT LODU PROJECT\\logic-looper\\src\\components\\PuzzleBoard\\NumberMatrixBoard.jsx": {"path":"C:\\Users\\LENOVO\\OneDrive - Madan Mohan Malaviya University of Technology\\Desktop\\AMRIT LODU PROJECT\\logic-looper\\src\\components\\PuzzleBoard\\NumberMatrixBoard.jsx","statementMap":{"0":{"start":{"line":5,"column":2},"end":{"line":5,"column":37}},"1":{"start":{"line":5,"column":26},"end":{"line":5,"column":37}},"2":{"start":{"line":7,"column":20},"end":{"line":7,"column":59}},"3":{"start":{"line":9,"column":22},"end":{"line":17,"column":3}},"4":{"start":{"line":10,"column":4},"end":{"line":10,"column":46}},"5":{"start":{"line":10,"column":40},"end":{"line":10,"column":46}},"6":{"start":{"line":11,"column":16},"end":{"line":11,"column":35}},"7":{"start":{"line":12,"column":4},"end":{"line":16,"column":5}},"8":{"start":{"line":13,"column":6},"end":{"line":13,"column":31}},"9":{"start":{"line":15,"column":6},"end":{"line":15,"column":33}},"10":{"start":{"line":19,"column":23},"end":{"line":43,"column":3}},"11":{"start":{"line":20,"column":19},"end":{"line":20,"column":34}},"12":{"start":{"line":21,"column":24},"end":{"line":21,"column":45}},"13":{"start":{"line":22,"column":20},"end":{"line":22,"column":42}},"14":{"start":{"line":23,"column":29},"end":{"line":23,"column":38}},"15":{"start":{"line":24,"column":30},"end":{"line":24,"column":39}},"16":{"start":{"line":27,"column":6},"end":{"line":27,"column":166}},"17":{"start":{"line":29,"column":4},"end":{"line":37,"column":5}},"18":{"start":{"line":30,"column":6},"end":{"line":30,"column":78}},"19":{"start":{"line":31,"column":11},"end":{"line":37,"column":5}},"20":{"start":{"line":32,"column":6},"end":{"line":32,"column":58}},"21":{"start":{"line":33,"column":11},"end":{"line":37,"column":5}},"22":{"start":{"line":34,"column":6},"end":{"line":34,"column":92}},"23":{"start":{"line":36,"column":6},"end":{"line":36,"column":110}},"24":{"start":{"line":39,"column":4},"end":{"line":39,"column":41}},"25":{"start":{"line":39,"column":26},"end":{"line":39,"column":41}},"26":{"start":{"line":40,"column":4},"end":{"line":40,"column":42}},"27":{"start":{"line":40,"column":27},"end":{"line":40,"column":42}},"28":{"start":{"line":42,"column":4},"end":{"line":42,"column":15}},"29":{"start":{"line":45,"column":2},"end":{"line":78,"column":3}},"30":{"start":{"line":48,"column":8},"end":{"line":74,"column":14}},"31":{"start":{"line":50,"column":12},"end":{"line":72,"column":25}},"32":{"start":{"line":66,"column":35},"end":{"line":66,"column":68}}},"fnMap":{"0":{"name":"NumberMatrixBoard","decl":{"start":{"line":4,"column":24},"end":{"line":4,"column":41}},"loc":{"start":{"line":4,"column":96},"end":{"line":79,"column":1}},"line":4},"1":{"name":"(anonymous_1)","decl":{"start":{"line":9,"column":22},"end":{"line":9,"column":23}},"loc":{"start":{"line":9,"column":43},"end":{"line":17,"column":3}},"line":9},"2":{"name":"(anonymous_2)","decl":{"start":{"line":19,"column":23},"end":{"line":19,"column":24}},"loc":{"start":{"line":19,"column":37},"end":{"line":43,"column":3}},"line":19},"3":{"name":"(anonymous_3)","decl":{"start":{"line":47,"column":18},"end":{"line":47,"column":19}},"loc":{"start":{"line":48,"column":8},"end":{"line":74,"column":14}},"line":48},"4":{"name":"(anonymous_4)","decl":{"start":{"line":49,"column":19},"end":{"line":49,"column":20}},"loc":{"start":{"line":50,"column":12},"end":{"line":72,"column":25}},"line":50},"5":{"name":"(anonymous_5)","decl":{"start":{"line":66,"column":28},"end":{"line":66,"column":29}},"loc":{"start":{"line":66,"column":35},"end":{"line":66,"column":68}},"line":66}},"branchMap":{"0":{"loc":{"start":{"line":5,"column":2},"end":{"line":5,"column":37}},"type":"if","locations":[{"start":{"line":5,"column":2},"end":{"line":5,"column":37}},{"start":{},"end":{}}],"line":5},"1":{"loc":{"start":{"line":5,"column":6},"end":{"line":5,"column":24}},"type":"binary-expr","locations":[{"start":{"line":5,"column":6},"end":{"line":5,"column":13}},{"start":{"line":5,"column":17},"end":{"line":5,"column":24}}],"line":5},"2":{"loc":{"start":{"line":7,"column":20},"end":{"line":7,"column":59}},"type":"cond-expr","locations":[{"start":{"line":7,"column":34},"end":{"line":7,"column":36}},{"start":{"line":7,"column":39},"end":{"line":7,"column":59}}],"line":7},"3":{"loc":{"start":{"line":10,"column":4},"end":{"line":10,"column":46}},"type":"if","locations":[{"start":{"line":10,"column":4},"end":{"line":10,"column":46}},{"start":{},"end":{}}],"line":10},"4":{"loc":{"start":{"line":10,"column":8},"end":{"line":10,"column":38}},"type":"binary-expr","locations":[{"start":{"line":10,"column":8},"end":{"line":10,"column":19}},{"start":{"line":10,"column":23},"end":{"line":10,"column":38}}],"line":10},"5":{"loc":{"start":{"line":12,"column":4},"end":{"line":16,"column":5}},"type":"if","locations":[{"start":{"line":12,"column":4},"end":{"line":16,"column":5}},{"start":{"line":14,"column":11},"end":{"line":16,"column":5}}],"line":12},"6":{"loc":{"start":{"line":12,"column":8},"end":{"line":12,"column":40}},"type":"binary-expr","locations":[{"start":{"line":12,"column":8},"end":{"line":12,"column":18}},{"start":{"line":12,"column":22},"end":{"line":12,"column":29}},{"start":{"line":12,"column":33},"end":{"line":12,"column":40}}],"line":12},"7":{"loc":{"start":{"line":29,"column":4},"end":{"line":37,"column":5}},"type":"if","locations":[{"start":{"line":29,"column":4},"end":{"line":37,"column":5}},{"start":{"line":31,"column":11},"end":{"line":37,"column":5}}],"line":29},"8":{"loc":{"start":{"line":31,"column":11},"end":{"line":37,"column":5}},"type":"if","locations":[{"start":{"line":31,"column":11},"end":{"line":37,"column":5}},{"start":{"line":33,"column":11},"end":{"line":37,"column":5}}],"line":31},"9":{"loc":{"start":{"line":33,"column":11},"end":{"line":37,"column":5}},"type":"if","locations":[{"start":{"line":33,"column":11},"end":{"line":37,"column":5}},{"start":{"line":35,"column":11},"end":{"line":37,"column":5}}],"line":33},"10":{"loc":{"start":{"line":39,"column":4},"end":{"line":39,"column":41}},"type":"if","locations":[{"start":{"line":39,"column":4},"end":{"line":39,"column":41}},{"start":{},"end":{}}],"line":39},"11":{"loc":{"start":{"line":40,"column":4},"end":{"line":40,"column":42}},"type":"if","locations":[{"start":{"line":40,"column":4},"end":{"line":40,"column":42}},{"start":{},"end":{}}],"line":40},"12":{"loc":{"start":{"line":53,"column":24},"end":{"line":53,"column":59}},"type":"cond-expr","locations":[{"start":{"line":53,"column":39},"end":{"line":53,"column":54}},{"start":{"line":53,"column":57},"end":{"line":53,"column":59}}],"line":53},"13":{"loc":{"start":{"line":58,"column":15},"end":{"line":71,"column":15}},"type":"cond-expr","locations":[{"start":{"line":59,"column":16},"end":{"line":59,"column":34}},{"start":{"line":61,"column":16},"end":{"line":70,"column":18}}],"line":58},"14":{"loc":{"start":{"line":65,"column":25},"end":{"line":65,"column":45}},"type":"cond-expr","locations":[{"start":{"line":65,"column":37},"end":{"line":65,"column":39}},{"start":{"line":65,"column":42},"end":{"line":65,"column":45}}],"line":65}},"s":{"0":0,"1":0,"2":0,"3":0,"4":0,"5":0,"6":0,"7":0,"8":0,"9":0,"10":0,"11":0,"12":0,"13":0,"14":0,"15":0,"16":0,"17":0,"18":0,"19":0,"20":0,"21":0,"22":0,"23":0,"24":0,"25":0,"26":0,"27":0,"28":0,"29":0,"30":0,"31":0,"32":0},"f":{"0":0,"1":0,"2":0,"3":0,"4":0,"5":0},"b":{"0":[0,0],"1":[0,0],"2":[0,0],"3":[0,0],"4":[0,0],"5":[0,0],"6":[0,0,0],"7":[0,0],"8":[0,0],"9":[0,0],"10":[0,0],"11":[0,0],"12":[0,0],"13":[0,0],"14":[0,0]}}
,"C:\\Users\\LENOVO\\OneDrive - Madan Mohan Malaviya University of Technology\\Desktop\\AMRIT LODU PROJECT\\logic-looper\\src\\components\\PuzzleBoard\\PatternMatchBoard.jsx": {"path":"C:\\Users\\LENOVO\\OneDrive - Madan Mohan Malaviya University of Technology\\Desktop\\AMRIT LODU PROJECT\\logic-looper\\src\\components\\PuzzleBoard\\PatternMatchBoard.jsx","statementMap":{"0":{"start":{"line":3,"column":20},"end":{"line":9,"column":1}},"1":{"start":{"line":12,"column":2},"end":{"line":12,"column":26}},"2":{"start":{"line":12,"column":15},"end":{"line":12,"column":26}},"3":{"start":{"line":14,"column":38},"end":{"line":14,"column":44}},"4":{"start":{"line":16,"column":2},"end":{"line":95,"column":3}},"5":{"start":{"line":28,"column":10},"end":{"line":36,"column":23}},"6":{"start":{"line":66,"column":29},"end":{"line":66,"column":43}},"7":{"start":{"line":67,"column":28},"end":{"line":67,"column":64}},"8":{"start":{"line":68,"column":26},"end":{"line":68,"column":76}},"9":{"start":{"line":70,"column":10},"end":{"line":89,"column":11}},"10":{"start":{"line":73,"column":29},"end":{"line":73,"column":64}}},"fnMap":{"0":{"name":"PatternMatchBoard","decl":{"start":{"line":11,"column":24},"end":{"line":11,"column":41}},"loc":{"start":{"line":11,"column":91},"end":{"line":96,"column":1}},"line":11},"1":{"name":"(anonymous_1)","decl":{"start":{"line":27,"column":22},"end":{"line":27,"column":23}},"loc":{"start":{"line":28,"column":10},"end":{"line":36,"column":23}},"line":28},"2":{"name":"(anonymous_2)","decl":{"start":{"line":65,"column":21},"end":{"line":65,"column":22}},"loc":{"start":{"line":65,"column":33},"end":{"line":90,"column":9}},"line":65},"3":{"name":"(anonymous_3)","decl":{"start":{"line":73,"column":23},"end":{"line":73,"column":24}},"loc":{"start":{"line":73,"column":29},"end":{"line":73,"column":64}},"line":73}},"branchMap":{"0":{"loc":{"start":{"line":12,"column":2},"end":{"line":12,"column":26}},"type":"if","locations":[{"start":{"line":12,"column":2},"end":{"line":12,"column":26}},{"start":{},"end":{}}],"line":12},"1":{"loc":{"start":{"line":21,"column":11},"end":{"line":21,"column":50}},"type":"binary-expr","locations":[{"start":{"line":21,"column":11},"end":{"line":21,"column":28}},{"start":{"line":21,"column":32},"end":{"line":21,"column":50}}],"line":21},"2":{"loc":{"start":{"line":52,"column":12},"end":{"line":54,"column":81}},"type":"cond-expr","locations":[{"start":{"line":53,"column":16},"end":{"line":53,"column":65}},{"start":{"line":54,"column":16},"end":{"line":54,"column":81}}],"line":52},"3":{"loc":{"start":{"line":56,"column":19},"end":{"line":56,"column":64}},"type":"cond-expr","locations":[{"start":{"line":56,"column":37},"end":{"line":56,"column":59}},{"start":{"line":56,"column":62},"end":{"line":56,"column":64}}],"line":56},"4":{"loc":{"start":{"line":59,"column":11},"end":{"line":59,"column":41}},"type":"cond-expr","locations":[{"start":{"line":59,"column":29},"end":{"line":59,"column":35}},{"start":{"line":59,"column":38},"end":{"line":59,"column":41}}],"line":59},"5":{"loc":{"start":{"line":67,"column":28},"end":{"line":67,"column":64}},"type":"binary-expr","locations":[{"start":{"line":67,"column":28},"end":{"line":67,"column":39}},{"start":{"line":67,"column":43},"end":{"line":67,"column":64}}],"line":67},"6":{"loc":{"start":{"line":68,"column":26},"end":{"line":68,"column":76}},"type":"binary-expr","locations":[{"start":{"line":68,"column":26},"end":{"line":68,"column":37}},{"start":{"line":68,"column":41},"end":{"line":68,"column":51}},{"start":{"line":68,"column":55},"end":{"line":68,"column":76}}],"line":68},"7":{"loc":{"start":{"line":73,"column":29},"end":{"line":73,"column":64}},"type":"binary-expr","locations":[{"start":{"line":73,"column":29},"end":{"line":73,"column":41}},{"start":{"line":73,"column":45},"end":{"line":73,"column":64}}],"line":73},"8":{"loc":{"start":{"line":75,"column":18},"end":{"line":75,"column":87}},"type":"cond-expr","locations":[{"start":{"line":75,"column":30},"end":{"line":75,"column":82}},{"start":{"line":75,"column":85},"end":{"line":75,"column":87}}],"line":75},"9":{"loc":{"start":{"line":76,"column":18},"end":{"line":76,"column":76}},"type":"cond-expr","locations":[{"start":{"line":76,"column":28},"end":{"line":76,"column":71}},{"start":{"line":76,"column":74},"end":{"line":76,"column":76}}],"line":76},"10":{"loc":{"start":{"line":77,"column":18},"end":{"line":77,"column":101}},"type":"cond-expr","locations":[{"start":{"line":77,"column":47},"end":{"line":77,"column":96}},{"start":{"line":77,"column":99},"end":{"line":77,"column":101}}],"line":77},"11":{"loc":{"start":{"line":77,"column":18},"end":{"line":77,"column":44}},"type":"binary-expr","locations":[{"start":{"line":77,"column":18},"end":{"line":77,"column":28}},{"start":{"line":77,"column":32},"end":{"line":77,"column":44}}],"line":77},"12":{"loc":{"start":{"line":78,"column":18},"end":{"line":78,"column":137}},"type":"cond-expr","locations":[{"start":{"line":78,"column":48},"end":{"line":78,"column":132}},{"start":{"line":78,"column":135},"end":{"line":78,"column":137}}],"line":78},"13":{"loc":{"start":{"line":78,"column":18},"end":{"line":78,"column":45}},"type":"binary-expr","locations":[{"start":{"line":78,"column":18},"end":{"line":78,"column":29}},{"start":{"line":78,"column":33},"end":{"line":78,"column":45}}],"line":78},"14":{"loc":{"start":{"line":80,"column":26},"end":{"line":80,"column":61}},"type":"cond-expr","locations":[{"start":{"line":80,"column":41},"end":{"line":80,"column":56}},{"start":{"line":80,"column":59},"end":{"line":80,"column":61}}],"line":80},"15":{"loc":{"start":{"line":81,"column":24},"end":{"line":81,"column":59}},"type":"cond-expr","locations":[{"start":{"line":81,"column":39},"end":{"line":81,"column":54}},{"start":{"line":81,"column":57},"end":{"line":81,"column":59}}],"line":81}},"s":{"0":0,"1":0,"2":0,"3":0,"4":0,"5":0,"6":0,"7":0,"8":0,"9":0,"10":0},"f":{"0":0,"1":0,"2":0,"3":0},"b":{"0":[0,0],"1":[0,0],"2":[0,0],"3":[0,0],"4":[0,0],"5":[0,0],"6":[0,0,0],"7":[0,0],"8":[0,0],"9":[0,0],"10":[0,0],"11":[0,0],"12":[0,0],"13":[0,0],"14":[0,0],"15":[0,0]}}
,"C:\\Users\\LENOVO\\OneDrive - Madan Mohan Malaviya University of Technology\\Desktop\\AMRIT LODU PROJECT\\logic-looper\\src\\components\\StreakBadge\\StreakBadge.jsx": {"path":"C:\\Users\\LENOVO\\OneDrive - Madan Mohan Malaviya University of Technology\\Desktop\\AMRIT LODU PROJECT\\logic-looper\\src\\components\\StreakBadge\\StreakBadge.jsx","statementMap":{"0":{"start":{"line":5,"column":35},"end":{"line":5,"column":63}},"1":{"start":{"line":5,"column":54},"end":{"line":5,"column":62}},"2":{"start":{"line":7,"column":2},"end":{"line":37,"column":3}}},"fnMap":{"0":{"name":"StreakBadge","decl":{"start":{"line":4,"column":24},"end":{"line":4,"column":35}},"loc":{"start":{"line":4,"column":38},"end":{"line":38,"column":1}},"line":4},"1":{"name":"(anonymous_1)","decl":{"start":{"line":5,"column":47},"end":{"line":5,"column":48}},"loc":{"start":{"line":5,"column":54},"end":{"line":5,"column":62}},"line":5}},"branchMap":{"0":{"loc":{"start":{"line":21,"column":21},"end":{"line":21,"column":61}},"type":"cond-expr","locations":[{"start":{"line":21,"column":33},"end":{"line":21,"column":56}},{"start":{"line":21,"column":59},"end":{"line":21,"column":61}}],"line":21},"1":{"loc":{"start":{"line":31,"column":7},"end":{"line":35,"column":7}},"type":"binary-expr","locations":[{"start":{"line":31,"column":7},"end":{"line":31,"column":24}},{"start":{"line":31,"column":28},"end":{"line":31,"column":49}},{"start":{"line":32,"column":8},"end":{"line":34,"column":14}}],"line":31}},"s":{"0":0,"1":0,"2":0},"f":{"0":0,"1":0},"b":{"0":[0,0],"1":[0,0,0]}}
,"C:\\Users\\LENOVO\\OneDrive - Madan Mohan Malaviya University of Technology\\Desktop\\AMRIT LODU PROJECT\\logic-looper\\src\\components\\Timer\\Timer.jsx": {"path":"C:\\Users\\LENOVO\\OneDrive - Madan Mohan Malaviya University of Technology\\Desktop\\AMRIT LODU PROJECT\\logic-looper\\src\\components\\Timer\\Timer.jsx","statementMap":{"0":{"start":{"line":6,"column":49},"end":{"line":6,"column":59}},"1":{"start":{"line":8,"column":2},"end":{"line":24,"column":3}}},"fnMap":{"0":{"name":"Timer","decl":{"start":{"line":5,"column":24},"end":{"line":5,"column":29}},"loc":{"start":{"line":5,"column":32},"end":{"line":25,"column":1}},"line":5}},"branchMap":{"0":{"loc":{"start":{"line":11,"column":15},"end":{"line":11,"column":121}},"type":"cond-expr","locations":[{"start":{"line":11,"column":30},"end":{"line":11,"column":116}},{"start":{"line":11,"column":119},"end":{"line":11,"column":121}}],"line":11},"1":{"loc":{"start":{"line":16,"column":7},"end":{"line":22,"column":7}},"type":"binary-expr","locations":[{"start":{"line":16,"column":7},"end":{"line":16,"column":19}},{"start":{"line":17,"column":8},"end":{"line":21,"column":10}}],"line":16}},"s":{"0":0,"1":0},"f":{"0":0},"b":{"0":[0,0],"1":[0,0]}}
,"C:\\Users\\LENOVO\\OneDrive - Madan Mohan Malaviya University of Technology\\Desktop\\AMRIT LODU PROJECT\\logic-looper\\src\\db\\idb.js": {"path":"C:\\Users\\LENOVO\\OneDrive - Madan Mohan Malaviya University of Technology\\Desktop\\AMRIT LODU PROJECT\\logic-looper\\src\\db\\idb.js","statementMap":{"0":{"start":{"line":4,"column":16},"end":{"line":4,"column":33}},"1":{"start":{"line":5,"column":19},"end":{"line":5,"column":20}},"2":{"start":{"line":7,"column":16},"end":{"line":7,"column":20}},"3":{"start":{"line":10,"column":2},"end":{"line":28,"column":3}},"4":{"start":{"line":11,"column":4},"end":{"line":27,"column":6}},"5":{"start":{"line":14,"column":8},"end":{"line":17,"column":9}},"6":{"start":{"line":15,"column":32},"end":{"line":15,"column":90}},"7":{"start":{"line":16,"column":10},"end":{"line":16,"column":55}},"8":{"start":{"line":19,"column":8},"end":{"line":21,"column":9}},"9":{"start":{"line":20,"column":10},"end":{"line":20,"column":69}},"10":{"start":{"line":23,"column":8},"end":{"line":25,"column":9}},"11":{"start":{"line":24,"column":10},"end":{"line":24,"column":65}},"12":{"start":{"line":29,"column":2},"end":{"line":29,"column":18}},"13":{"start":{"line":45,"column":13},"end":{"line":45,"column":26}},"14":{"start":{"line":46,"column":2},"end":{"line":46,"column":42}},"15":{"start":{"line":50,"column":13},"end":{"line":50,"column":26}},"16":{"start":{"line":51,"column":2},"end":{"line":51,"column":41}},"17":{"start":{"line":55,"column":13},"end":{"line":55,"column":26}},"18":{"start":{"line":56,"column":2},"end":{"line":56,"column":35}},"19":{"start":{"line":60,"column":13},"end":{"line":60,"column":26}},"20":{"start":{"line":61,"column":16},"end":{"line":61,"column":77}},"21":{"start":{"line":62,"column":2},"end":{"line":62,"column":28}},"22":{"start":{"line":66,"column":13},"end":{"line":66,"column":26}},"23":{"start":{"line":67,"column":19},"end":{"line":67,"column":57}},"24":{"start":{"line":68,"column":2},"end":{"line":70,"column":3}},"25":{"start":{"line":69,"column":4},"end":{"line":69,"column":64}},"26":{"start":{"line":79,"column":13},"end":{"line":79,"column":26}},"27":{"start":{"line":80,"column":21},"end":{"line":80,"column":64}},"28":{"start":{"line":81,"column":2},"end":{"line":81,"column":93}},"29":{"start":{"line":88,"column":13},"end":{"line":88,"column":26}},"30":{"start":{"line":89,"column":17},"end":{"line":89,"column":56}},"31":{"start":{"line":90,"column":2},"end":{"line":90,"column":26}},"32":{"start":{"line":90,"column":15},"end":{"line":90,"column":26}},"33":{"start":{"line":91,"column":2},"end":{"line":95,"column":3}},"34":{"start":{"line":92,"column":4},"end":{"line":92,"column":55}},"35":{"start":{"line":94,"column":4},"end":{"line":94,"column":15}},"36":{"start":{"line":99,"column":13},"end":{"line":99,"column":26}},"37":{"start":{"line":100,"column":2},"end":{"line":100,"column":45}},"38":{"start":{"line":106,"column":13},"end":{"line":106,"column":26}},"39":{"start":{"line":107,"column":2},"end":{"line":107,"column":44}},"40":{"start":{"line":111,"column":13},"end":{"line":111,"column":26}},"41":{"start":{"line":112,"column":2},"end":{"line":112,"column":34}}},"fnMap":{"0":{"name":"getDB","decl":{"start":{"line":9,"column":9},"end":{"line":9,"column":14}},"loc":{"start":{"line":9,"column":17},"end":{"line":30,"column":1}},"line":9},"1":{"name":"(anonymous_1)","decl":{"start":{"line":12,"column":6},"end":{"line":12,"column":7}},"loc":{"start":{"line":12,"column":18},"end":{"line":26,"column":7}},"line":12},"2":{"name":"saveDailyActivity","decl":{"start":{"line":44,"column":22},"end":{"line":44,"column":39}},"loc":{"start":{"line":44,"column":50},"end":{"line":47,"column":1}},"line":44},"3":{"name":"getDailyActivity","decl":{"start":{"line":49,"column":22},"end":{"line":49,"column":38}},"loc":{"start":{"line":49,"column":48},"end":{"line":52,"column":1}},"line":49},"4":{"name":"getAllActivity","decl":{"start":{"line":54,"column":22},"end":{"line":54,"column":36}},"loc":{"start":{"line":54,"column":39},"end":{"line":57,"column":1}},"line":54},"5":{"name":"getUnsynced","decl":{"start":{"line":59,"column":22},"end":{"line":59,"column":33}},"loc":{"start":{"line":59,"column":36},"end":{"line":63,"column":1}},"line":59},"6":{"name":"markSynced","decl":{"start":{"line":65,"column":22},"end":{"line":65,"column":32}},"loc":{"start":{"line":65,"column":42},"end":{"line":71,"column":1}},"line":65},"7":{"name":"savePuzzleProgress","decl":{"start":{"line":78,"column":22},"end":{"line":78,"column":40}},"loc":{"start":{"line":78,"column":60},"end":{"line":82,"column":1}},"line":78},"8":{"name":"loadPuzzleProgress","decl":{"start":{"line":87,"column":22},"end":{"line":87,"column":40}},"loc":{"start":{"line":87,"column":50},"end":{"line":96,"column":1}},"line":87},"9":{"name":"clearPuzzleProgress","decl":{"start":{"line":98,"column":22},"end":{"line":98,"column":41}},"loc":{"start":{"line":98,"column":51},"end":{"line":101,"column":1}},"line":98},"10":{"name":"saveAchievement","decl":{"start":{"line":105,"column":22},"end":{"line":105,"column":37}},"loc":{"start":{"line":105,"column":51},"end":{"line":108,"column":1}},"line":105},"11":{"name":"getAchievements","decl":{"start":{"line":110,"column":22},"end":{"line":110,"column":37}},"loc":{"start":{"line":110,"column":40},"end":{"line":113,"column":1}},"line":110}},"branchMap":{"0":{"loc":{"start":{"line":10,"column":2},"end":{"line":28,"column":3}},"type":"if","locations":[{"start":{"line":10,"column":2},"end":{"line":28,"column":3}},{"start":{},"end":{}}],"line":10},"1":{"loc":{"start":{"line":14,"column":8},"end":{"line":17,"column":9}},"type":"if","locations":[{"start":{"line":14,"column":8},"end":{"line":17,"column":9}},{"start":{},"end":{}}],"line":14},"2":{"loc":{"start":{"line":19,"column":8},"end":{"line":21,"column":9}},"type":"if","locations":[{"start":{"line":19,"column":8},"end":{"line":21,"column":9}},{"start":{},"end":{}}],"line":19},"3":{"loc":{"start":{"line":23,"column":8},"end":{"line":25,"column":9}},"type":"if","locations":[{"start":{"line":23,"column":8},"end":{"line":25,"column":9}},{"start":{},"end":{}}],"line":23},"4":{"loc":{"start":{"line":68,"column":2},"end":{"line":70,"column":3}},"type":"if","locations":[{"start":{"line":68,"column":2},"end":{"line":70,"column":3}},{"start":{},"end":{}}],"line":68},"5":{"loc":{"start":{"line":90,"column":2},"end":{"line":90,"column":26}},"type":"if","locations":[{"start":{"line":90,"column":2},"end":{"line":90,"column":26}},{"start":{},"end":{}}],"line":90}},"s":{"0":0,"1":0,"2":0,"3":0,"4":0,"5":0,"6":0,"7":0,"8":0,"9":0,"10":0,"11":0,"12":0,"13":0,"14":0,"15":0,"16":0,"17":0,"18":0,"19":0,"20":0,"21":0,"22":0,"23":0,"24":0,"25":0,"26":0,"27":0,"28":0,"29":0,"30":0,"31":0,"32":0,"33":0,"34":0,"35":0,"36":0,"37":0,"38":0,"39":0,"40":0,"41":0},"f":{"0":0,"1":0,"2":0,"3":0,"4":0,"5":0,"6":0,"7":0,"8":0,"9":0,"10":0,"11":0},"b":{"0":[0,0],"1":[0,0],"2":[0,0],"3":[0,0],"4":[0,0],"5":[0,0]}}
,"C:\\Users\\LENOVO\\OneDrive - Madan Mohan Malaviya University of Technology\\Desktop\\AMRIT LODU PROJECT\\logic-looper\\src\\engine\\hintEngine.js": {"path":"C:\\Users\\LENOVO\\OneDrive - Madan Mohan Malaviya University of Technology\\Desktop\\AMRIT LODU PROJECT\\logic-looper\\src\\engine\\hintEngine.js","statementMap":{"0":{"start":{"line":1,"column":25},"end":{"line":1,"column":26}},"1":{"start":{"line":9,"column":2},"end":{"line":15,"column":3}},"2":{"start":{"line":10,"column":16},"end":{"line":10,"column":34}},"3":{"start":{"line":11,"column":17},"end":{"line":11,"column":63}},"4":{"start":{"line":12,"column":4},"end":{"line":12,"column":47}},"5":{"start":{"line":14,"column":4},"end":{"line":14,"column":27}},"6":{"start":{"line":24,"column":2},"end":{"line":32,"column":3}},"7":{"start":{"line":25,"column":16},"end":{"line":25,"column":34}},"8":{"start":{"line":26,"column":17},"end":{"line":26,"column":63}},"9":{"start":{"line":27,"column":4},"end":{"line":27,"column":46}},"10":{"start":{"line":27,"column":34},"end":{"line":27,"column":46}},"11":{"start":{"line":28,"column":4},"end":{"line":28,"column":47}},"12":{"start":{"line":29,"column":4},"end":{"line":29,"column":15}},"13":{"start":{"line":31,"column":4},"end":{"line":31,"column":16}},"14":{"start":{"line":41,"column":2},"end":{"line":45,"column":3}},"15":{"start":{"line":42,"column":4},"end":{"line":42,"column":72}},"16":{"start":{"line":44,"column":4},"end":{"line":44,"column":12}}},"fnMap":{"0":{"name":"getRemainingHints","decl":{"start":{"line":8,"column":16},"end":{"line":8,"column":33}},"loc":{"start":{"line":8,"column":43},"end":{"line":16,"column":1}},"line":8},"1":{"name":"useHint","decl":{"start":{"line":23,"column":16},"end":{"line":23,"column":23}},"loc":{"start":{"line":23,"column":33},"end":{"line":33,"column":1}},"line":23},"2":{"name":"getHintsUsed","decl":{"start":{"line":40,"column":16},"end":{"line":40,"column":28}},"loc":{"start":{"line":40,"column":38},"end":{"line":46,"column":1}},"line":40}},"branchMap":{"0":{"loc":{"start":{"line":11,"column":26},"end":{"line":11,"column":58}},"type":"binary-expr","locations":[{"start":{"line":11,"column":26},"end":{"line":11,"column":51}},{"start":{"line":11,"column":55},"end":{"line":11,"column":58}}],"line":11},"1":{"loc":{"start":{"line":26,"column":26},"end":{"line":26,"column":58}},"type":"binary-expr","locations":[{"start":{"line":26,"column":26},"end":{"line":26,"column":51}},{"start":{"line":26,"column":55},"end":{"line":26,"column":58}}],"line":26},"2":{"loc":{"start":{"line":27,"column":4},"end":{"line":27,"column":46}},"type":"if","locations":[{"start":{"line":27,"column":4},"end":{"line":27,"column":46}},{"start":{},"end":{}}],"line":27},"3":{"loc":{"start":{"line":42,"column":20},"end":{"line":42,"column":67}},"type":"binary-expr","locations":[{"start":{"line":42,"column":20},"end":{"line":42,"column":60}},{"start":{"line":42,"column":64},"end":{"line":42,"column":67}}],"line":42}},"s":{"0":0,"1":0,"2":0,"3":0,"4":0,"5":0,"6":0,"7":0,"8":0,"9":0,"10":0,"11":0,"12":0,"13":0,"14":0,"15":0,"16":0},"f":{"0":0,"1":0,"2":0},"b":{"0":[0,0],"1":[0,0],"2":[0,0],"3":[0,0]}}
,"C:\\Users\\LENOVO\\OneDrive - Madan Mohan Malaviya University of Technology\\Desktop\\AMRIT LODU PROJECT\\logic-looper\\src\\engine\\numberMatrix.js": {"path":"C:\\Users\\LENOVO\\OneDrive - Madan Mohan Malaviya University of Technology\\Desktop\\AMRIT LODU PROJECT\\logic-looper\\src\\engine\\numberMatrix.js","statementMap":{"0":{"start":{"line":12,"column":14},"end":{"line":12,"column":29}},"1":{"start":{"line":15,"column":15},"end":{"line":20,"column":3}},"2":{"start":{"line":23,"column":22},"end":{"line":28,"column":3}},"3":{"start":{"line":24,"column":4},"end":{"line":27,"column":5}},"4":{"start":{"line":24,"column":17},"end":{"line":24,"column":32}},"5":{"start":{"line":25,"column":16},"end":{"line":25,"column":43}},"6":{"start":{"line":26,"column":7},"end":{"line":26,"column":46}},"7":{"start":{"line":31,"column":15},"end":{"line":31,"column":27}},"8":{"start":{"line":32,"column":2},"end":{"line":35,"column":3}},"9":{"start":{"line":32,"column":15},"end":{"line":32,"column":30}},"10":{"start":{"line":33,"column":14},"end":{"line":33,"column":41}},"11":{"start":{"line":34,"column":5},"end":{"line":34,"column":44}},"12":{"start":{"line":38,"column":19},"end":{"line":38,"column":31}},"13":{"start":{"line":39,"column":2},"end":{"line":39,"column":28}},"14":{"start":{"line":41,"column":19},"end":{"line":41,"column":75}},"15":{"start":{"line":41,"column":37},"end":{"line":41,"column":74}},"16":{"start":{"line":41,"column":53},"end":{"line":41,"column":73}},"17":{"start":{"line":44,"column":16},"end":{"line":44,"column":69}},"18":{"start":{"line":44,"column":48},"end":{"line":44,"column":68}},"19":{"start":{"line":45,"column":20},"end":{"line":45,"column":22}},"20":{"start":{"line":46,"column":2},"end":{"line":46,"column":80}},"21":{"start":{"line":46,"column":15},"end":{"line":46,"column":16}},"22":{"start":{"line":46,"column":30},"end":{"line":46,"column":80}},"23":{"start":{"line":46,"column":43},"end":{"line":46,"column":44}},"24":{"start":{"line":46,"column":58},"end":{"line":46,"column":80}},"25":{"start":{"line":48,"column":2},"end":{"line":51,"column":3}},"26":{"start":{"line":48,"column":15},"end":{"line":48,"column":35}},"27":{"start":{"line":49,"column":14},"end":{"line":49,"column":41}},"28":{"start":{"line":50,"column":5},"end":{"line":50,"column":64}},"29":{"start":{"line":53,"column":2},"end":{"line":53,"column":65}},"30":{"start":{"line":53,"column":45},"end":{"line":53,"column":63}},"31":{"start":{"line":56,"column":15},"end":{"line":56,"column":81}},"32":{"start":{"line":56,"column":40},"end":{"line":56,"column":80}},"33":{"start":{"line":56,"column":59},"end":{"line":56,"column":78}},"34":{"start":{"line":58,"column":2},"end":{"line":58,"column":34}},"35":{"start":{"line":70,"column":2},"end":{"line":70,"column":50}},"36":{"start":{"line":70,"column":38},"end":{"line":70,"column":50}},"37":{"start":{"line":71,"column":2},"end":{"line":75,"column":3}},"38":{"start":{"line":71,"column":15},"end":{"line":71,"column":16}},"39":{"start":{"line":72,"column":4},"end":{"line":74,"column":5}},"40":{"start":{"line":72,"column":17},"end":{"line":72,"column":18}},"41":{"start":{"line":73,"column":6},"end":{"line":73,"column":55}},"42":{"start":{"line":73,"column":43},"end":{"line":73,"column":55}},"43":{"start":{"line":76,"column":2},"end":{"line":76,"column":13}},"44":{"start":{"line":84,"column":20},"end":{"line":84,"column":73}},"45":{"start":{"line":84,"column":52},"end":{"line":84,"column":72}},"46":{"start":{"line":86,"column":23},"end":{"line":98,"column":3}},"47":{"start":{"line":87,"column":17},"end":{"line":87,"column":19}},"48":{"start":{"line":88,"column":4},"end":{"line":97,"column":6}},"49":{"start":{"line":89,"column":16},"end":{"line":89,"column":26}},"50":{"start":{"line":90,"column":6},"end":{"line":90,"column":25}},"51":{"start":{"line":90,"column":19},"end":{"line":90,"column":25}},"52":{"start":{"line":91,"column":6},"end":{"line":96,"column":7}},"53":{"start":{"line":92,"column":8},"end":{"line":92,"column":30}},"54":{"start":{"line":93,"column":8},"end":{"line":93,"column":48}},"55":{"start":{"line":95,"column":8},"end":{"line":95,"column":24}},"56":{"start":{"line":101,"column":2},"end":{"line":101,"column":75}},"57":{"start":{"line":101,"column":15},"end":{"line":101,"column":16}},"58":{"start":{"line":101,"column":30},"end":{"line":101,"column":75}},"59":{"start":{"line":101,"column":67},"end":{"line":101,"column":73}},"60":{"start":{"line":103,"column":2},"end":{"line":103,"column":75}},"61":{"start":{"line":103,"column":15},"end":{"line":103,"column":16}},"62":{"start":{"line":103,"column":30},"end":{"line":103,"column":75}},"63":{"start":{"line":103,"column":67},"end":{"line":103,"column":73}},"64":{"start":{"line":105,"column":2},"end":{"line":111,"column":5}},"65":{"start":{"line":105,"column":16},"end":{"line":105,"column":17}},"66":{"start":{"line":106,"column":4},"end":{"line":111,"column":5}},"67":{"start":{"line":106,"column":18},"end":{"line":106,"column":19}},"68":{"start":{"line":107,"column":20},"end":{"line":107,"column":22}},"69":{"start":{"line":108,"column":6},"end":{"line":109,"column":68}},"70":{"start":{"line":108,"column":19},"end":{"line":108,"column":25}},"71":{"start":{"line":109,"column":8},"end":{"line":109,"column":68}},"72":{"start":{"line":109,"column":21},"end":{"line":109,"column":27}},"73":{"start":{"line":109,"column":50},"end":{"line":109,"column":68}},"74":{"start":{"line":110,"column":6},"end":{"line":110,"column":25}},"75":{"start":{"line":113,"column":2},"end":{"line":113,"column":18}}},"fnMap":{"0":{"name":"generateNumberMatrix","decl":{"start":{"line":11,"column":16},"end":{"line":11,"column":36}},"loc":{"start":{"line":11,"column":43},"end":{"line":59,"column":1}},"line":11},"1":{"name":"(anonymous_1)","decl":{"start":{"line":23,"column":22},"end":{"line":23,"column":23}},"loc":{"start":{"line":23,"column":37},"end":{"line":28,"column":3}},"line":23},"2":{"name":"(anonymous_2)","decl":{"start":{"line":41,"column":28},"end":{"line":41,"column":29}},"loc":{"start":{"line":41,"column":37},"end":{"line":41,"column":74}},"line":41},"3":{"name":"(anonymous_3)","decl":{"start":{"line":41,"column":46},"end":{"line":41,"column":47}},"loc":{"start":{"line":41,"column":53},"end":{"line":41,"column":73}},"line":41},"4":{"name":"(anonymous_4)","decl":{"start":{"line":44,"column":42},"end":{"line":44,"column":43}},"loc":{"start":{"line":44,"column":48},"end":{"line":44,"column":68}},"line":44},"5":{"name":"(anonymous_5)","decl":{"start":{"line":53,"column":32},"end":{"line":53,"column":33}},"loc":{"start":{"line":53,"column":45},"end":{"line":53,"column":63}},"line":53},"6":{"name":"(anonymous_6)","decl":{"start":{"line":56,"column":28},"end":{"line":56,"column":29}},"loc":{"start":{"line":56,"column":40},"end":{"line":56,"column":80}},"line":56},"7":{"name":"(anonymous_7)","decl":{"start":{"line":56,"column":48},"end":{"line":56,"column":49}},"loc":{"start":{"line":56,"column":59},"end":{"line":56,"column":78}},"line":56},"8":{"name":"validateNumberMatrix","decl":{"start":{"line":69,"column":16},"end":{"line":69,"column":36}},"loc":{"start":{"line":69,"column":55},"end":{"line":77,"column":1}},"line":69},"9":{"name":"getConflicts","decl":{"start":{"line":83,"column":16},"end":{"line":83,"column":28}},"loc":{"start":{"line":83,"column":35},"end":{"line":114,"column":1}},"line":83},"10":{"name":"(anonymous_10)","decl":{"start":{"line":84,"column":46},"end":{"line":84,"column":47}},"loc":{"start":{"line":84,"column":52},"end":{"line":84,"column":72}},"line":84},"11":{"name":"(anonymous_11)","decl":{"start":{"line":86,"column":23},"end":{"line":86,"column":24}},"loc":{"start":{"line":86,"column":34},"end":{"line":98,"column":3}},"line":86},"12":{"name":"(anonymous_12)","decl":{"start":{"line":88,"column":18},"end":{"line":88,"column":19}},"loc":{"start":{"line":88,"column":30},"end":{"line":97,"column":5}},"line":88},"13":{"name":"(anonymous_13)","decl":{"start":{"line":101,"column":60},"end":{"line":101,"column":61}},"loc":{"start":{"line":101,"column":67},"end":{"line":101,"column":73}},"line":101},"14":{"name":"(anonymous_14)","decl":{"start":{"line":103,"column":60},"end":{"line":103,"column":61}},"loc":{"start":{"line":103,"column":67},"end":{"line":103,"column":73}},"line":103}},"branchMap":{"0":{"loc":{"start":{"line":56,"column":59},"end":{"line":56,"column":78}},"type":"cond-expr","locations":[{"start":{"line":56,"column":73},"end":{"line":56,"column":74}},{"start":{"line":56,"column":77},"end":{"line":56,"column":78}}],"line":56},"1":{"loc":{"start":{"line":70,"column":2},"end":{"line":70,"column":50}},"type":"if","locations":[{"start":{"line":70,"column":2},"end":{"line":70,"column":50}},{"start":{},"end":{}}],"line":70},"2":{"loc":{"start":{"line":70,"column":6},"end":{"line":70,"column":36}},"type":"binary-expr","locations":[{"start":{"line":70,"column":6},"end":{"line":70,"column":13}},{"start":{"line":70,"column":17},"end":{"line":70,"column":36}}],"line":70},"3":{"loc":{"start":{"line":73,"column":6},"end":{"line":73,"column":55}},"type":"if","locations":[{"start":{"line":73,"column":6},"end":{"line":73,"column":55}},{"start":{},"end":{}}],"line":73},"4":{"loc":{"start":{"line":90,"column":6},"end":{"line":90,"column":25}},"type":"if","locations":[{"start":{"line":90,"column":6},"end":{"line":90,"column":25}},{"start":{},"end":{}}],"line":90},"5":{"loc":{"start":{"line":91,"column":6},"end":{"line":96,"column":7}},"type":"if","locations":[{"start":{"line":91,"column":6},"end":{"line":96,"column":7}},{"start":{"line":94,"column":13},"end":{"line":96,"column":7}}],"line":91}},"s":{"0":0,"1":0,"2":0,"3":0,"4":0,"5":0,"6":0,"7":0,"8":0,"9":0,"10":0,"11":0,"12":0,"13":0,"14":0,"15":0,"16":0,"17":0,"18":0,"19":0,"20":0,"21":0,"22":0,"23":0,"24":0,"25":0,"26":0,"27":0,"28":0,"29":0,"30":0,"31":0,"32":0,"33":0,"34":0,"35":0,"36":0,"37":0,"38":0,"39":0,"40":0,"41":0,"42":0,"43":0,"44":0,"45":0,"46":0,"47":0,"48":0,"49":0,"50":0,"51":0,"52":0,"53":0,"54":0,"55":0,"56":0,"57":0,"58":0,"59":0,"60":0,"61":0,"62":0,"63":0,"64":0,"65":0,"66":0,"67":0,"68":0,"69":0,"70":0,"71":0,"72":0,"73":0,"74":0,"75":0},"f":{"0":0,"1":0,"2":0,"3":0,"4":0,"5":0,"6":0,"7":0,"8":0,"9":0,"10":0,"11":0,"12":0,"13":0,"14":0},"b":{"0":[0,0],"1":[0,0],"2":[0,0],"3":[0,0],"4":[0,0],"5":[0,0]}}
,"C:\\Users\\LENOVO\\OneDrive - Madan Mohan Malaviya University of Technology\\Desktop\\AMRIT LODU PROJECT\\logic-looper\\src\\engine\\patternMatch.js": {"path":"C:\\Users\\LENOVO\\OneDrive - Madan Mohan Malaviya University of Technology\\Desktop\\AMRIT LODU PROJECT\\logic-looper\\src\\engine\\patternMatch.js","statementMap":{"0":{"start":{"line":3,"column":26},"end":{"line":58,"column":1}},"1":{"start":{"line":8,"column":20},"end":{"line":8,"column":46}},"2":{"start":{"line":9,"column":19},"end":{"line":9,"column":44}},"3":{"start":{"line":10,"column":18},"end":{"line":10,"column":71}},"4":{"start":{"line":10,"column":54},"end":{"line":10,"column":70}},"5":{"start":{"line":11,"column":6},"end":{"line":11,"column":69}},"6":{"start":{"line":18,"column":20},"end":{"line":18,"column":45}},"7":{"start":{"line":19,"column":20},"end":{"line":19,"column":45}},"8":{"start":{"line":20,"column":18},"end":{"line":20,"column":81}},"9":{"start":{"line":20,"column":54},"end":{"line":20,"column":80}},"10":{"start":{"line":21,"column":6},"end":{"line":21,"column":69}},"11":{"start":{"line":28,"column":16},"end":{"line":28,"column":41}},"12":{"start":{"line":29,"column":16},"end":{"line":29,"column":41}},"13":{"start":{"line":30,"column":18},"end":{"line":30,"column":24}},"14":{"start":{"line":31,"column":6},"end":{"line":31,"column":67}},"15":{"start":{"line":31,"column":19},"end":{"line":31,"column":20}},"16":{"start":{"line":31,"column":34},"end":{"line":31,"column":67}},"17":{"start":{"line":32,"column":6},"end":{"line":32,"column":69}},"18":{"start":{"line":39,"column":21},"end":{"line":39,"column":43}},"19":{"start":{"line":40,"column":18},"end":{"line":40,"column":81}},"20":{"start":{"line":40,"column":54},"end":{"line":40,"column":80}},"21":{"start":{"line":41,"column":6},"end":{"line":41,"column":69}},"22":{"start":{"line":48,"column":20},"end":{"line":48,"column":47}},"23":{"start":{"line":49,"column":18},"end":{"line":49,"column":43}},"24":{"start":{"line":50,"column":18},"end":{"line":50,"column":43}},"25":{"start":{"line":51,"column":18},"end":{"line":51,"column":25}},"26":{"start":{"line":52,"column":6},"end":{"line":54,"column":7}},"27":{"start":{"line":52,"column":19},"end":{"line":52,"column":20}},"28":{"start":{"line":53,"column":8},"end":{"line":53,"column":67}},"29":{"start":{"line":55,"column":6},"end":{"line":55,"column":69}},"30":{"start":{"line":66,"column":14},"end":{"line":66,"column":29}},"31":{"start":{"line":67,"column":22},"end":{"line":67,"column":66}},"32":{"start":{"line":68,"column":19},"end":{"line":68,"column":49}},"33":{"start":{"line":69,"column":37},"end":{"line":69,"column":59}},"34":{"start":{"line":72,"column":18},"end":{"line":72,"column":35}},"35":{"start":{"line":73,"column":2},"end":{"line":77,"column":3}},"36":{"start":{"line":74,"column":18},"end":{"line":74,"column":45}},"37":{"start":{"line":75,"column":18},"end":{"line":75,"column":32}},"38":{"start":{"line":76,"column":4},"end":{"line":76,"column":57}},"39":{"start":{"line":76,"column":39},"end":{"line":76,"column":57}},"40":{"start":{"line":80,"column":19},"end":{"line":80,"column":31}},"41":{"start":{"line":81,"column":2},"end":{"line":84,"column":3}},"42":{"start":{"line":81,"column":15},"end":{"line":81,"column":34}},"43":{"start":{"line":82,"column":14},"end":{"line":82,"column":41}},"44":{"start":{"line":83,"column":5},"end":{"line":83,"column":60}},"45":{"start":{"line":86,"column":2},"end":{"line":86,"column":54}},"46":{"start":{"line":96,"column":2},"end":{"line":96,"column":53}}},"fnMap":{"0":{"name":"(anonymous_0)","decl":{"start":{"line":7,"column":14},"end":{"line":7,"column":15}},"loc":{"start":{"line":7,"column":23},"end":{"line":12,"column":5}},"line":7},"1":{"name":"(anonymous_1)","decl":{"start":{"line":10,"column":44},"end":{"line":10,"column":45}},"loc":{"start":{"line":10,"column":54},"end":{"line":10,"column":70}},"line":10},"2":{"name":"(anonymous_2)","decl":{"start":{"line":17,"column":14},"end":{"line":17,"column":15}},"loc":{"start":{"line":17,"column":23},"end":{"line":22,"column":5}},"line":17},"3":{"name":"(anonymous_3)","decl":{"start":{"line":20,"column":44},"end":{"line":20,"column":45}},"loc":{"start":{"line":20,"column":54},"end":{"line":20,"column":80}},"line":20},"4":{"name":"(anonymous_4)","decl":{"start":{"line":27,"column":14},"end":{"line":27,"column":15}},"loc":{"start":{"line":27,"column":23},"end":{"line":33,"column":5}},"line":27},"5":{"name":"(anonymous_5)","decl":{"start":{"line":38,"column":14},"end":{"line":38,"column":15}},"loc":{"start":{"line":38,"column":23},"end":{"line":42,"column":5}},"line":38},"6":{"name":"(anonymous_6)","decl":{"start":{"line":40,"column":44},"end":{"line":40,"column":45}},"loc":{"start":{"line":40,"column":54},"end":{"line":40,"column":80}},"line":40},"7":{"name":"(anonymous_7)","decl":{"start":{"line":47,"column":14},"end":{"line":47,"column":15}},"loc":{"start":{"line":47,"column":23},"end":{"line":56,"column":5}},"line":47},"8":{"name":"generatePatternMatch","decl":{"start":{"line":65,"column":16},"end":{"line":65,"column":36}},"loc":{"start":{"line":65,"column":43},"end":{"line":87,"column":1}},"line":65},"9":{"name":"validatePatternMatch","decl":{"start":{"line":95,"column":16},"end":{"line":95,"column":36}},"loc":{"start":{"line":95,"column":64},"end":{"line":97,"column":1}},"line":95}},"branchMap":{"0":{"loc":{"start":{"line":53,"column":17},"end":{"line":53,"column":66}},"type":"cond-expr","locations":[{"start":{"line":53,"column":31},"end":{"line":53,"column":47}},{"start":{"line":53,"column":50},"end":{"line":53,"column":66}}],"line":53},"1":{"loc":{"start":{"line":76,"column":4},"end":{"line":76,"column":57}},"type":"if","locations":[{"start":{"line":76,"column":4},"end":{"line":76,"column":57}},{"start":{},"end":{}}],"line":76},"2":{"loc":{"start":{"line":76,"column":8},"end":{"line":76,"column":37}},"type":"binary-expr","locations":[{"start":{"line":76,"column":8},"end":{"line":76,"column":24}},{"start":{"line":76,"column":28},"end":{"line":76,"column":37}}],"line":76}},"s":{"0":0,"1":0,"2":0,"3":0,"4":0,"5":0,"6":0,"7":0,"8":0,"9":0,"10":0,"11":0,"12":0,"13":0,"14":0,"15":0,"16":0,"17":0,"18":0,"19":0,"20":0,"21":0,"22":0,"23":0,"24":0,"25":0,"26":0,"27":0,"28":0,"29":0,"30":0,"31":0,"32":0,"33":0,"34":0,"35":0,"36":0,"37":0,"38":0,"39":0,"40":0,"41":0,"42":0,"43":0,"44":0,"45":0,"46":0},"f":{"0":0,"1":0,"2":0,"3":0,"4":0,"5":0,"6":0,"7":0,"8":0,"9":0},"b":{"0":[0,0],"1":[0,0],"2":[0,0]}}
,"C:\\Users\\LENOVO\\OneDrive - Madan Mohan Malaviya University of Technology\\Desktop\\AMRIT LODU PROJECT\\logic-looper\\src\\engine\\scoreEngine.js": {"path":"C:\\Users\\LENOVO\\OneDrive - Madan Mohan Malaviya University of Technology\\Desktop\\AMRIT LODU PROJECT\\logic-looper\\src\\engine\\scoreEngine.js","statementMap":{"0":{"start":{"line":9,"column":21},"end":{"line":9,"column":25}},"1":{"start":{"line":10,"column":23},"end":{"line":10,"column":26}},"2":{"start":{"line":11,"column":20},"end":{"line":11,"column":23}},"3":{"start":{"line":14,"column":25},"end":{"line":14,"column":64}},"4":{"start":{"line":17,"column":26},"end":{"line":17,"column":53}},"5":{"start":{"line":19,"column":14},"end":{"line":19,"column":86}},"6":{"start":{"line":20,"column":2},"end":{"line":20,"column":45}},"7":{"start":{"line":29,"column":2},"end":{"line":29,"column":37}},"8":{"start":{"line":29,"column":29},"end":{"line":29,"column":37}},"9":{"start":{"line":30,"column":2},"end":{"line":30,"column":27}},"10":{"start":{"line":30,"column":19},"end":{"line":30,"column":27}},"11":{"start":{"line":31,"column":2},"end":{"line":31,"column":27}},"12":{"start":{"line":31,"column":19},"end":{"line":31,"column":27}},"13":{"start":{"line":32,"column":2},"end":{"line":32,"column":27}},"14":{"start":{"line":32,"column":19},"end":{"line":32,"column":27}},"15":{"start":{"line":33,"column":2},"end":{"line":33,"column":10}}},"fnMap":{"0":{"name":"calcScore","decl":{"start":{"line":8,"column":16},"end":{"line":8,"column":25}},"loc":{"start":{"line":8,"column":62},"end":{"line":21,"column":1}},"line":8},"1":{"name":"scoreToIntensity","decl":{"start":{"line":28,"column":16},"end":{"line":28,"column":32}},"loc":{"start":{"line":28,"column":40},"end":{"line":34,"column":1}},"line":28}},"branchMap":{"0":{"loc":{"start":{"line":8,"column":46},"end":{"line":8,"column":60}},"type":"default-arg","locations":[{"start":{"line":8,"column":59},"end":{"line":8,"column":60}}],"line":8},"1":{"loc":{"start":{"line":29,"column":2},"end":{"line":29,"column":37}},"type":"if","locations":[{"start":{"line":29,"column":2},"end":{"line":29,"column":37}},{"start":{},"end":{}}],"line":29},"2":{"loc":{"start":{"line":29,"column":6},"end":{"line":29,"column":27}},"type":"binary-expr","locations":[{"start":{"line":29,"column":6},"end":{"line":29,"column":12}},{"start":{"line":29,"column":16},"end":{"line":29,"column":27}}],"line":29},"3":{"loc":{"start":{"line":30,"column":2},"end":{"line":30,"column":27}},"type":"if","locations":[{"start":{"line":30,"column":2},"end":{"line":30,"column":27}},{"start":{},"end":{}}],"line":30},"4":{"loc":{"start":{"line":31,"column":2},"end":{"line":31,"column":27}},"type":"if","locations":[{"start":{"line":31,"column":2},"end":{"line":31,"column":27}},{"start":{},"end":{}}],"line":31},"5":{"loc":{"start":{"line":32,"column":2},"end":{"line":32,"column":27}},"type":"if","locations":[{"start":{"line":32,"column":2},"end":{"line":32,"column":27}},{"start":{},"end":{}}],"line":32}},"s":{"0":0,"1":0,"2":0,"3":0,"4":0,"5":0,"6":0,"7":0,"8":0,"9":0,"10":0,"11":0,"12":0,"13":0,"14":0,"15":0},"f":{"0":0,"1":0},"b":{"0":[0],"1":[0,0],"2":[0,0],"3":[0,0],"4":[0,0],"5":[0,0]}}
,"C:\\Users\\LENOVO\\OneDrive - Madan Mohan Malaviya University of Technology\\Desktop\\AMRIT LODU PROJECT\\logic-looper\\src\\engine\\seedEngine.js": {"path":"C:\\Users\\LENOVO\\OneDrive - Madan Mohan Malaviya University of Technology\\Desktop\\AMRIT LODU PROJECT\\logic-looper\\src\\engine\\seedEngine.js","statementMap":{"0":{"start":{"line":3,"column":19},"end":{"line":3,"column":36}},"1":{"start":{"line":12,"column":15},"end":{"line":12,"column":79}},"2":{"start":{"line":14,"column":2},"end":{"line":14,"column":39}},"3":{"start":{"line":23,"column":10},"end":{"line":23,"column":20}},"4":{"start":{"line":24,"column":2},"end":{"line":27,"column":3}},"5":{"start":{"line":25,"column":4},"end":{"line":25,"column":50}},"6":{"start":{"line":26,"column":4},"end":{"line":26,"column":26}},"7":{"start":{"line":36,"column":15},"end":{"line":36,"column":36}},"8":{"start":{"line":37,"column":16},"end":{"line":37,"column":50}},"9":{"start":{"line":38,"column":2},"end":{"line":38,"column":35}}},"fnMap":{"0":{"name":"generateSeed","decl":{"start":{"line":11,"column":16},"end":{"line":11,"column":28}},"loc":{"start":{"line":11,"column":38},"end":{"line":15,"column":1}},"line":11},"1":{"name":"createRng","decl":{"start":{"line":22,"column":16},"end":{"line":22,"column":25}},"loc":{"start":{"line":22,"column":32},"end":{"line":28,"column":1}},"line":22},"2":{"name":"(anonymous_2)","decl":{"start":{"line":24,"column":9},"end":{"line":24,"column":10}},"loc":{"start":{"line":24,"column":21},"end":{"line":27,"column":3}},"line":24},"3":{"name":"getPuzzleTypeForDate","decl":{"start":{"line":35,"column":16},"end":{"line":35,"column":36}},"loc":{"start":{"line":35,"column":46},"end":{"line":39,"column":1}},"line":35}},"branchMap":{},"s":{"0":0,"1":0,"2":0,"3":0,"4":0,"5":0,"6":0,"7":0,"8":0,"9":0},"f":{"0":0,"1":0,"2":0,"3":0},"b":{}}
,"C:\\Users\\LENOVO\\OneDrive - Madan Mohan Malaviya University of Technology\\Desktop\\AMRIT LODU PROJECT\\logic-looper\\src\\engine\\validator.js": {"path":"C:\\Users\\LENOVO\\OneDrive - Madan Mohan Malaviya University of Technology\\Desktop\\AMRIT LODU PROJECT\\logic-looper\\src\\engine\\validator.js","statementMap":{"0":{"start":{"line":12,"column":2},"end":{"line":19,"column":3}},"1":{"start":{"line":14,"column":6},"end":{"line":14,"column":58}},"2":{"start":{"line":16,"column":6},"end":{"line":16,"column":56}},"3":{"start":{"line":18,"column":6},"end":{"line":18,"column":18}}},"fnMap":{"0":{"name":"validateSolution","decl":{"start":{"line":11,"column":16},"end":{"line":11,"column":32}},"loc":{"start":{"line":11,"column":55},"end":{"line":20,"column":1}},"line":11}},"branchMap":{"0":{"loc":{"start":{"line":12,"column":2},"end":{"line":19,"column":3}},"type":"switch","locations":[{"start":{"line":13,"column":4},"end":{"line":14,"column":58}},{"start":{"line":15,"column":4},"end":{"line":16,"column":56}},{"start":{"line":17,"column":4},"end":{"line":18,"column":18}}],"line":12}},"s":{"0":0,"1":0,"2":0,"3":0},"f":{"0":0},"b":{"0":[0,0,0]}}
,"C:\\Users\\LENOVO\\OneDrive - Madan Mohan Malaviya University of Technology\\Desktop\\AMRIT LODU PROJECT\\logic-looper\\src\\hooks\\usePuzzle.js": {"path":"C:\\Users\\LENOVO\\OneDrive - Madan Mohan Malaviya University of Technology\\Desktop\\AMRIT LODU PROJECT\\logic-looper\\src\\hooks\\usePuzzle.js","statementMap":{"0":{"start":{"line":17,"column":19},"end":{"line":17,"column":32}},"1":{"start":{"line":18,"column":17},"end":{"line":18,"column":45}},"2":{"start":{"line":18,"column":36},"end":{"line":18,"column":44}},"3":{"start":{"line":21,"column":27},"end":{"line":44,"column":16}},"4":{"start":{"line":22,"column":20},"end":{"line":22,"column":33}},"5":{"start":{"line":23,"column":17},"end":{"line":23,"column":38}},"6":{"start":{"line":24,"column":17},"end":{"line":24,"column":46}},"7":{"start":{"line":27,"column":4},"end":{"line":31,"column":5}},"8":{"start":{"line":28,"column":6},"end":{"line":28,"column":45}},"9":{"start":{"line":30,"column":6},"end":{"line":30,"column":45}},"10":{"start":{"line":34,"column":21},"end":{"line":34,"column":52}},"11":{"start":{"line":35,"column":4},"end":{"line":39,"column":5}},"12":{"start":{"line":36,"column":6},"end":{"line":36,"column":85}},"13":{"start":{"line":37,"column":6},"end":{"line":37,"column":55}},"14":{"start":{"line":38,"column":6},"end":{"line":38,"column":12}},"15":{"start":{"line":42,"column":26},"end":{"line":42,"column":59}},"16":{"start":{"line":43,"column":4},"end":{"line":43,"column":77}},"17":{"start":{"line":46,"column":2},"end":{"line":48,"column":24}},"18":{"start":{"line":47,"column":4},"end":{"line":47,"column":22}},"19":{"start":{"line":51,"column":23},"end":{"line":58,"column":14}},"20":{"start":{"line":52,"column":4},"end":{"line":52,"column":64}},"21":{"start":{"line":52,"column":58},"end":{"line":52,"column":64}},"22":{"start":{"line":53,"column":4},"end":{"line":57,"column":6}},"23":{"start":{"line":61,"column":27},"end":{"line":63,"column":16}},"24":{"start":{"line":62,"column":4},"end":{"line":62,"column":45}},"25":{"start":{"line":66,"column":29},"end":{"line":68,"column":16}},"26":{"start":{"line":67,"column":4},"end":{"line":67,"column":30}},"27":{"start":{"line":71,"column":21},"end":{"line":79,"column":32}},"28":{"start":{"line":72,"column":4},"end":{"line":72,"column":36}},"29":{"start":{"line":72,"column":25},"end":{"line":72,"column":36}},"30":{"start":{"line":73,"column":20},"end":{"line":73,"column":43}},"31":{"start":{"line":74,"column":4},"end":{"line":77,"column":5}},"32":{"start":{"line":75,"column":6},"end":{"line":75,"column":31}},"33":{"start":{"line":76,"column":6},"end":{"line":76,"column":17}},"34":{"start":{"line":78,"column":4},"end":{"line":78,"column":16}},"35":{"start":{"line":82,"column":23},"end":{"line":126,"column":24}},"36":{"start":{"line":83,"column":4},"end":{"line":83,"column":82}},"37":{"start":{"line":83,"column":59},"end":{"line":83,"column":82}},"38":{"start":{"line":85,"column":20},"end":{"line":85,"column":79}},"39":{"start":{"line":86,"column":4},"end":{"line":86,"column":41}},"40":{"start":{"line":86,"column":18},"end":{"line":86,"column":41}},"41":{"start":{"line":88,"column":22},"end":{"line":88,"column":50}},"42":{"start":{"line":89,"column":18},"end":{"line":89,"column":62}},"43":{"start":{"line":91,"column":4},"end":{"line":91,"column":37}},"44":{"start":{"line":92,"column":4},"end":{"line":92,"column":28}},"45":{"start":{"line":95,"column":4},"end":{"line":102,"column":6}},"46":{"start":{"line":104,"column":4},"end":{"line":104,"column":45}},"47":{"start":{"line":107,"column":4},"end":{"line":107,"column":38}},"48":{"start":{"line":108,"column":4},"end":{"line":123,"column":5}},"49":{"start":{"line":109,"column":22},"end":{"line":109,"column":53}},"50":{"start":{"line":110,"column":19},"end":{"line":110,"column":55}},"51":{"start":{"line":111,"column":6},"end":{"line":120,"column":7}},"52":{"start":{"line":112,"column":8},"end":{"line":116,"column":10}},"53":{"start":{"line":117,"column":8},"end":{"line":117,"column":42}},"54":{"start":{"line":119,"column":8},"end":{"line":119,"column":39}},"55":{"start":{"line":122,"column":6},"end":{"line":122,"column":38}},"56":{"start":{"line":125,"column":4},"end":{"line":125,"column":33}},"57":{"start":{"line":128,"column":2},"end":{"line":135,"column":3}}},"fnMap":{"0":{"name":"usePuzzle","decl":{"start":{"line":16,"column":16},"end":{"line":16,"column":25}},"loc":{"start":{"line":16,"column":28},"end":{"line":136,"column":1}},"line":16},"1":{"name":"(anonymous_1)","decl":{"start":{"line":18,"column":29},"end":{"line":18,"column":30}},"loc":{"start":{"line":18,"column":36},"end":{"line":18,"column":44}},"line":18},"2":{"name":"(anonymous_2)","decl":{"start":{"line":21,"column":39},"end":{"line":21,"column":40}},"loc":{"start":{"line":21,"column":51},"end":{"line":44,"column":3}},"line":21},"3":{"name":"(anonymous_3)","decl":{"start":{"line":46,"column":12},"end":{"line":46,"column":13}},"loc":{"start":{"line":46,"column":18},"end":{"line":48,"column":3}},"line":46},"4":{"name":"(anonymous_4)","decl":{"start":{"line":51,"column":35},"end":{"line":51,"column":36}},"loc":{"start":{"line":51,"column":47},"end":{"line":58,"column":3}},"line":51},"5":{"name":"(anonymous_5)","decl":{"start":{"line":61,"column":39},"end":{"line":61,"column":40}},"loc":{"start":{"line":61,"column":60},"end":{"line":63,"column":3}},"line":61},"6":{"name":"(anonymous_6)","decl":{"start":{"line":66,"column":41},"end":{"line":66,"column":42}},"loc":{"start":{"line":66,"column":52},"end":{"line":68,"column":3}},"line":66},"7":{"name":"(anonymous_7)","decl":{"start":{"line":71,"column":33},"end":{"line":71,"column":34}},"loc":{"start":{"line":71,"column":39},"end":{"line":79,"column":3}},"line":71},"8":{"name":"(anonymous_8)","decl":{"start":{"line":82,"column":35},"end":{"line":82,"column":36}},"loc":{"start":{"line":82,"column":47},"end":{"line":126,"column":3}},"line":82}},"branchMap":{"0":{"loc":{"start":{"line":27,"column":4},"end":{"line":31,"column":5}},"type":"if","locations":[{"start":{"line":27,"column":4},"end":{"line":31,"column":5}},{"start":{"line":29,"column":11},"end":{"line":31,"column":5}}],"line":27},"1":{"loc":{"start":{"line":35,"column":4},"end":{"line":39,"column":5}},"type":"if","locations":[{"start":{"line":35,"column":4},"end":{"line":39,"column":5}},{"start":{},"end":{}}],"line":35},"2":{"loc":{"start":{"line":52,"column":4},"end":{"line":52,"column":64}},"type":"if","locations":[{"start":{"line":52,"column":4},"end":{"line":52,"column":64}},{"start":{},"end":{}}],"line":52},"3":{"loc":{"start":{"line":52,"column":8},"end":{"line":52,"column":56}},"type":"binary-expr","locations":[{"start":{"line":52,"column":8},"end":{"line":52,"column":23}},{"start":{"line":52,"column":27},"end":{"line":52,"column":56}}],"line":52},"4":{"loc":{"start":{"line":72,"column":4},"end":{"line":72,"column":36}},"type":"if","locations":[{"start":{"line":72,"column":4},"end":{"line":72,"column":36}},{"start":{},"end":{}}],"line":72},"5":{"loc":{"start":{"line":74,"column":4},"end":{"line":77,"column":5}},"type":"if","locations":[{"start":{"line":74,"column":4},"end":{"line":77,"column":5}},{"start":{},"end":{}}],"line":74},"6":{"loc":{"start":{"line":83,"column":4},"end":{"line":83,"column":82}},"type":"if","locations":[{"start":{"line":83,"column":4},"end":{"line":83,"column":82}},{"start":{},"end":{}}],"line":83},"7":{"loc":{"start":{"line":83,"column":8},"end":{"line":83,"column":57}},"type":"binary-expr","locations":[{"start":{"line":83,"column":8},"end":{"line":83,"column":22}},{"start":{"line":83,"column":26},"end":{"line":83,"colu
[...]
,"C:\\Users\\LENOVO\\OneDrive - Madan Mohan Malaviya University of Technology\\Desktop\\AMRIT LODU PROJECT\\logic-looper\\src\\store\\puzzleSlice.js": {"path":"C:\\Users\\LENOVO\\OneDrive - Madan Mohan Malaviya University of Technology\\Desktop\\AMRIT LODU PROJECT\\logic-looper\\src\\store\\puzzleSlice.js","statementMap":{"0":{"start":{"line":3,"column":21},"end":{"line":15,"column":1}},"1":{"start":{"line":17,"column":20},"end":{"line":93,"column":2}},"2":{"start":{"line":22,"column":55},"end":{"line":22,"column":69}},"3":{"start":{"line":23,"column":6},"end":{"line":23,"column":23}},"4":{"start":{"line":24,"column":6},"end":{"line":24,"column":27}},"5":{"start":{"line":25,"column":6},"end":{"line":25,"column":29}},"6":{"start":{"line":26,"column":6},"end":{"line":26,"column":30}},"7":{"start":{"line":28,"column":6},"end":{"line":40,"column":7}},"8":{"start":{"line":29,"column":8},"end":{"line":29,"column":43}},"9":{"start":{"line":30,"column":8},"end":{"line":30,"column":60}},"10":{"start":{"line":31,"column":8},"end":{"line":31,"column":54}},"11":{"start":{"line":32,"column":8},"end":{"line":32,"column":78}},"12":{"start":{"line":34,"column":8},"end":{"line":36,"column":16}},"13":{"start":{"line":35,"column":35},"end":{"line":35,"column":41}},"14":{"start":{"line":37,"column":8},"end":{"line":37,"column":30}},"15":{"start":{"line":38,"column":8},"end":{"line":38,"column":27}},"16":{"start":{"line":39,"column":8},"end":{"line":39,"column":32}},"17":{"start":{"line":44,"column":6},"end":{"line":44,"column":35}},"18":{"start":{"line":45,"column":6},"end":{"line":47,"column":7}},"19":{"start":{"line":46,"column":8},"end":{"line":46,"column":33}},"20":{"start":{"line":51,"column":34},"end":{"line":51,"column":48}},"21":{"start":{"line":52,"column":6},"end":{"line":55,"column":7}},"22":{"start":{"line":53,"column":8},"end":{"line":53,"column":38}},"23":{"start":{"line":54,"column":8},"end":{"line":54,"column":58}},"24":{"start":{"line":54,"column":33},"end":{"line":54,"column":58}},"25":{"start":{"line":59,"column":6},"end":{"line":61,"column":7}},"26":{"start":{"line":60,"column":8},"end":{"line":60,"column":31}},"27":{"start":{"line":65,"column":6},"end":{"line":65,"column":32}},"28":{"start":{"line":69,"column":6},"end":{"line":69,"column":31}},"29":{"start":{"line":73,"column":6},"end":{"line":76,"column":7}},"30":{"start":{"line":74,"column":8},"end":{"line":74,"column":28}},"31":{"start":{"line":75,"column":8},"end":{"line":75,"column":33}},"32":{"start":{"line":80,"column":6},"end":{"line":80,"column":32}},"33":{"start":{"line":81,"column":6},"end":{"line":81,"column":32}},"34":{"start":{"line":82,"column":6},"end":{"line":82,"column":40}},"35":{"start":{"line":86,"column":6},"end":{"line":86,"column":28}},"36":{"start":{"line":90,"column":6},"end":{"line":90,"column":25}},"37":{"start":{"line":106,"column":4},"end":{"line":106,"column":23}}},"fnMap":{"0":{"name":"(anonymous_0)","decl":{"start":{"line":21,"column":4},"end":{"line":21,"column":5}},"loc":{"start":{"line":21,"column":29},"end":{"line":41,"column":5}},"line":21},"1":{"name":"(anonymous_1)","decl":{"start":{"line":35,"column":28},"end":{"line":35,"column":29}},"loc":{"start":{"line":35,"column":35},"end":{"line":35,"column":41}},"line":35},"2":{"name":"(anonymous_2)","decl":{"start":{"line":43,"column":4},"end":{"line":43,"column":5}},"loc":{"start":{"line":43,"column":29},"end":{"line":48,"column":5}},"line":43},"3":{"name":"(anonymous_3)","decl":{"start":{"line":50,"column":4},"end":{"line":50,"column":5}},"loc":{"start":{"line":50,"column":30},"end":{"line":56,"column":5}},"line":50},"4":{"name":"(anonymous_4)","decl":{"start":{"line":58,"column":4},"end":{"line":58,"column":5}},"loc":{"start":{"line":58,"column":21},"end":{"line":62,"column":5}},"line":58},"5":{"name":"(anonymous_5)","decl":{"start":{"line":64,"column":4},"end":{"line":64,"column":5}},"loc":{"start":{"line":64,"column":21},"end":{"line":66,"column":5}},"line":64},"6":{"name":"(anonymous_6)","decl":{"start":{"line":68,"column":4},"end":{"line":68,"column":5}},"loc":{"start":{"line":68,"column":22},"end":{"line":70,"column":5}},"line":68},"7":{"name":"(anonymous_7)","decl":{"start":{"line":72,"column":4},"end":{"line":72,"column":5}},"loc":{"start":{"line":72,"column":25},"end":{"line":77,"column":5}},"line":72},"8":{"name":"(anonymous_8)","decl":{"start":{"line":79,"column":4},"end":{"line":79,"column":5}},"loc":{"start":{"line":79,"column":32},"end":{"line":83,"column":5}},"line":79},"9":{"name":"(anonymous_9)","decl":{"start":{"line":85,"column":4},"end":{"line":85,"column":5}},"loc":{"start":{"line":85,"column":20},"end":{"line":87,"column":5}},"line":85},"10":{"name":"(anonymous_10)","decl":{"start":{"line":89,"column":4},"end":{"line":89,"column":5}},"loc":{"start":{"line":89,"column":18},"end":{"line":91,"column":5}},"line":89}},"branchMap":{"0":{"loc":{"start":{"line":28,"column":6},"end":{"line":40,"column":7}},"type":"if","locations":[{"start":{"line":28,"column":6},"end":{"line":40,"column":7}},{"start":{"line":33,"column":13},"end":{"line":40,"column":7}}],"line":28},"1":{"loc":{"start":{"line":30,"column":29},"end":{"line":30,"column":60}},"type":"binary-expr","locations":[{"start":{"line":30,"column":29},"end":{"line":30,"column":55}},{"start":{"line":30,"column":59},"end":{"line":30,"column":60}}],"line":30},"2":{"loc":{"start":{"line":31,"column":26},"end":{"line":31,"column":54}},"type":"binary-expr","locations":[{"start":{"line":31,"column":26},"end":{"line":31,"column":49}},{"start":{"line":31,"column":53},"end":{"line":31,"column":54}}],"line":31},"3":{"loc":{"start":{"line":32,"column":48},"end":{"line":32,"column":76}},"type":"binary-expr","locations":[{"start":{"line":32,"column":48},"end":{"line":32,"column":71}},{"start":{"line":32,"column":75},"end":{"line":32,"column":76}}],"line":32},"4":{"loc":{"start":{"line":34,"column":23},"end":{"line":36,"column":16}},"type":"cond-expr","locations":[{"start":{"line":35,"column":12},"end":{"line":35,"column":42}},{"start":{"line":36,"column":12},"end":{"line":36,"column":16}}],"line":34},"5":{"loc":{"start":{"line":45,"column":6},"end":{"line":47,"column":7}},"type":"if","locations":[{"start":{"line":45,"column":6},"end":{"line":47,"column":7}},{"start":{},"end":{}}],"line":45},"6":{"loc":{"start":{"line":45,"column":10},"end":{"line":45,"column":59}},"type":"binary-expr","locations":[{"start":{"line":45,"column":10},"end":{"line":45,"column":29}},{"start":{"line":45,"column":33},"end":{"line":45,"column":59}}],"line":45},"7":{"loc":{"start":{"line":52,"column":6},"end":{"line":55,"column":7}},"type":"if","locations":[{"start":{"line":52,"column":6},"end":{"line":55,"column":7}},{"start":{},"end":{}}],"line":52},"8":{"loc":{"start":{"line":52,"column":10},"end":{"line":52,"column":56}},"type":"binary-expr","locations":[{"start":{"line":52,"column":10},"end":{"line":52,"column":40}},{"start":{"line":52,"column":44},"end":{"line":52,"column":56}}],"line":52},"9":{"loc":{"start":{"line":54,"column":8},"end":{"line":54,"column":58}},"type":"if","locations":[{"start":{"line":54,"column":8},"end":{"line":54,"column":58}},{"start":{},"end":{}}],"line":54},"10":{"loc":{"start":{"line":59,"column":6},"end":{"line":61,"column":7}},"type":"if","locations":[{"start":{"line":59,"column":6},"end":{"line":61,"column":7}},{"start":{},"end":{}}],"line":59},"11":{"loc":{"start":{"line":73,"column":6},"end":{"line":76,"column":7}},"type":"if","locations":[{"start":{"line":73,"column":6},"end":{"line":76,"column":7}},{"start":{},"end":{}}],"line":73}},"s":{"0":0,"1":0,"2":0,"3":0,"4":0,"5":0,"6":0,"7":0,"8":0,"9":0,"10":0,"11":0,"12":0,"13":0,"14":0,"15":0,"16":0,"17":0,"18":0,"19":0,"20":0,"21":0,"22":0,"23":0,"24":0,"25":0,"26":0,"27":0,"28":0,"29":0,"30":0,"31":0,"32":0,"33":0,"34":0,"35":0,"36":0,"37":0},"f":{"0":0,"1":0,"2":0,"3":0,"4":0,"5":0,"6":0,"7":0,"8":0,"9":0,"10":0},"b":{"0":[0,0],"1":[0,0],"2":[0,0],"3":[0,0],"4":[0,0],"5":[0,0],"6":[0,0],"7":[0,0],"8":[0,0],"9":[0,0],"10":[0,0],"11":[0,0]}}
,"C:\\Users\\LENOVO\\OneDrive - Madan Mohan Malaviya University of Technology\\Desktop\\AMRIT LODU PROJECT\\logic-looper\\src\\store\\store.js": {"path":"C:\\Users\\LENOVO\\OneDrive - Madan Mohan Malaviya University of Technology\\Desktop\\AMRIT LODU PROJECT\\logic-looper\\src\\store\\store.js","statementMap":{"0":{"start":{"line":7,"column":21},"end":{"line":14,"column":2}}},"fnMap":{},"branchMap":{},"s":{"0":0},"f":{},"b":{}}
,"C:\\Users\\LENOVO\\OneDrive - Madan Mohan Malaviya University of Technology\\Desktop\\AMRIT LODU PROJECT\\logic-looper\\src\\store\\streakSlice.js": {"path":"C:\\Users\\LENOVO\\OneDrive - Madan Mohan Malaviya University of Technology\\Desktop\\AMRIT LODU PROJECT\\logic-looper\\src\\store\\streakSlice.js","statementMap":{"0":{"start":{"line":6,"column":2},"end":{"line":11,"column":3}},"1":{"start":{"line":7,"column":16},"end":{"line":7,"column":49}},"2":{"start":{"line":8,"column":4},"end":{"line":8,"column":83}},"3":{"start":{"line":10,"column":4},"end":{"line":10,"column":59}},"4":{"start":{"line":15,"column":2},"end":{"line":23,"column":3}},"5":{"start":{"line":16,"column":4},"end":{"line":20,"column":7}},"6":{"start":{"line":26,"column":14},"end":{"line":26,"column":26}},"7":{"start":{"line":28,"column":21},"end":{"line":32,"column":1}},"8":{"start":{"line":34,"column":20},"end":{"line":72,"column":2}},"9":{"start":{"line":39,"column":20},"end":{"line":39,"column":33}},"10":{"start":{"line":42,"column":6},"end":{"line":42,"column":44}},"11":{"start":{"line":42,"column":38},"end":{"line":42,"column":44}},"12":{"start":{"line":44,"column":6},"end":{"line":50,"column":7}},"13":{"start":{"line":46,"column":8},"end":{"line":46,"column":24}},"14":{"start":{"line":49,"column":8},"end":{"line":49,"column":23}},"15":{"start":{"line":52,"column":6},"end":{"line":52,"column":30}},"16":{"start":{"line":53,"column":6},"end":{"line":53,"column":70}},"17":{"start":{"line":54,"column":6},"end":{"line":54,"column":23}},"18":{"start":{"line":58,"column":19},"end":{"line":58,"column":31}},"19":{"start":{"line":59,"column":6},"end":{"line":59,"column":30}},"20":{"start":{"line":60,"column":6},"end":{"line":60,"column":40}},"21":{"start":{"line":61,"column":6},"end":{"line":61,"column":46}},"22":{"start":{"line":64,"column":20},"end":{"line":64,"column":33}},"23":{"start":{"line":65,"column":6},"end":{"line":69,"column":7}},"24":{"start":{"line":66,"column":8},"end":{"line":68,"column":9}},"25":{"start":{"line":67,"column":10},"end":{"line":67,"column":25}},"26":{"start":{"line":74,"column":55},"end":{"line":74,"column":74}}},"fnMap":{"0":{"name":"loadStreak","decl":{"start":{"line":5,"column":9},"end":{"line":5,"column":19}},"loc":{"start":{"line":5,"column":22},"end":{"line":12,"column":1}},"line":5},"1":{"name":"saveStreak","decl":{"start":{"line":14,"column":9},"end":{"line":14,"column":19}},"loc":{"start":{"line":14,"column":27},"end":{"line":24,"column":1}},"line":14},"2":{"name":"(anonymous_2)","decl":{"start":{"line":38,"column":4},"end":{"line":38,"column":5}},"loc":{"start":{"line":38,"column":24},"end":{"line":55,"column":5}},"line":38},"3":{"name":"(anonymous_3)","decl":{"start":{"line":57,"column":4},"end":{"line":57,"column":5}},"loc":{"start":{"line":57,"column":33},"end":{"line":70,"column":5}},"line":57}},"branchMap":{"0":{"loc":{"start":{"line":8,"column":11},"end":{"line":8,"column":83}},"type":"cond-expr","locations":[{"start":{"line":8,"column":17},"end":{"line":8,"column":32}},{"start":{"line":8,"column":35},"end":{"line":8,"column":83}}],"line":8},"1":{"loc":{"start":{"line":42,"column":6},"end":{"line":42,"column":44}},"type":"if","locations":[{"start":{"line":42,"column":6},"end":{"line":42,"column":44}},{"start":{},"end":{}}],"line":42},"2":{"loc":{"start":{"line":44,"column":6},"end":{"line":50,"column":7}},"type":"if","locations":[{"start":{"line":44,"column":6},"end":{"line":50,"column":7}},{"start":{"line":47,"column":13},"end":{"line":50,"column":7}}],"line":44},"3":{"loc":{"start":{"line":44,"column":10},"end":{"line":44,"column":73}},"type":"binary-expr","locations":[{"start":{"line":44,"column":10},"end":{"line":44,"column":26}},{"start":{"line":44,"column":30},"end":{"line":44,"column":73}}],"line":44},"4":{"loc":{"start":{"line":65,"column":6},"end":{"line":69,"column":7}},"type":"if","locations":[{"start":{"line":65,"column":6},"end":{"line":69,"column":7}},{"start":{},"end":{}}],"line":65},"5":{"loc":{"start":{"line":65,"column":10},"end":{"line":65,"column":54}},"type":"binary-expr","locations":[{"start":{"line":65,"column":10},"end":{"line":65,"column":25}},{"start":{"line":65,"column":29},"end":{"line":65,"column":54}}],"line":65},"6":{"loc":{"start":{"line":66,"column":8},"end":{"line":68,"column":9}},"type":"if","locations":[{"start":{"line":66,"column":8},"end":{"line":68,"column":9}},{"start":{},"end":{}}],"line":66}},"s":{"0":0,"1":0,"2":0,"3":0,"4":0,"5":0,"6":0,"7":0,"8":0,"9":0,"10":0,"11":0,"12":0,"13":0,"14":0,"15":0,"16":0,"17":0,"18":0,"19":0,"20":0,"21":0,"22":0,"23":0,"24":0,"25":0,"26":0},"f":{"0":0,"1":0,"2":0,"3":0},"b":{"0":[0,0],"1":[0,0],"2":[0,0],"3":[0,0],"4":[0,0],"5":[0,0],"6":[0,0]}}
,"C:\\Users\\LENOVO\\OneDrive - Madan Mohan Malaviya University of Technology\\Desktop\\AMRIT LODU PROJECT\\logic-looper\\src\\store\\syncSlice.js": {"path":"C:\\Users\\LENOVO\\OneDrive - Madan Mohan Malaviya University of Technology\\Desktop\\AMRIT LODU PROJECT\\logic-looper\\src\\store\\syncSlice.js","statementMap":{"0":{"start":{"line":3,"column":21},"end":{"line":8,"column":1}},"1":{"start":{"line":10,"column":18},"end":{"line":28,"column":2}},"2":{"start":{"line":15,"column":6},"end":{"line":15,"column":41}},"3":{"start":{"line":18,"column":6},"end":{"line":18,"column":39}},"4":{"start":{"line":19,"column":6},"end":{"line":22,"column":7}},"5":{"start":{"line":20,"column":8},"end":{"line":20,"column":51}},"6":{"start":{"line":21,"column":8},"end":{"line":21,"column":30}},"7":{"start":{"line":25,"column":6},"end":{"line":25,"column":37}},"8":{"start":{"line":30,"column":67},"end":{"line":30,"column":84}}},"fnMap":{"0":{"name":"(anonymous_0)","decl":{"start":{"line":14,"column":4},"end":{"line":14,"column":5}},"loc":{"start":{"line":14,"column":35},"end":{"line":16,"column":5}},"line":14},"1":{"name":"(anonymous_1)","decl":{"start":{"line":17,"column":4},"end":{"line":17,"column":5}},"loc":{"start":{"line":17,"column":33},"end":{"line":23,"column":5}},"line":17},"2":{"name":"(anonymous_2)","decl":{"start":{"line":24,"column":4},"end":{"line":24,"column":5}},"loc":{"start":{"line":24,"column":35},"end":{"line":26,"column":5}},"line":24}},"branchMap":{"0":{"loc":{"start":{"line":7,"column":12},"end":{"line":7,"column":70}},"type":"cond-expr","locations":[{"start":{"line":7,"column":47},"end":{"line":7,"column":63}},{"start":{"line":7,"column":66},"end":{"line":7,"column":70}}],"line":7},"1":{"loc":{"start":{"line":19,"column":6},"end":{"line":22,"column":7}},"type":"if","locations":[{"start":{"line":19,"column":6},"end":{"line":22,"column":7}},{"start":{},"end":{}}],"line":19}},"s":{"0":0,"1":0,"2":0,"3":0,"4":0,"5":0,"6":0,"7":0,"8":0},"f":{"0":0,"1":0,"2":0},"b":{"0":[0,0],"1":[0,0]}}
,"C:\\Users\\LENOVO\\OneDrive - Madan Mohan Malaviya University of Technology\\Desktop\\AMRIT LODU PROJECT\\logic-looper\\src\\utils\\dateUtils.js": {"path":"C:\\Users\\LENOVO\\OneDrive - Madan Mohan Malaviya University of Technology\\Desktop\\AMRIT LODU PROJECT\\logic-looper\\src\\utils\\dateUtils.js","statementMap":{"0":{"start":{"line":7,"column":2},"end":{"line":7,"column":37}},"1":{"start":{"line":15,"column":2},"end":{"line":15,"column":56}},"2":{"start":{"line":23,"column":2},"end":{"line":23,"column":59}},"3":{"start":{"line":23,"column":45},"end":{"line":23,"column":58}},"4":{"start":{"line":30,"column":16},"end":{"line":30,"column":18}},"5":{"start":{"line":31,"column":2},"end":{"line":33,"column":3}},"6":{"start":{"line":31,"column":15},"end":{"line":31,"column":18}},"7":{"start":{"line":32,"column":4},"end":{"line":32,"column":63}},"8":{"start":{"line":34,"column":2},"end":{"line":34,"column":14}},"9":{"start":{"line":41,"column":13},"end":{"line":41,"column":28}},"10":{"start":{"line":42,"column":13},"end":{"line":42,"column":28}},"11":{"start":{"line":43,"column":2},"end":{"line":43,"column":43}},"12":{"start":{"line":50,"column":2},"end":{"line":50,"column":29}},"13":{"start":{"line":57,"column":2},"end":{"line":57,"column":45}},"14":{"start":{"line":64,"column":2},"end":{"line":64,"column":65}}},"fnMap":{"0":{"name":"getTodayStr","decl":{"start":{"line":6,"column":16},"end":{"line":6,"column":27}},"loc":{"start":{"line":6,"column":30},"end":{"line":8,"column":1}},"line":6},"1":{"name":"getDaysAgo","decl":{"start":{"line":14,"column":16},"end":{"line":14,"column":26}},"loc":{"start":{"line":14,"column":30},"end":{"line":16,"column":1}},"line":14},"2":{"name":"getLastNDates","decl":{"start":{"line":22,"column":16},"end":{"line":22,"column":29}},"loc":{"start":{"line":22,"column":33},"end":{"line":24,"column":1}},"line":22},"3":{"name":"(anonymous_3)","decl":{"start":{"line":23,"column":35},"end":{"line":23,"column":36}},"loc":{"start":{"line":23,"column":45},"end":{"line":23,"column":58}},"line":23},"4":{"name":"getLast365Dates","decl":{"start":{"line":29,"column":16},"end":{"line":29,"column":31}},"loc":{"start":{"line":29,"column":34},"end":{"line":35,"column":1}},"line":29},"5":{"name":"areConsecutiveDays","decl":{"start":{"line":40,"column":16},"end":{"line":40,"column":34}},"loc":{"start":{"line":40,"column":55},"end":{"line":44,"column":1}},"line":40},"6":{"name":"getDayOfWeek","decl":{"start":{"line":49,"column":16},"end":{"line":49,"column":28}},"loc":{"start":{"line":49,"column":38},"end":{"line":51,"column":1}},"line":49},"7":{"name":"formatDate","decl":{"start":{"line":56,"column":16},"end":{"line":56,"column":26}},"loc":{"start":{"line":56,"column":36},"end":{"line":58,"column":1}},"line":56},"8":{"name":"isLeapYear","decl":{"start":{"line":63,"column":16},"end":{"line":63,"column":26}},"loc":{"start":{"line":63,"column":33},"end":{"line":65,"column":1}},"line":63}},"branchMap":{"0":{"loc":{"start":{"line":64,"column":9},"end":{"line":64,"column":65}},"type":"binary-expr","locations":[{"start":{"line":64,"column":10},"end":{"line":64,"column":24}},{"start":{"line":64,"column":28},"end":{"line":64,"column":44}},{"start":{"line":64,"column":49},"end":{"line":64,"column":65}}],"line":64}},"s":{"0":0,"1":0,"2":0,"3":0,"4":0,"5":0,"6":0,"7":0,"8":0,"9":0,"10":0,"11":0,"12":0,"13":0,"14":0},"f":{"0":0,"1":0,"2":0,"3":0,"4":0,"5":0,"6":0,"7":0,"8":0},"b":{"0":[0,0,0]}}
}
