{"E:\\Capstone\\Puzzle-Project-main\\src\\App.jsx": {"path":"E:\\Capstone\\Puzzle-Project-main\\src\\App.jsx","statementMap":{"0":{"start":{"line":13,"column":19},"end":{"line":13,"column":32}},"1":{"start":{"line":14,"column":34},"end":{"line":14,"column":60}},"2":{"start":{"line":14,"column":53},"end":{"line":14,"column":59}},"3":{"start":{"line":17,"column":2},"end":{"line":19,"column":16}},"4":{"start":{"line":18,"column":4},"end":{"line":18,"column":37}},"5":{"start":{"line":22,"column":2},"end":{"line":22,"column":30}},"6":{"start":{"line":24,"column":2},"end":{"line":31,"column":3}},"7":{"start":{"line":25,"column":4},"end":{"line":30,"column":5}},"8":{"start":{"line":33,"column":2},"end":{"line":43,"column":3}},"9":{"start":{"line":47,"column":2},"end":{"line":51,"column":3}}},"fnMap":{"0":{"name":"AppContent","decl":{"start":{"line":12,"column":9},"end":{"line":12,"column":19}},"loc":{"start":{"line":12,"column":22},"end":{"line":44,"column":1}},"line":12},"1":{"name":"(anonymous_1)","decl":{"start":{"line":14,"column":46},"end":{"line":14,"column":47}},"loc":{"start":{"line":14,"column":53},"end":{"line":14,"column":59}},"line":14},"2":{"name":"(anonymous_2)","decl":{"start":{"line":17,"column":12},"end":{"line":17,"column":13}},"loc":{"start":{"line":17,"column":18},"end":{"line":19,"column":3}},"line":17},"3":{"name":"App","decl":{"start":{"line":46,"column":24},"end":{"line":46,"column":27}},"loc":{"start":{"line":46,"column":30},"end":{"line":52,"column":1}},"line":46}},"branchMap":{"0":{"loc":{"start":{"line":24,"column":2},"end":{"line":31,"column":3}},"type":"if","locations":[{"start":{"line":24,"column":2},"end":{"line":31,"column":3}},{"start":{},"end":{}}],"line":24}},"s":{"0":0,"1":0,"2":0,"3":0,"4":0,"5":0,"6":0,"7":0,"8":0,"9":0},"f":{"0":0,"1":0,"2":0,"3":0},"b":{"0":[0,0]}}
,"E:\\Capstone\\Puzzle-Project-main\\src\\components\\Icons.jsx": {"path":"E:\\Capstone\\Puzzle-Project-main\\src\\components\\Icons.jsx","statementMap":{"0":{"start":{"line":3,"column":2},"end":{"line":8,"column":3}},"1":{"start":{"line":12,"column":2},"end":{"line":16,"column":3}},"2":{"start":{"line":20,"column":2},"end":{"line":30,"column":3}},"3":{"start":{"line":34,"column":2},"end":{"line":38,"column":3}}},"fnMap":{"0":{"name":"ClockIcon","decl":{"start":{"line":2,"column":16},"end":{"line":2,"column":25}},"loc":{"start":{"line":2,"column":46},"end":{"line":9,"column":1}},"line":2},"1":{"name":"FireIcon","decl":{"start":{"line":11,"column":16},"end":{"line":11,"column":24}},"loc":{"start":{"line":11,"column":45},"end":{"line":17,"column":1}},"line":11},"2":{"name":"WifiOffIcon","decl":{"start":{"line":19,"column":16},"end":{"line":19,"column":27}},"loc":{"start":{"line":19,"column":48},"end":{"line":31,"column":1}},"line":19},"3":{"name":"CheckIcon","decl":{"start":{"line":33,"column":16},"end":{"line":33,"column":25}},"loc":{"start":{"line":33,"column":46},"end":{"line":39,"column":1}},"line":33}},"branchMap":{"0":{"loc":{"start":{"line":2,"column":28},"end":{"line":2,"column":42}},"type":"default-arg","locations":[{"start":{"line":2,"column":40},"end":{"line":2,"column":42}}],"line":2},"1":{"loc":{"start":{"line":11,"column":27},"end":{"line":11,"column":41}},"type":"default-arg","locations":[{"start":{"line":11,"column":39},"end":{"line":11,"column":41}}],"line":11},"2":{"loc":{"start":{"line":19,"column":30},"end":{"line":19,"column":44}},"type":"default-arg","locations":[{"start":{"line":19,"column":42},"end":{"line":19,"column":44}}],"line":19},"3":{"loc":{"start":{"line":33,"column":28},"end":{"line":33,"column":42}},"type":"default-arg","locations":[{"start":{"line":33,"column":40},"end":{"line":33,"column":42}}],"line":33}},"s":{"0":0,"1":0,"2":0,"3":0},"f":{"0":0,"1":0,"2":0,"3":0},"b":{"0":[0],"1":[0],"2":[0],"3":[0]}}
,"E:\\Capstone\\Puzzle-Project-main\\src\\components\\CompletionModal\\CompletionModal.jsx": {"path":"E:\\Capstone\\Puzzle-Project-main\\src\\components\\CompletionModal\\CompletionModal.jsx","statementMap":{"0":{"start":{"line":4,"column":24},"end":{"line":7,"column":1}},"1":{"start":{"line":9,"column":22},"end":{"line":12,"column":1}},"2":{"start":{"line":15,"column":18},"end":{"line":20,"column":3}},"3":{"start":{"line":15,"column":56},"end":{"line":20,"column":1}},"4":{"start":{"line":23,"column":19},"end":{"line":23,"column":32}},"5":{"start":{"line":24,"column":18},"end":{"line":24,"column":44}},"6":{"start":{"line":25,"column":18},"end":{"line":25,"column":32}},"7":{"start":{"line":26,"column":18},"end":{"line":26,"column":73}},"8":{"start":{"line":28,"column":18},"end":{"line":33,"column":3}},"9":{"start":{"line":29,"column":4},"end":{"line":29,"column":75}},"10":{"start":{"line":29,"column":18},"end":{"line":29,"column":75}},"11":{"start":{"line":30,"column":4},"end":{"line":30,"column":76}},"12":{"start":{"line":30,"column":18},"end":{"line":30,"column":76}},"13":{"start":{"line":31,"column":4},"end":{"line":31,"column":77}},"14":{"start":{"line":31,"column":18},"end":{"line":31,"column":77}},"15":{"start":{"line":32,"column":4},"end":{"line":32,"column":63}},"16":{"start":{"line":35,"column":15},"end":{"line":35,"column":29}},"17":{"start":{"line":37,"column":2},"end":{"line":149,"column":3}},"18":{"start":{"line":52,"column":12},"end":{"line":64,"column":14}},"19":{"start":{"line":131,"column":35},"end":{"line":131,"column":55}}},"fnMap":{"0":{"name":"(anonymous_0)","decl":{"start":{"line":15,"column":45},"end":{"line":15,"column":46}},"loc":{"start":{"line":15,"column":56},"end":{"line":20,"column":1}},"line":15},"1":{"name":"CompletionModal","decl":{"start":{"line":22,"column":24},"end":{"line":22,"column":39}},"loc":{"start":{"line":22,"column":91},"end":{"line":150,"column":1}},"line":22},"2":{"name":"(anonymous_2)","decl":{"start":{"line":28,"column":18},"end":{"line":28,"column":19}},"loc":{"start":{"line":28,"column":25},"end":{"line":33,"column":3}},"line":28},"3":{"name":"(anonymous_3)","decl":{"start":{"line":51,"column":25},"end":{"line":51,"column":26}},"loc":{"start":{"line":52,"column":12},"end":{"line":64,"column":14}},"line":52},"4":{"name":"(anonymous_4)","decl":{"start":{"line":131,"column":29},"end":{"line":131,"column":30}},"loc":{"start":{"line":131,"column":35},"end":{"line":131,"column":55}},"line":131}},"branchMap":{"0":{"loc":{"start":{"line":26,"column":18},"end":{"line":26,"column":73}},"type":"cond-expr","locations":[{"start":{"line":26,"column":32},"end":{"line":26,"column":57}},{"start":{"line":26,"column":60},"end":{"line":26,"column":73}}],"line":26},"1":{"loc":{"start":{"line":29,"column":4},"end":{"line":29,"column":75}},"type":"if","locations":[{"start":{"line":29,"column":4},"end":{"line":29,"column":75}},{"start":{},"end":{}}],"line":29},"2":{"loc":{"start":{"line":30,"column":4},"end":{"line":30,"column":76}},"type":"if","locations":[{"start":{"line":30,"column":4},"end":{"line":30,"column":76}},{"start":{},"end":{}}],"line":30},"3":{"loc":{"start":{"line":31,"column":4},"end":{"line":31,"column":77}},"type":"if","locations":[{"start":{"line":31,"column":4},"end":{"line":31,"column":77}},{"start":{},"end":{}}],"line":31},"4":{"loc":{"start":{"line":39,"column":7},"end":{"line":147,"column":7}},"type":"binary-expr","locations":[{"start":{"line":39,"column":7},"end":{"line":39,"column":13}},{"start":{"line":40,"column":8},"end":{"line":146,"column":21}}],"line":39},"5":{"loc":{"start":{"line":102,"column":17},"end":{"line":102,"column":80}},"type":"cond-expr","locations":[{"start":{"line":102,"column":30},"end":{"line":102,"column":58}},{"start":{"line":102,"column":61},"end":{"line":102,"column":80}}],"line":102},"6":{"loc":{"start":{"line":129,"column":17},"end":{"line":136,"column":17}},"type":"binary-expr","locations":[{"start":{"line":129,"column":17},"end":{"line":129,"column":28}},{"start":{"line":130,"column":18},"end":{"line":135,"column":27}}],"line":129},"7":{"loc":{"start":{"line":141,"column":19},"end":{"line":141,"column":55}},"type":"cond-expr","locations":[{"start":{"line":141,"column":32},"end":{"line":141,"column":46}},{"start":{"line":141,"column":49},"end":{"line":141,"column":55}}],"line":141}},"s":{"0":0,"1":0,"2":0,"3":0,"4":0,"5":0,"6":0,"7":0,"8":0,"9":0,"10":0,"11":0,"12":0,"13":0,"14":0,"15":0,"16":0,"17":0,"18":0,"19":0},"f":{"0":0,"1":0,"2":0,"3":0,"4":0},"b":{"0":[0,0],"1":[0,0],"2":[0,0],"3":[0,0],"4":[0,0],"5":[0,0],"6":[0,0],"7":[0,0]}}
,"E:\\Capstone\\Puzzle-Project-main\\src\\components\\HeatmapGrid\\HeatmapGrid.jsx": {"path":"E:\\Capstone\\Puzzle-Project-main\\src\\components\\HeatmapGrid\\HeatmapGrid.jsx","statementMap":{"0":{"start":{"line":7,"column":25},"end":{"line":13,"column":1}},"1":{"start":{"line":15,"column":25},"end":{"line":15,"column":94}},"2":{"start":{"line":18,"column":40},"end":{"line":18,"column":52}},"3":{"start":{"line":19,"column":32},"end":{"line":19,"column":46}},"4":{"start":{"line":20,"column":34},"end":{"line":20,"column":49}},"5":{"start":{"line":22,"column":16},"end":{"line":22,"column":33}},"6":{"start":{"line":23,"column":16},"end":{"line":23,"column":29}},"7":{"start":{"line":25,"column":2},"end":{"line":34,"column":8}},"8":{"start":{"line":26,"column":4},"end":{"line":33,"column":6}},"9":{"start":{"line":27,"column":18},"end":{"line":27,"column":20}},"10":{"start":{"line":28,"column":6},"end":{"line":30,"column":8}},"11":{"start":{"line":29,"column":8},"end":{"line":29,"column":58}},"12":{"start":{"line":31,"column":6},"end":{"line":31,"column":25}},"13":{"start":{"line":32,"column":6},"end":{"line":32,"column":23}},"14":{"start":{"line":37,"column":20},"end":{"line":37,"column":28}},"15":{"start":{"line":38,"column":19},"end":{"line":38,"column":47}},"16":{"start":{"line":41,"column":22},"end":{"line":41,"column":63}},"17":{"start":{"line":42,"column":16},"end":{"line":42,"column":18}},"18":{"start":{"line":43,"column":2},"end":{"line":45,"column":3}},"19":{"start":{"line":43,"column":15},"end":{"line":43,"column":16}},"20":{"start":{"line":44,"column":4},"end":{"line":44,"column":43}},"21":{"start":{"line":47,"column":23},"end":{"line":52,"column":3}},"22":{"start":{"line":48,"column":4},"end":{"line":48,"column":24}},"23":{"start":{"line":48,"column":15},"end":{"line":48,"column":24}},"24":{"start":{"line":49,"column":21},"end":{"line":49,"column":38}},"25":{"start":{"line":50,"column":4},"end":{"line":50,"column":35}},"26":{"start":{"line":50,"column":27},"end":{"line":50,"column":35}},"27":{"start":{"line":51,"column":4},"end":{"line":51,"column":43}},"28":{"start":{"line":54,"column":23},"end":{"line":54,"column":107}},"29":{"start":{"line":57,"column":25},"end":{"line":57,"column":27}},"30":{"start":{"line":58,"column":2},"end":{"line":66,"column":4}},"31":{"start":{"line":59,"column":22},"end":{"line":59,"column":40}},"32":{"start":{"line":60,"column":4},"end":{"line":65,"column":5}},"33":{"start":{"line":61,"column":16},"end":{"line":61,"column":35}},"34":{"start":{"line":62,"column":6},"end":{"line":64,"column":7}},"35":{"start":{"line":63,"column":8},"end":{"line":63,"column":70}},"36":{"start":{"line":68,"column":2},"end":{"line":149,"column":3}},"37":{"start":{"line":74,"column":23},"end":{"line":74,"column":62}},"38":{"start":{"line":74,"column":50},"end":{"line":74,"column":61}},"39":{"start":{"line":75,"column":12},"end":{"line":79,"column":13}},"40":{"start":{"line":86,"column":12},"end":{"line":112,"column":18}},"41":{"start":{"line":88,"column":34},"end":{"line":88,"column":52}},"42":{"start":{"line":89,"column":16},"end":{"line":91,"column":17}},"43":{"start":{"line":90,"column":18},"end":{"line":90,"column":71}},"44":{"start":{"line":92,"column":32},"end":{"line":92,"column":46}},"45":{"start":{"line":94,"column":16},"end":{"line":110,"column":17}},"46":{"start":{"line":106,"column":22},"end":{"line":106,"column":105}},"47":{"start":{"line":108,"column":40},"end":{"line":108,"column":56}},"48":{"start":{"line":119,"column":12},"end":{"line":121,"column":18}},"49":{"start":{"line":144,"column":10},"end":{"line":144,"column":68}}},"fnMap":{"0":{"name":"HeatmapGrid","decl":{"start":{"line":17,"column":24},"end":{"line":17,"column":35}},"loc":{"start":{"line":17,"column":38},"end":{"line":150,"column":1}},"line":17},"1":{"name":"(anonymous_1)","decl":{"start":{"line":25,"column":12},"end":{"line":25,"column":13}},"loc":{"start":{"line":25,"column":18},"end":{"line":34,"column":3}},"line":25},"2":{"name":"(anonymous_2)","decl":{"start":{"line":26,"column":26},"end":{"line":26,"column":27}},"loc":{"start":{"line":26,"column":42},"end":{"line":33,"column":5}},"line":26},"3":{"name":"(anonymous_3)","decl":{"start":{"line":28,"column":25},"end":{"line":28,"column":26}},"loc":{"start":{"line":28,"column":32},"end":{"line":30,"column":7}},"line":28},"4":{"name":"(anonymous_4)","decl":{"start":{"line":47,"column":23},"end":{"line":47,"column":24}},"loc":{"start":{"line":47,"column":33},"end":{"line":52,"column":3}},"line":47},"5":{"name":"(anonymous_5)","decl":{"start":{"line":58,"column":16},"end":{"line":58,"column":17}},"loc":{"start":{"line":58,"column":30},"end":{"line":66,"column":3}},"line":58},"6":{"name":"(anonymous_6)","decl":{"start":{"line":73,"column":21},"end":{"line":73,"column":22}},"loc":{"start":{"line":73,"column":32},"end":{"line":80,"column":11}},"line":73},"7":{"name":"(anonymous_7)","decl":{"start":{"line":74,"column":43},"end":{"line":74,"column":44}},"loc":{"start":{"line":74,"column":50},"end":{"line":74,"column":61}},"line":74},"8":{"name":"(anonymous_8)","decl":{"start":{"line":85,"column":21},"end":{"line":85,"column":22}},"loc":{"start":{"line":86,"column":12},"end":{"line":112,"column":18}},"line":86},"9":{"name":"(anonymous_9)","decl":{"start":{"line":87,"column":24},"end":{"line":87,"column":25}},"loc":{"start":{"line":87,"column":38},"end":{"line":111,"column":15}},"line":87},"10":{"name":"(anonymous_10)","decl":{"start":{"line":105,"column":34},"end":{"line":105,"column":35}},"loc":{"start":{"line":106,"column":22},"end":{"line":106,"column":105}},"line":106},"11":{"name":"(anonymous_11)","decl":{"start":{"line":108,"column":34},"end":{"line":108,"column":35}},"loc":{"start":{"line":108,"column":40},"end":{"line":108,"column":56}},"line":108},"12":{"name":"(anonymous_12)","decl":{"start":{"line":118,"column":47},"end":{"line":118,"column":48}},"loc":{"start":{"line":119,"column":12},"end":{"line":121,"column":18}},"line":119},"13":{"name":"(anonymous_13)","decl":{"start":{"line":143,"column":30},"end":{"line":143,"column":31}},"loc":{"start":{"line":144,"column":10},"end":{"line":144,"column":68}},"line":144}},"branchMap":{"0":{"loc":{"start":{"line":48,"column":4},"end":{"line":48,"column":24}},"type":"if","locations":[{"start":{"line":48,"column":4},"end":{"line":48,"column":24}},{"start":{},"end":{}}],"line":48},"1":{"loc":{"start":{"line":50,"column":4},"end":{"line":50,"column":35}},"type":"if","locations":[{"start":{"line":50,"column":4},"end":{"line":50,"column":35}},{"start":{},"end":{}}],"line":50},"2":{"loc":{"start":{"line":60,"column":4},"end":{"line":65,"column":5}},"type":"if","locations":[{"start":{"line":60,"column":4},"end":{"line":65,"column":5}},{"start":{},"end":{}}],"line":60},"3":{"loc":{"start":{"line":62,"column":6},"end":{"line":64,"column":7}},"type":"if","locations":[{"start":{"line":62,"column":6},"end":{"line":64,"column":7}},{"start":{},"end":{}}],"line":62},"4":{"loc":{"start":{"line":77,"column":17},"end":{"line":77,"column":35}},"type":"cond-expr","locations":[{"start":{"line":77,"column":22},"end":{"line":77,"column":30}},{"start":{"line":77,"column":33},"end":{"line":77,"column":35}}],"line":77},"5":{"loc":{"start":{"line":89,"column":16},"end":{"line":91,"column":17}},"type":"if","locations":[{"start":{"line":89,"column":16},"end":{"line":91,"column":17}},{"start":{},"end":{}}],"line":89},"6":{"loc":{"start":{"line":99,"column":24},"end":{"line":99,"column":97}},"type":"cond-expr","locations":[{"start":{"line":99,"column":34},"end":{"line":99,"column":92}},{"start":{"line":99,"column":95},"end":{"line":99,"column":97}}],"line":99},"7":{"loc":{"start":{"line":102,"column":29},"end":{"line":102,"column":72}},"type":"cond-expr","locations":[{"start":{"line":102,"column":40},"end":{"line":102,"column":64}},{"start":{"line":102,"column":67},"end":{"line":102,"column":72}}],"line":102},"8":{"loc":{"start":{"line":106,"column":59},"end":{"line":106,"column":88}},"type":"binary-expr","locations":[{"start":{"line":106,"column":59},"end":{"line":106,"column":83}},{"start":{"line":106,"column":87},"end":{"line":106,"column":88}}],"line":106},"9":{"loc":{"start":{"line":127,"column":7},"end":{"line":138,"column":7}},"type":"binary-expr","locations":[{"start":{"line":127,"column":7},"end":{"line":127,"column":14}},{"start":{"line":127,"column":18},"end":{"line":127,"column":30}},{"start":{"line":128,"column":8},"end":{"line":137,"column":21}}],"line":127},"10":{"loc":{"start":{"line":136,"column":11},"end":{"line":136,"column":106}},"type":"binary-expr","locations":[{"start":{"line":136,"column":11},"end":{"line":136,"column":28}},{"start":{"line":136,"column":32},"end":{"line":136,"column":106}}],"line":136}},"s":{"0":0,"1":0,"2":0,"3":0,"4":0,"5":0,"6":0,"7":0,"8":0,"9":0,"10":0,"11":0,"12":0,"13":0,"14":0,"15":0,"16":0,"17":0,"18":0,"19":0,"20":0,"21":0,"22":0,"23":0,"24":0,"25":0,"26":0,"27":0,"28":0,"29":0,"30":0,"31":0,"32":0,"33":0,"34":0,"35":0,"36":0,"37":0,"38":0,"39":0,"40":0,"41":0,"42":0,"43":0,"44":0,"45":0,"46":0,"47":0,"48":0,"49":0},"f":{"0":0,"1":0,"2":0,"3":0,"4":0,"5":0,"6":0,"7":0,"8":0,"9":0,"10":0,"11":0,"12":0,"13":0},"b":{"0":[0,0],"1":[0,0],"2":[0,0],"3":[0,0],"4":[0,0],"5":[0,0],"6":[0,0],"7":[0,0],"8":[0,0],"9":[0,0,0],"10":[0,0]}}
,"E:\\Capstone\\Puzzle-Project-main\\src\\components\\Navbar\\Navbar.jsx": {"path":"E:\\Capstone\\Puzzle-Project-main\\src\\components\\Navbar\\Navbar.jsx","statementMap":{"0":{"start":{"line":7,"column":28},"end":{"line":7,"column":54}},"1":{"start":{"line":7,"column":47},"end":{"line":7,"column":53}},"2":{"start":{"line":8,"column":49},"end":{"line":8,"column":75}},"3":{"start":{"line":8,"column":68},"end":{"line":8,"column":74}},"4":{"start":{"line":9,"column":19},"end":{"line":9,"column":32}},"5":{"start":{"line":11,"column":24},"end":{"line":18,"column":3}},"6":{"start":{"line":12,"column":4},"end":{"line":12,"column":84}},"7":{"start":{"line":12,"column":19},"end":{"line":12,"column":84}},"8":{"start":{"line":13,"column":4},"end":{"line":13,"column":110}},"9":{"start":{"line":13,"column":34},"end":{"line":13,"column":110}},"10":{"start":{"line":14,"column":4},"end":{"line":14,"column":97}},"11":{"start":{"line":14,"column":34},"end":{"line":14,"column":97}},"12":{"start":{"line":15,"column":4},"end":{"line":15,"column":97}},"13":{"start":{"line":15,"column":32},"end":{"line":15,"column":97}},"14":{"start":{"line":16,"column":4},"end":{"line":16,"column":109}},"15":{"start":{"line":16,"column":26},"end":{"line":16,"column":109}},"16":{"start":{"line":17,"column":4},"end":{"line":17,"column":15}},"17":{"start":{"line":20,"column":19},"end":{"line":20,"column":34}},"18":{"start":{"line":22,"column":2},"end":{"line":87,"column":3}},"19":{"start":{"line":49,"column":12},"end":{"line":59,"column":19}}},"fnMap":{"0":{"name":"Navbar","decl":{"start":{"line":6,"column":24},"end":{"line":6,"column":30}},"loc":{"start":{"line":6,"column":33},"end":{"line":88,"column":1}},"line":6},"1":{"name":"(anonymous_1)","decl":{"start":{"line":7,"column":40},"end":{"line":7,"column":41}},"loc":{"start":{"line":7,"column":47},"end":{"line":7,"column":53}},"line":7},"2":{"name":"(anonymous_2)","decl":{"start":{"line":8,"column":61},"end":{"line":8,"column":62}},"loc":{"start":{"line":8,"column":68},"end":{"line":8,"column":74}},"line":8},"3":{"name":"(anonymous_3)","decl":{"start":{"line":11,"column":24},"end":{"line":11,"column":25}},"loc":{"start":{"line":11,"column":30},"end":{"line":18,"column":3}},"line":11},"4":{"name":"(anonymous_4)","decl":{"start":{"line":48,"column":16},"end":{"line":48,"column":17}},"loc":{"start":{"line":49,"column":12},"end":{"line":59,"column":19}},"line":49}},"branchMap":{"0":{"loc":{"start":{"line":12,"column":4},"end":{"line":12,"column":84}},"type":"if","locations":[{"start":{"line":12,"column":4},"end":{"line":12,"column":84}},{"start":{},"end":{}}],"line":12},"1":{"loc":{"start":{"line":13,"column":4},"end":{"line":13,"column":110}},"type":"if","locations":[{"start":{"line":13,"column":4},"end":{"line":13,"column":110}},{"start":{},"end":{}}],"line":13},"2":{"loc":{"start":{"line":14,"column":4},"end":{"line":14,"column":97}},"type":"if","locations":[{"start":{"line":14,"column":4},"end":{"line":14,"column":97}},{"start":{},"end":{}}],"line":14},"3":{"loc":{"start":{"line":15,"column":4},"end":{"line":15,"column":97}},"type":"if","locations":[{"start":{"line":15,"column":4},"end":{"line":15,"column":97}},{"start":{},"end":{}}],"line":15},"4":{"loc":{"start":{"line":16,"column":4},"end":{"line":16,"column":109}},"type":"if","locations":[{"start":{"line":16,"column":4},"end":{"line":16,"column":109}},{"start":{},"end":{}}],"line":16},"5":{"loc":{"start":{"line":53,"column":16},"end":{"line":55,"column":73}},"type":"cond-expr","locations":[{"start":{"line":54,"column":20},"end":{"line":54,"column":52}},{"start":{"line":55,"column":20},"end":{"line":55,"column":73}}],"line":53},"6":{"loc":{"start":{"line":66,"column":11},"end":{"line":76,"column":11}},"type":"binary-expr","locations":[{"start":{"line":66,"column":11},"end":{"line":66,"column":19}},{"start":{"line":67,"column":12},"end":{"line":75,"column":25}}],"line":66},"7":{"loc":{"start":{"line":82,"column":13},"end":{"line":82,"column":66}},"type":"cond-expr","locations":[{"start":{"line":82,"column":23},"end":{"line":82,"column":26}},{"start":{"line":82,"column":29},"end":{"line":82,"column":66}}],"line":82},"8":{"loc":{"start":{"line":82,"column":29},"end":{"line":82,"column":66}},"type":"binary-expr","locations":[{"start":{"line":82,"column":29},"end":{"line":82,"column":59}},{"start":{"line":82,"column":63},"end":{"line":82,"column":66}}],"line":82}},"s":{"0":0,"1":0,"2":0,"3":0,"4":0,"5":0,"6":0,"7":0,"8":0,"9":0,"10":0,"11":0,"12":0,"13":0,"14":0,"15":0,"16":0,"17":0,"18":0,"19":0},"f":{"0":0,"1":0,"2":0,"3":0,"4":0},"b":{"0":[0,0],"1":[0,0],"2":[0,0],"3":[0,0],"4":[0,0],"5":[0,0],"6":[0,0],"7":[0,0],"8":[0,0]}}
,"E:\\Capstone\\Puzzle-Project-main\\src\\components\\PuzzleBoard\\NumberMatrixBoard.jsx": {"path":"E:\\Capstone\\Puzzle-Project-main\\src\\components\\PuzzleBoard\\NumberMatrixBoard.jsx","statementMap":{"0":{"start":{"line":5,"column":2},"end":{"line":5,"column":37}},"1":{"start":{"line":5,"column":26},"end":{"line":5,"column":37}},"2":{"start":{"line":7,"column":15},"end":{"line":7,"column":28}},"3":{"start":{"line":8,"column":20},"end":{"line":8,"column":59}},"4":{"start":{"line":10,"column":22},"end":{"line":19,"column":3}},"5":{"start":{"line":11,"column":4},"end":{"line":11,"column":46}},"6":{"start":{"line":11,"column":40},"end":{"line":11,"column":46}},"7":{"start":{"line":12,"column":21},"end":{"line":12,"column":36}},"8":{"start":{"line":13,"column":16},"end":{"line":13,"column":38}},"9":{"start":{"line":14,"column":4},"end":{"line":18,"column":5}},"10":{"start":{"line":15,"column":6},"end":{"line":15,"column":31}},"11":{"start":{"line":17,"column":6},"end":{"line":17,"column":33}},"12":{"start":{"line":21,"column":24},"end":{"line":37,"column":3}},"13":{"start":{"line":22,"column":4},"end":{"line":22,"column":78}},"14":{"start":{"line":22,"column":72},"end":{"line":22,"column":78}},"15":{"start":{"line":23,"column":4},"end":{"line":36,"column":5}},"16":{"start":{"line":24,"column":6},"end":{"line":24,"column":24}},"17":{"start":{"line":25,"column":15},"end":{"line":25,"column":18}},"18":{"start":{"line":25,"column":25},"end":{"line":25,"column":28}},"19":{"start":{"line":26,"column":6},"end":{"line":26,"column":56}},"20":{"start":{"line":26,"column":31},"end":{"line":26,"column":56}},"21":{"start":{"line":27,"column":6},"end":{"line":27,"column":65}},"22":{"start":{"line":27,"column":33},"end":{"line":27,"column":65}},"23":{"start":{"line":28,"column":6},"end":{"line":28,"column":58}},"24":{"start":{"line":28,"column":33},"end":{"line":28,"column":58}},"25":{"start":{"line":29,"column":6},"end":{"line":29,"column":66}},"26":{"start":{"line":29,"column":34},"end":{"line":29,"column":66}},"27":{"start":{"line":30,"column":24},"end":{"line":30,"column":102}},"28":{"start":{"line":31,"column":6},"end":{"line":34,"column":7}},"29":{"start":{"line":32,"column":8},"end":{"line":32,"column":25}},"30":{"start":{"line":33,"column":8},"end":{"line":33,"column":26}},"31":{"start":{"line":35,"column":6},"end":{"line":35,"column":12}},"32":{"start":{"line":39,"column":23},"end":{"line":65,"column":3}},"33":{"start":{"line":40,"column":19},"end":{"line":40,"column":34}},"34":{"start":{"line":41,"column":24},"end":{"line":41,"column":45}},"35":{"start":{"line":42,"column":20},"end":{"line":42,"column":42}},"36":{"start":{"line":45,"column":29},"end":{"line":45,"column":87}},"37":{"start":{"line":46,"column":30},"end":{"line":46,"column":88}},"38":{"start":{"line":48,"column":15},"end":{"line":48,"column":144}},"39":{"start":{"line":50,"column":4},"end":{"line":58,"column":5}},"40":{"start":{"line":51,"column":6},"end":{"line":51,"column":75}},"41":{"start":{"line":52,"column":11},"end":{"line":58,"column":5}},"42":{"start":{"line":53,"column":6},"end":{"line":53,"column":96}},"43":{"start":{"line":54,"column":11},"end":{"line":58,"column":5}},"44":{"start":{"line":55,"column":6},"end":{"line":55,"column":119}},"45":{"start":{"line":57,"column":6},"end":{"line":57,"column":134}},"46":{"start":{"line":60,"column":17},"end":{"line":60,"column":19}},"47":{"start":{"line":61,"column":4},"end":{"line":61,"column":43}},"48":{"start":{"line":61,"column":26},"end":{"line":61,"column":43}},"49":{"start":{"line":62,"column":4},"end":{"line":62,"column":44}},"50":{"start":{"line":62,"column":27},"end":{"line":62,"column":44}},"51":{"start":{"line":64,"column":4},"end":{"line":64,"column":27}},"52":{"start":{"line":67,"column":2},"end":{"line":124,"column":3}},"53":{"start":{"line":70,"column":8},"end":{"line":121,"column":14}},"54":{"start":{"line":72,"column":28},"end":{"line":72,"column":46}},"55":{"start":{"line":73,"column":12},"end":{"line":119,"column":13}},"56":{"start":{"line":97,"column":36},"end":{"line":97,"column":53}},"57":{"start":{"line":98,"column":37},"end":{"line":98,"column":70}},"58":{"start":{"line":99,"column":38},"end":{"line":99,"column":60}}},"fnMap":{"0":{"name":"NumberMatrixBoard","decl":{"start":{"line":4,"column":24},"end":{"line":4,"column":41}},"loc":{"start":{"line":4,"column":96},"end":{"line":125,"column":1}},"line":4},"1":{"name":"(anonymous_1)","decl":{"start":{"line":10,"column":22},"end":{"line":10,"column":23}},"loc":{"start":{"line":10,"column":43},"end":{"line":19,"column":3}},"line":10},"2":{"name":"(anonymous_2)","decl":{"start":{"line":21,"column":24},"end":{"line":21,"column":25}},"loc":{"start":{"line":21,"column":41},"end":{"line":37,"column":3}},"line":21},"3":{"name":"(anonymous_3)","decl":{"start":{"line":39,"column":23},"end":{"line":39,"column":24}},"loc":{"start":{"line":39,"column":37},"end":{"line":65,"column":3}},"line":39},"4":{"name":"(anonymous_4)","decl":{"start":{"line":69,"column":18},"end":{"line":69,"column":19}},"loc":{"start":{"line":70,"column":8},"end":{"line":121,"column":14}},"line":70},"5":{"name":"(anonymous_5)","decl":{"start":{"line":71,"column":19},"end":{"line":71,"column":20}},"loc":{"start":{"line":71,"column":31},"end":{"line":120,"column":11}},"line":71},"6":{"name":"(anonymous_6)","decl":{"start":{"line":97,"column":29},"end":{"line":97,"column":30}},"loc":{"start":{"line":97,"column":36},"end":{"line":97,"column":53}},"line":97},"7":{"name":"(anonymous_7)","decl":{"start":{"line":98,"column":30},"end":{"line":98,"column":31}},"loc":{"start":{"line":98,"column":37},"end":{"line":98,"column":70}},"line":98},"8":{"name":"(anonymous_8)","decl":{"start":{"line":99,"column":31},"end":{"line":99,"column":32}},"loc":{"start":{"line":99,"column":38},"end":{"line":99,"column":60}},"line":99}},"branchMap":{"0":{"loc":{"start":{"line":5,"column":2},"end":{"line":5,"column":37}},"type":"if","locations":[{"start":{"line":5,"column":2},"end":{"line":5,"column":37}},{"start":{},"end":{}}],"line":5},"1":{"loc":{"start":{"line":5,"column":6},"end":{"line":5,"column":24}},"type":"binary-expr","locations":[{"start":{"line":5,"column":6},"end":{"line":5,"column":13}},{"start":{"line":5,"column":17},"end":{"line":5,"column":24}}],"line":5},"2":{"loc":{"start":{"line":8,"column":20},"end":{"line":8,"column":59}},"type":"cond-expr","locations":[{"start":{"line":8,"column":34},"end":{"line":8,"column":36}},{"start":{"line":8,"column":39},"end":{"line":8,"column":59}}],"line":8},"3":{"loc":{"start":{"line":11,"column":4},"end":{"line":11,"column":46}},"type":"if","locations":[{"start":{"line":11,"column":4},"end":{"line":11,"column":46}},{"start":{},"end":{}}],"line":11},"4":{"loc":{"start":{"line":11,"column":8},"end":{"line":11,"column":38}},"type":"binary-expr","locations":[{"start":{"line":11,"column":8},"end":{"line":11,"column":19}},{"start":{"line":11,"column":23},"end":{"line":11,"column":38}}],"line":11},"5":{"loc":{"start":{"line":14,"column":4},"end":{"line":18,"column":5}},"type":"if","locations":[{"start":{"line":14,"column":4},"end":{"line":18,"column":5}},{"start":{"line":16,"column":11},"end":{"line":18,"column":5}}],"line":14},"6":{"loc":{"start":{"line":14,"column":8},"end":{"line":14,"column":43}},"type":"binary-expr","locations":[{"start":{"line":14,"column":8},"end":{"line":14,"column":18}},{"start":{"line":14,"column":22},"end":{"line":14,"column":29}},{"start":{"line":14,"column":33},"end":{"line":14,"column":43}}],"line":14},"7":{"loc":{"start":{"line":22,"column":4},"end":{"line":22,"column":78}},"type":"if","locations":[{"start":{"line":22,"column":4},"end":{"line":22,"column":78}},{"start":{},"end":{}}],"line":22},"8":{"loc":{"start":{"line":22,"column":8},"end":{"line":22,"column":70}},"type":"binary-expr","locations":[{"start":{"line":22,"column":8},"end":{"line":22,"column":29}},{"start":{"line":22,"column":33},"end":{"line":22,"column":51}},{"start":{"line":22,"column":55},"end":{"line":22,"column":70}}],"line":22},"9":{"loc":{"start":{"line":23,"column":4},"end":{"line":36,"column":5}},"type":"if","locations":[{"start":{"line":23,"column":4},"end":{"line":36,"column":5}},{"start":{},"end":{}}],"line":23},"10":{"loc":{"start":{"line":26,"column":6},"end":{"line":26,"column":56}},"type":"if","locations":[{"start":{"line":26,"column":6},"end":{"line":26,"column":56}},{"start":{},"end":{}}],"line":26},"11":{"loc":{"start":{"line":27,"column":6},"end":{"line":27,"column":65}},"type":"if","locations":[{"start":{"line":27,"column":6},"end":{"line":27,"column":65}},{"start":{},"end":{}}],"line":27},"12":{"loc":{"start":{"line":28,"column":6},"end":{"line":28,"column":58}},"type":"if","locations":[{"start":{"line":28,"column":6},"end":{"line":28,"column":58}},{"start":{},"end":{}}],"line":28},"13":{"loc":{"start":{"line":29,"column":6},"end":{"line":29,"column":66}},"type":"if","locations":[{"start":{"line":29,"column":6},"end":{"line":29,"column":66}},{"start":{},"end":{}}],"line":29},"14":{"loc":{"start":{"line":31,"column":6},"end":{"line":34,"column":7}},"type":"if","locations":[{"start":{"line":31,"column":6},"end":{"line":34,"column":7}},{"start":{},"end":{}}],"line":31},"15":{"loc":{"start":{"line":45,"column":29},"end":{"line":45,"column":87}},"type":"cond-expr","locations":[{"start":{"line":45,"column":42},"end":{"line":45,"column":51}},{"start":{"line":45,"column":54},"end":{"line":45,"column":87}}],"line":45},"16":{"loc":{"start":{"line":45,"column":54},"end":{"line":45,"column":87}},"type":"binary-expr","locations":[{"start":{"line":45,"column":54},"end":{"line":45,"column":67}},{"start":{"line":45,"column":71},"end":{"line":45,"column":87}}],"line":45},"17":{"loc":{"start":{"line":46,"column":30},"end":{"line":46,"column":88}},"type":"cond-expr","locations":[{"start":{"line":46,"column":43},"end":{"line":46,"column":52}},{"start":{"line":46,"column":55},"end":{"line":46,"column":88}}],"line":46},"18":{"loc":{"start":{"line":46,"column":55},"end":{"line":46,"column":88}},"type":"binary-expr","locations":[{"start":{"line":46,"column":55},"end":{"line":46,"column":68}},{"start":{"line":46,"column":72},"end":{"line":46,"column":88}}],"line":46},"19":{"loc":{"start":{"line":50,"column":4},"end":{"line":58,"column":5}},"type":"if","locations":[{"start":{"line":50,"column":4},"end":{"line":58,"column":5}},{"start":{"line":52,"column":11},"end":{"line":58,"column":5}}],"line":50},"20":{"loc":{"start":{"line":52,"column":11},"end":{"line":58,"column":5}},"type":"if","locations":[{"start":{"line":52,"column":11},"end":{"line":58,"column":5}},{"start":{"line":54,"column":11},"end":{"line":58,"column":5}}],"line":52},"21":{"loc":{"start":{"line":54,"column":11},"end":{"line":58,"column":5}},"type":"if","locations":[{"start":{"line":54,"column":11},"end":{"line":58,"column":5}},{"start":{"line":56,"column":11},"end":{"line":58,"column":5}}],"line":54},"22":{"loc":{"start":{"line":61,"column":4},"end":{"line":61,"column":43}},"type":"if","locations":[{"start":{"line":61,"column":4},"end":{"line":61,"column":43}},{"start":{},"end":{}}],"line":61},"23":{"loc":{"start":{"line":62,"column":4},"end":{"line":62,"column":44}},"type":"if","locations":[{"start":{"line":62,"column":4},"end":{"line":62,"column":44}},{"start":{},"end":{}}],"line":62},"24":{"loc":{"start":{"line":77,"column":28},"end":{"line":77,"column":86}},"type":"cond-expr","locations":[{"start":{"line":77,"column":59},"end":{"line":77,"column":81}},{"start":{"line":77,"column":84},"end":{"line":77,"column":86}}],"line":77},"25":{"loc":{"start":{"line":77,"column":28},"end":{"line":77,"column":56}},"type":"binary-expr","locations":[{"start":{"line":77,"column":28},"end":{"line":77,"column":40}},{"start":{"line":77,"column":44},"end":{"line":77,"column":56}}],"line":77},"26":{"loc":{"start":{"line":78,"column":26},"end":{"line":78,"column":77}},"type":"cond-expr","locations":[{"start":{"line":78,"column":57},"end":{"line":78,"column":72}},{"start":{"line":78,"column":75},"end":{"line":78,"column":77}}],"line":78},"27":{"loc":{"start":{"line":78,"column":26},"end":{"line":78,"column":54}},"type":"binary-expr","locations":[{"start":{"line":78,"column":26},"end":{"line":78,"column":38}},{"start":{"line":78,"column":42},"end":{"line":78,"column":54}}],"line":78},"28":{"loc":{"start":{"line":88,"column":17},"end":{"line":106,"column":17}},"type":"cond-expr","locations":[{"start":{"line":89,"column":18},"end":{"line":89,"column":58}},{"start":{"line":91,"column":18},"end":{"line":105,"column":20}}],"line":88},"29":{"loc":{"start":{"line":96,"column":27},"end":{"line":96,"column":47}},"type":"cond-expr","locations":[{"start":{"line":96,"column":39},"end":{"line":96,"column":41}},{"start":{"line":96,"column":44},"end":{"line":96,"column":47}}],"line":96},"30":{"loc":{"start":{"line":109,"column":19},"end":{"line":116,"column":19}},"type":"binary-expr","locations":[{"start":{"line":109,"column":19},"end":{"line":109,"column":36}},{"start":{"line":110,"column":20},"end":{"line":115,"column":22}}],"line":109}},"s":{"0":0,"1":0,"2":0,"3":0,"4":0,"5":0,"6":0,"7":0,"8":0,"9":0,"10":0,"11":0,"12":0,"13":0,"14":0,"15":0,"16":0,"17":0,"18":0,"19":0,"20":0,"21":0,"22":0,"23":0,"24":0,"25":0,"26":0,"27":0,"28":0,"29":0,"30":0,"31":0,"32":0,"33":0,"34":0,"35":0,"36":0,"37":0,"38":0,"39":0,"40":0,"41":0,"42":0,"43":0,"44":0,"45":0,"46":0,"47":0,"48":0,"49":0,"50":0,"51":0,"52":0,"53":0,"54":0,"55":0,"56":0,"57":0,"58":0},"f":{"0":0,"1":0,"2":0,"3":0,"4":0,"5":0,"6":0,"7":0,"8":0},"b":{"0":[0,0],"1":[0,0],"2":[0,0],"3":[0,0],"4":[0,0],"5":[0,0],"6":[0,0,0],"7":[0,0],"8":[0,0,0],"9":[0,0],"10":[0,0],"11":[0,0],"12":[0,0],"13":[0,0],"14":[0,0],"15":[0,0],"16":[0,0],"17":[0,0],"18":[0,0],"19":[0,0],"20":[0,0],"21":[0,0],"22":[0,0],"23":[0,0],"24":[0,0],"25":[0,0],"26":[0,0],"27":[0,0],"28":[0,0],"29":[0,0],"30":[0,0]}}
,"E:\\Capstone\\Puzzle-Project-main\\src\\components\\PuzzleBoard\\PatternMatchBoard.jsx": {"path":"E:\\Capstone\\Puzzle-Project-main\\src\\components\\PuzzleBoard\\PatternMatchBoard.jsx","statementMap":{"0":{"start":{"line":3,"column":20},"end":{"line":11,"column":1}},"1":{"start":{"line":14,"column":2},"end":{"line":14,"column":26}},"2":{"start":{"line":14,"column":15},"end":{"line":14,"column":26}},"3":{"start":{"line":16,"column":38},"end":{"line":16,"column":44}},"4":{"start":{"line":18,"column":2},"end":{"line":93,"column":3}},"5":{"start":{"line":23,"column":10},"end":{"line":32,"column":23}},"6":{"start":{"line":56,"column":29},"end":{"line":56,"column":43}},"7":{"start":{"line":57,"column":28},"end":{"line":57,"column":64}},"8":{"start":{"line":58,"column":26},"end":{"line":58,"column":76}},"9":{"start":{"line":60,"column":10},"end":{"line":80,"column":11}},"10":{"start":{"line":63,"column":29},"end":{"line":63,"column":64}}},"fnMap":{"0":{"name":"PatternMatchBoard","decl":{"start":{"line":13,"column":24},"end":{"line":13,"column":41}},"loc":{"start":{"line":13,"column":91},"end":{"line":94,"column":1}},"line":13},"1":{"name":"(anonymous_1)","decl":{"start":{"line":22,"column":22},"end":{"line":22,"column":23}},"loc":{"start":{"line":23,"column":10},"end":{"line":32,"column":23}},"line":23},"2":{"name":"(anonymous_2)","decl":{"start":{"line":55,"column":21},"end":{"line":55,"column":22}},"loc":{"start":{"line":55,"column":33},"end":{"line":81,"column":9}},"line":55},"3":{"name":"(anonymous_3)","decl":{"start":{"line":63,"column":23},"end":{"line":63,"column":24}},"loc":{"start":{"line":63,"column":29},"end":{"line":63,"column":64}},"line":63}},"branchMap":{"0":{"loc":{"start":{"line":14,"column":2},"end":{"line":14,"column":26}},"type":"if","locations":[{"start":{"line":14,"column":2},"end":{"line":14,"column":26}},{"start":{},"end":{}}],"line":14},"1":{"loc":{"start":{"line":38,"column":14},"end":{"line":40,"column":76}},"type":"cond-expr","locations":[{"start":{"line":39,"column":16},"end":{"line":39,"column":92}},{"start":{"line":40,"column":16},"end":{"line":40,"column":76}}],"line":38},"2":{"loc":{"start":{"line":42,"column":19},"end":{"line":42,"column":87}},"type":"cond-expr","locations":[{"start":{"line":42,"column":37},"end":{"line":42,"column":82}},{"start":{"line":42,"column":85},"end":{"line":42,"column":87}}],"line":42},"3":{"loc":{"start":{"line":44,"column":11},"end":{"line":44,"column":41}},"type":"cond-expr","locations":[{"start":{"line":44,"column":29},"end":{"line":44,"column":35}},{"start":{"line":44,"column":38},"end":{"line":44,"column":41}}],"line":44},"4":{"loc":{"start":{"line":45,"column":11},"end":{"line":49,"column":11}},"type":"binary-expr","locations":[{"start":{"line":45,"column":11},"end":{"line":45,"column":26}},{"start":{"line":46,"column":13},"end":{"line":48,"column":19}}],"line":45},"5":{"loc":{"start":{"line":57,"column":28},"end":{"line":57,"column":64}},"type":"binary-expr","locations":[{"start":{"line":57,"column":28},"end":{"line":57,"column":39}},{"start":{"line":57,"column":43},"end":{"line":57,"column":64}}],"line":57},"6":{"loc":{"start":{"line":58,"column":26},"end":{"line":58,"column":76}},"type":"binary-expr","locations":[{"start":{"line":58,"column":26},"end":{"line":58,"column":37}},{"start":{"line":58,"column":41},"end":{"line":58,"column":51}},{"start":{"line":58,"column":55},"end":{"line":58,"column":76}}],"line":58},"7":{"loc":{"start":{"line":63,"column":29},"end":{"line":63,"column":64}},"type":"binary-expr","locations":[{"start":{"line":63,"column":29},"end":{"line":63,"column":41}},{"start":{"line":63,"column":45},"end":{"line":63,"column":64}}],"line":63},"8":{"loc":{"start":{"line":65,"column":18},"end":{"line":65,"column":125}},"type":"cond-expr","locations":[{"start":{"line":65,"column":30},"end":{"line":65,"column":120}},{"start":{"line":65,"column":123},"end":{"line":65,"column":125}}],"line":65},"9":{"loc":{"start":{"line":66,"column":18},"end":{"line":66,"column":114}},"type":"cond-expr","locations":[{"start":{"line":66,"column":28},"end":{"line":66,"column":109}},{"start":{"line":66,"column":112},"end":{"line":66,"column":114}}],"line":66},"10":{"loc":{"start":{"line":67,"column":18},"end":{"line":67,"column":134}},"type":"cond-expr","locations":[{"start":{"line":67,"column":47},"end":{"line":67,"column":129}},{"start":{"line":67,"column":132},"end":{"line":67,"column":134}}],"line":67},"11":{"loc":{"start":{"line":67,"column":18},"end":{"line":67,"column":44}},"type":"binary-expr","locations":[{"start":{"line":67,"column":18},"end":{"line":67,"column":28}},{"start":{"line":67,"column":32},"end":{"line":67,"column":44}}],"line":67},"12":{"loc":{"start":{"line":68,"column":18},"end":{"line":68,"column":145}},"type":"cond-expr","locations":[{"start":{"line":68,"column":48},"end":{"line":68,"column":140}},{"start":{"line":68,"column":143},"end":{"line":68,"column":145}}],"line":68},"13":{"loc":{"start":{"line":68,"column":18},"end":{"line":68,"column":45}},"type":"binary-expr","locations":[{"start":{"line":68,"column":18},"end":{"line":68,"column":29}},{"start":{"line":68,"column":33},"end":{"line":68,"column":45}}],"line":68},"14":{"loc":{"start":{"line":70,"column":26},"end":{"line":70,"column":68}},"type":"cond-expr","locations":[{"start":{"line":70,"column":41},"end":{"line":70,"column":63}},{"start":{"line":70,"column":66},"end":{"line":70,"column":68}}],"line":70},"15":{"loc":{"start":{"line":71,"column":24},"end":{"line":71,"column":59}},"type":"cond-expr","locations":[{"start":{"line":71,"column":39},"end":{"line":71,"column":54}},{"start":{"line":71,"column":57},"end":{"line":71,"column":59}}],"line":71}},"s":{"0":0,"1":0,"2":0,"3":0,"4":0,"5":0,"6":0,"7":0,"8":0,"9":0,"10":0},"f":{"0":0,"1":0,"2":0,"3":0},"b":{"0":[0,0],"1":[0,0],"2":[0,0],"3":[0,0],"4":[0,0],"5":[0,0],"6":[0,0,0],"7":[0,0],"8":[0,0],"9":[0,0],"10":[0,0],"11":[0,0],"12":[0,0],"13":[0,0],"14":[0,0],"15":[0,0]}}
,"E:\\Capstone\\Puzzle-Project-main\\src\\components\\StreakBadge\\StreakBadge.jsx": {"path":"E:\\Capstone\\Puzzle-Project-main\\src\\components\\StreakBadge\\StreakBadge.jsx","statementMap":{"0":{"start":{"line":5,"column":35},"end":{"line":5,"column":63}},"1":{"start":{"line":5,"column":54},"end":{"line":5,"column":62}},"2":{"start":{"line":7,"column":2},"end":{"line":37,"column":3}}},"fnMap":{"0":{"name":"StreakBadge","decl":{"start":{"line":4,"column":24},"end":{"line":4,"column":35}},"loc":{"start":{"line":4,"column":38},"end":{"line":38,"column":1}},"line":4},"1":{"name":"(anonymous_1)","decl":{"start":{"line":5,"column":47},"end":{"line":5,"column":48}},"loc":{"start":{"line":5,"column":54},"end":{"line":5,"column":62}},"line":5}},"branchMap":{"0":{"loc":{"start":{"line":21,"column":21},"end":{"line":21,"column":61}},"type":"cond-expr","locations":[{"start":{"line":21,"column":33},"end":{"line":21,"column":56}},{"start":{"line":21,"column":59},"end":{"line":21,"column":61}}],"line":21},"1":{"loc":{"start":{"line":31,"column":7},"end":{"line":35,"column":7}},"type":"binary-expr","locations":[{"start":{"line":31,"column":7},"end":{"line":31,"column":24}},{"start":{"line":31,"column":28},"end":{"line":31,"column":49}},{"start":{"line":32,"column":8},"end":{"line":34,"column":14}}],"line":31}},"s":{"0":0,"1":0,"2":0},"f":{"0":0,"1":0},"b":{"0":[0,0],"1":[0,0,0]}}
,"E:\\Capstone\\Puzzle-Project-main\\src\\components\\Timer\\Timer.jsx": {"path":"E:\\Capstone\\Puzzle-Project-main\\src\\components\\Timer\\Timer.jsx","statementMap":{"0":{"start":{"line":6,"column":49},"end":{"line":6,"column":59}},"1":{"start":{"line":8,"column":2},"end":{"line":24,"column":3}}},"fnMap":{"0":{"name":"Timer","decl":{"start":{"line":5,"column":24},"end":{"line":5,"column":29}},"loc":{"start":{"line":5,"column":32},"end":{"line":25,"column":1}},"line":5}},"branchMap":{"0":{"loc":{"start":{"line":11,"column":15},"end":{"line":11,"column":121}},"type":"cond-expr","locations":[{"start":{"line":11,"column":30},"end":{"line":11,"column":116}},{"start":{"line":11,"column":119},"end":{"line":11,"column":121}}],"line":11},"1":{"loc":{"start":{"line":16,"column":7},"end":{"line":22,"column":7}},"type":"binary-expr","locations":[{"start":{"line":16,"column":7},"end":{"line":16,"column":19}},{"start":{"line":17,"column":8},"end":{"line":21,"column":10}}],"line":16}},"s":{"0":0,"1":0},"f":{"0":0},"b":{"0":[0,0],"1":[0,0]}}
,"E:\\Capstone\\Puzzle-Project-main\\src\\db\\idb.js": {"path":"E:\\Capstone\\Puzzle-Project-main\\src\\db\\idb.js","statementMap":{"0":{"start":{"line":4,"column":16},"end":{"line":4,"column":33}},"1":{"start":{"line":5,"column":19},"end":{"line":5,"column":20}},"2":{"start":{"line":7,"column":16},"end":{"line":7,"column":20}},"3":{"start":{"line":10,"column":2},"end":{"line":28,"column":3}},"4":{"start":{"line":11,"column":4},"end":{"line":27,"column":6}},"5":{"start":{"line":14,"column":8},"end":{"line":17,"column":9}},"6":{"start":{"line":15,"column":32},"end":{"line":15,"column":90}},"7":{"start":{"line":16,"column":10},"end":{"line":16,"column":55}},"8":{"start":{"line":19,"column":8},"end":{"line":21,"column":9}},"9":{"start":{"line":20,"column":10},"end":{"line":20,"column":69}},"10":{"start":{"line":23,"column":8},"end":{"line":25,"column":9}},"11":{"start":{"line":24,"column":10},"end":{"line":24,"column":65}},"12":{"start":{"line":29,"column":2},"end":{"line":29,"column":18}},"13":{"start":{"line":45,"column":13},"end":{"line":45,"column":26}},"14":{"start":{"line":46,"column":2},"end":{"line":46,"column":42}},"15":{"start":{"line":50,"column":13},"end":{"line":50,"column":26}},"16":{"start":{"line":51,"column":2},"end":{"line":51,"column":41}},"17":{"start":{"line":55,"column":13},"end":{"line":55,"column":26}},"18":{"start":{"line":56,"column":2},"end":{"line":56,"column":35}},"19":{"start":{"line":60,"column":13},"end":{"line":60,"column":26}},"20":{"start":{"line":61,"column":16},"end":{"line":61,"column":77}},"21":{"start":{"line":62,"column":2},"end":{"line":62,"column":28}},"22":{"start":{"line":66,"column":13},"end":{"line":66,"column":26}},"23":{"start":{"line":67,"column":2},"end":{"line":67,"column":44}},"24":{"start":{"line":71,"column":13},"end":{"line":71,"column":26}},"25":{"start":{"line":72,"column":19},"end":{"line":72,"column":57}},"26":{"start":{"line":73,"column":2},"end":{"line":75,"column":3}},"27":{"start":{"line":74,"column":4},"end":{"line":74,"column":64}},"28":{"start":{"line":84,"column":13},"end":{"line":84,"column":26}},"29":{"start":{"line":85,"column":21},"end":{"line":85,"column":64}},"30":{"start":{"line":86,"column":2},"end":{"line":86,"column":93}},"31":{"start":{"line":93,"column":13},"end":{"line":93,"column":26}},"32":{"start":{"line":94,"column":17},"end":{"line":94,"column":56}},"33":{"start":{"line":95,"column":2},"end":{"line":95,"column":26}},"34":{"start":{"line":95,"column":15},"end":{"line":95,"column":26}},"35":{"start":{"line":96,"column":2},"end":{"line":100,"column":3}},"36":{"start":{"line":97,"column":4},"end":{"line":97,"column":55}},"37":{"start":{"line":99,"column":4},"end":{"line":99,"column":15}},"38":{"start":{"line":104,"column":13},"end":{"line":104,"column":26}},"39":{"start":{"line":105,"column":2},"end":{"line":105,"column":45}},"40":{"start":{"line":111,"column":13},"end":{"line":111,"column":26}},"41":{"start":{"line":112,"column":2},"end":{"line":112,"column":44}},"42":{"start":{"line":116,"column":13},"end":{"line":116,"column":26}},"43":{"start":{"line":117,"column":2},"end":{"line":117,"column":34}}},"fnMap":{"0":{"name":"getDB","decl":{"start":{"line":9,"column":9},"end":{"line":9,"column":14}},"loc":{"start":{"line":9,"column":17},"end":{"line":30,"column":1}},"line":9},"1":{"name":"(anonymous_1)","decl":{"start":{"line":12,"column":6},"end":{"line":12,"column":7}},"loc":{"start":{"line":12,"column":18},"end":{"line":26,"column":7}},"line":12},"2":{"name":"saveDailyActivity","decl":{"start":{"line":44,"column":22},"end":{"line":44,"column":39}},"loc":{"start":{"line":44,"column":50},"end":{"line":47,"column":1}},"line":44},"3":{"name":"getDailyActivity","decl":{"start":{"line":49,"column":22},"end":{"line":49,"column":38}},"loc":{"start":{"line":49,"column":48},"end":{"line":52,"column":1}},"line":49},"4":{"name":"getAllActivity","decl":{"start":{"line":54,"column":22},"end":{"line":54,"column":36}},"loc":{"start":{"line":54,"column":39},"end":{"line":57,"column":1}},"line":54},"5":{"name":"getUnsynced","decl":{"start":{"line":59,"column":22},"end":{"line":59,"column":33}},"loc":{"start":{"line":59,"column":36},"end":{"line":63,"column":1}},"line":59},"6":{"name":"deleteDailyActivity","decl":{"start":{"line":65,"column":22},"end":{"line":65,"column":41}},"loc":{"start":{"line":65,"column":51},"end":{"line":68,"column":1}},"line":65},"7":{"name":"markSynced","decl":{"start":{"line":70,"column":22},"end":{"line":70,"column":32}},"loc":{"start":{"line":70,"column":42},"end":{"line":76,"column":1}},"line":70},"8":{"name":"savePuzzleProgress","decl":{"start":{"line":83,"column":22},"end":{"line":83,"column":40}},"loc":{"start":{"line":83,"column":60},"end":{"line":87,"column":1}},"line":83},"9":{"name":"loadPuzzleProgress","decl":{"start":{"line":92,"column":22},"end":{"line":92,"column":40}},"loc":{"start":{"line":92,"column":50},"end":{"line":101,"column":1}},"line":92},"10":{"name":"clearPuzzleProgress","decl":{"start":{"line":103,"column":22},"end":{"line":103,"column":41}},"loc":{"start":{"line":103,"column":51},"end":{"line":106,"column":1}},"line":103},"11":{"name":"saveAchievement","decl":{"start":{"line":110,"column":22},"end":{"line":110,"column":37}},"loc":{"start":{"line":110,"column":51},"end":{"line":113,"column":1}},"line":110},"12":{"name":"getAchievements","decl":{"start":{"line":115,"column":22},"end":{"line":115,"column":37}},"loc":{"start":{"line":115,"column":40},"end":{"line":118,"column":1}},"line":115}},"branchMap":{"0":{"loc":{"start":{"line":10,"column":2},"end":{"line":28,"column":3}},"type":"if","locations":[{"start":{"line":10,"column":2},"end":{"line":28,"column":3}},{"start":{},"end":{}}],"line":10},"1":{"loc":{"start":{"line":14,"column":8},"end":{"line":17,"column":9}},"type":"if","locations":[{"start":{"line":14,"column":8},"end":{"line":17,"column":9}},{"start":{},"end":{}}],"line":14},"2":{"loc":{"start":{"line":19,"column":8},"end":{"line":21,"column":9}},"type":"if","locations":[{"start":{"line":19,"column":8},"end":{"line":21,"column":9}},{"start":{},"end":{}}],"line":19},"3":{"loc":{"start":{"line":23,"column":8},"end":{"line":25,"column":9}},"type":"if","locations":[{"start":{"line":23,"column":8},"end":{"line":25,"column":9}},{"start":{},"end":{}}],"line":23},"4":{"loc":{"start":{"line":73,"column":2},"end":{"line":75,"column":3}},"type":"if","locations":[{"start":{"line":73,"column":2},"end":{"line":75,"column":3}},{"start":{},"end":{}}],"line":73},"5":{"loc":{"start":{"line":95,"column":2},"end":{"line":95,"column":26}},"type":"if","locations":[{"start":{"line":95,"column":2},"end":{"line":95,"column":26}},{"start":{},"end":{}}],"line":95}},"s":{"0":0,"1":0,"2":0,"3":0,"4":0,"5":0,"6":0,"7":0,"8":0,"9":0,"10":0,"11":0,"12":0,"13":0,"14":0,"15":0,"16":0,"17":0,"18":0,"19":0,"20":0,"21":0,"22":0,"23":0,"24":0,"25":0,"26":0,"27":0,"28":0,"29":0,"30":0,"31":0,"32":0,"33":0,"34":0,"35":0,"36":0,"37":0,"38":0,"39":0,"40":0,"41":0,"42":0,"43":0},"f":{"0":0,"1":0,"2":0,"3":0,"4":0,"5":0,"6":0,"7":0,"8":0,"9":0,"10":0,"11":0,"12":0},"b":{"0":[0,0],"1":[0,0],"2":[0,0],"3":[0,0],"4":[0,0],"5":[0,0]}}
,"E:\\Capstone\\Puzzle-Project-main\\src\\engine\\hintEngine.js": {"path":"E:\\Capstone\\Puzzle-Project-main\\src\\engine\\hintEngine.js","statementMap":{"0":{"start":{"line":1,"column":25},"end":{"line":1,"column":26}},"1":{"start":{"line":9,"column":2},"end":{"line":15,"column":3}},"2":{"start":{"line":10,"column":16},"end":{"line":10,"column":34}},"3":{"start":{"line":11,"column":17},"end":{"line":11,"column":63}},"4":{"start":{"line":12,"column":4},"end":{"line":12,"column":47}},"5":{"start":{"line":14,"column":4},"end":{"line":14,"column":27}},"6":{"start":{"line":24,"column":2},"end":{"line":32,"column":3}},"7":{"start":{"line":25,"column":16},"end":{"line":25,"column":34}},"8":{"start":{"line":26,"column":17},"end":{"line":26,"column":63}},"9":{"start":{"line":27,"column":4},"end":{"line":27,"column":46}},"10":{"start":{"line":27,"column":34},"end":{"line":27,"column":46}},"11":{"start":{"line":28,"column":4},"end":{"line":28,"column":47}},"12":{"start":{"line":29,"column":4},"end":{"line":29,"column":15}},"13":{"start":{"line":31,"column":4},"end":{"line":31,"column":16}},"14":{"start":{"line":41,"column":2},"end":{"line":45,"column":3}},"15":{"start":{"line":42,"column":4},"end":{"line":42,"column":72}},"16":{"start":{"line":44,"column":4},"end":{"line":44,"column":12}}},"fnMap":{"0":{"name":"getRemainingHints","decl":{"start":{"line":8,"column":16},"end":{"line":8,"column":33}},"loc":{"start":{"line":8,"column":43},"end":{"line":16,"column":1}},"line":8},"1":{"name":"useHint","decl":{"start":{"line":23,"column":16},"end":{"line":23,"column":23}},"loc":{"start":{"line":23,"column":33},"end":{"line":33,"column":1}},"line":23},"2":{"name":"getHintsUsed","decl":{"start":{"line":40,"column":16},"end":{"line":40,"column":28}},"loc":{"start":{"line":40,"column":38},"end":{"line":46,"column":1}},"line":40}},"branchMap":{"0":{"loc":{"start":{"line":11,"column":26},"end":{"line":11,"column":58}},"type":"binary-expr","locations":[{"start":{"line":11,"column":26},"end":{"line":11,"column":51}},{"start":{"line":11,"column":55},"end":{"line":11,"column":58}}],"line":11},"1":{"loc":{"start":{"line":26,"column":26},"end":{"line":26,"column":58}},"type":"binary-expr","locations":[{"start":{"line":26,"column":26},"end":{"line":26,"column":51}},{"start":{"line":26,"column":55},"end":{"line":26,"column":58}}],"line":26},"2":{"loc":{"start":{"line":27,"column":4},"end":{"line":27,"column":46}},"type":"if","locations":[{"start":{"line":27,"column":4},"end":{"line":27,"column":46}},{"start":{},"end":{}}],"line":27},"3":{"loc":{"start":{"line":42,"column":20},"end":{"line":42,"column":67}},"type":"binary-expr","locations":[{"start":{"line":42,"column":20},"end":{"line":42,"column":60}},{"start":{"line":42,"column":64},"end":{"line":42,"column":67}}],"line":42}},"s":{"0":0,"1":0,"2":0,"3":0,"4":0,"5":0,"6":0,"7":0,"8":0,"9":0,"10":0,"11":0,"12":0,"13":0,"14":0,"15":0,"16":0},"f":{"0":0,"1":0,"2":0},"b":{"0":[0,0],"1":[0,0],"2":[0,0],"3":[0,0]}}
,"E:\\Capstone\\Puzzle-Project-main\\src\\engine\\numberMatrix.js": {"path":"E:\\Capstone\\Puzzle-Project-main\\src\\engine\\numberMatrix.js","statementMap":{"0":{"start":{"line":5,"column":17},"end":{"line":10,"column":1}},"1":{"start":{"line":12,"column":17},"end":{"line":19,"column":1}},"2":{"start":{"line":30,"column":14},"end":{"line":30,"column":29}},"3":{"start":{"line":31,"column":16},"end":{"line":31,"column":26}},"4":{"start":{"line":32,"column":15},"end":{"line":32,"column":28}},"5":{"start":{"line":33,"column":15},"end":{"line":33,"column":28}},"6":{"start":{"line":34,"column":15},"end":{"line":34,"column":42}},"7":{"start":{"line":36,"column":15},"end":{"line":36,"column":70}},"8":{"start":{"line":36,"column":33},"end":{"line":36,"column":68}},"9":{"start":{"line":39,"column":13},"end":{"line":39,"column":34}},"10":{"start":{"line":39,"column":27},"end":{"line":39,"column":33}},"11":{"start":{"line":42,"column":2},"end":{"line":44,"column":3}},"12":{"start":{"line":42,"column":15},"end":{"line":42,"column":16}},"13":{"start":{"line":43,"column":4},"end":{"line":43,"column":41}},"14":{"start":{"line":43,"column":21},"end":{"line":43,"column":41}},"15":{"start":{"line":47,"column":2},"end":{"line":55,"column":3}},"16":{"start":{"line":47,"column":15},"end":{"line":47,"column":16}},"17":{"start":{"line":48,"column":4},"end":{"line":54,"column":5}},"18":{"start":{"line":49,"column":6},"end":{"line":53,"column":8}},"19":{"start":{"line":50,"column":21},"end":{"line":50,"column":27}},"20":{"start":{"line":51,"column":9},"end":{"line":51,"column":52}},"21":{"start":{"line":52,"column":8},"end":{"line":52,"column":19}},"22":{"start":{"line":58,"column":17},"end":{"line":58,"column":60}},"23":{"start":{"line":58,"column":54},"end":{"line":58,"column":59}},"24":{"start":{"line":59,"column":2},"end":{"line":62,"column":3}},"25":{"start":{"line":59,"column":15},"end":{"line":59,"column":32}},"26":{"start":{"line":60,"column":14},"end":{"line":60,"column":41}},"27":{"start":{"line":61,"column":4},"end":{"line":61,"column":22}},"28":{"start":{"line":63,"column":19},"end":{"line":63,"column":63}},"29":{"start":{"line":63,"column":35},"end":{"line":63,"column":62}},"30":{"start":{"line":63,"column":48},"end":{"line":63,"column":61}},"31":{"start":{"line":67,"column":20},"end":{"line":67,"column":34}},"32":{"start":{"line":68,"column":16},"end":{"line":68,"column":75}},"33":{"start":{"line":68,"column":51},"end":{"line":68,"column":74}},"34":{"start":{"line":69,"column":20},"end":{"line":69,"column":22}},"35":{"start":{"line":70,"column":2},"end":{"line":70,"column":86}},"36":{"start":{"line":70,"column":15},"end":{"line":70,"column":16}},"37":{"start":{"line":70,"column":33},"end":{"line":70,"column":86}},"38":{"start":{"line":70,"column":46},"end":{"line":70,"column":47}},"39":{"start":{"line":70,"column":64},"end":{"line":70,"column":86}},"40":{"start":{"line":72,"column":2},"end":{"line":75,"column":3}},"41":{"start":{"line":72,"column":15},"end":{"line":72,"column":35}},"42":{"start":{"line":73,"column":14},"end":{"line":73,"column":41}},"43":{"start":{"line":74,"column":4},"end":{"line":74,"column":25}},"44":{"start":{"line":77,"column":2},"end":{"line":77,"column":73}},"45":{"start":{"line":77,"column":53},"end":{"line":77,"column":71}},"46":{"start":{"line":78,"column":22},"end":{"line":78,"column":88}},"47":{"start":{"line":78,"column":47},"end":{"line":78,"column":87}},"48":{"start":{"line":78,"column":66},"end":{"line":78,"column":85}},"49":{"start":{"line":80,"column":2},"end":{"line":80,"column":47}},"50":{"start":{"line":86,"column":15},"end":{"line":86,"column":30}},"51":{"start":{"line":87,"column":2},"end":{"line":87,"column":53}},"52":{"start":{"line":87,"column":41},"end":{"line":87,"column":53}},"53":{"start":{"line":89,"column":2},"end":{"line":93,"column":3}},"54":{"start":{"line":89,"column":15},"end":{"line":89,"column":16}},"55":{"start":{"line":90,"column":4},"end":{"line":92,"column":5}},"56":{"start":{"line":90,"column":17},"end":{"line":90,"column":18}},"57":{"start":{"line":91,"column":6},"end":{"line":91,"column":42}},"58":{"start":{"line":91,"column":30},"end":{"line":91,"column":42}},"59":{"start":{"line":95,"column":20},"end":{"line":95,"column":40}},"60":{"start":{"line":96,"column":2},"end":{"line":100,"column":3}},"61":{"start":{"line":96,"column":15},"end":{"line":96,"column":16}},"62":{"start":{"line":97,"column":4},"end":{"line":99,"column":5}},"63":{"start":{"line":97,"column":17},"end":{"line":97,"column":18}},"64":{"start":{"line":98,"column":6},"end":{"line":98,"column":39}},"65":{"start":{"line":98,"column":27},"end":{"line":98,"column":39}},"66":{"start":{"line":102,"column":2},"end":{"line":102,"column":13}},"67":{"start":{"line":106,"column":15},"end":{"line":106,"column":26}},"68":{"start":{"line":107,"column":20},"end":{"line":107,"column":79}},"69":{"start":{"line":107,"column":55},"end":{"line":107,"column":78}},"70":{"start":{"line":108,"column":16},"end":{"line":108,"column":26}},"71":{"start":{"line":109,"column":15},"end":{"line":109,"column":28}},"72":{"start":{"line":110,"column":15},"end":{"line":110,"column":28}},"73":{"start":{"line":112,"column":23},"end":{"line":124,"column":3}},"74":{"start":{"line":113,"column":17},"end":{"line":113,"column":19}},"75":{"start":{"line":114,"column":4},"end":{"line":123,"column":6}},"76":{"start":{"line":115,"column":16},"end":{"line":115,"column":26}},"77":{"start":{"line":116,"column":6},"end":{"line":116,"column":25}},"78":{"start":{"line":116,"column":19},"end":{"line":116,"column":25}},"79":{"start":{"line":117,"column":6},"end":{"line":122,"column":7}},"80":{"start":{"line":118,"column":8},"end":{"line":118,"column":30}},"81":{"start":{"line":119,"column":8},"end":{"line":119,"column":48}},"82":{"start":{"line":121,"column":8},"end":{"line":121,"column":24}},"83":{"start":{"line":127,"column":2},"end":{"line":127,"column":91}},"84":{"start":{"line":127,"column":15},"end":{"line":127,"column":16}},"85":{"start":{"line":127,"column":33},"end":{"line":127,"column":91}},"86":{"start":{"line":127,"column":83},"end":{"line":127,"column":89}},"87":{"start":{"line":129,"column":2},"end":{"line":129,"column":91}},"88":{"start":{"line":129,"column":15},"end":{"line":129,"column":16}},"89":{"start":{"line":129,"column":33},"end":{"line":129,"column":91}},"90":{"start":{"line":129,"column":83},"end":{"line":129,"column":89}},"91":{"start":{"line":131,"column":2},"end":{"line":141,"column":3}},"92":{"start":{"line":131,"column":16},"end":{"line":131,"column":17}},"93":{"start":{"line":132,"column":4},"end":{"line":140,"column":5}},"94":{"start":{"line":132,"column":18},"end":{"line":132,"column":19}},"95":{"start":{"line":133,"column":20},"end":{"line":133,"column":22}},"96":{"start":{"line":134,"column":6},"end":{"line":138,"column":7}},"97":{"start":{"line":134,"column":19},"end":{"line":134,"column":28}},"98":{"start":{"line":135,"column":8},"end":{"line":137,"column":9}},"99":{"start":{"line":135,"column":21},"end":{"line":135,"column":30}},"100":{"start":{"line":136,"column":10},"end":{"line":136,"column":28}},"101":{"start":{"line":139,"column":6},"end":{"line":139,"column":25}},"102":{"start":{"line":143,"column":2},"end":{"line":143,"column":18}}},"fnMap":{"0":{"name":"generateNumberMatrix","decl":{"start":{"line":29,"column":16},"end":{"line":29,"column":36}},"loc":{"start":{"line":29,"column":53},"end":{"line":81,"column":1}},"line":29},"1":{"name":"(anonymous_1)","decl":{"start":{"line":36,"column":15},"end":{"line":36,"column":16}},"loc":{"start":{"line":36,"column":30},"end":{"line":36,"column":70}},"line":36},"2":{"name":"(anonymous_2)","decl":{"start":{"line":39,"column":22},"end":{"line":39,"column":23}},"loc":{"start":{"line":39,"column":27},"end":{"line":39,"column":33}},"line":39},"3":{"name":"(anonymous_3)","decl":{"start":{"line":49,"column":22},"end":{"line":49,"column":23}},"loc":{"start":{"line":49,"column":27},"end":{"line":53,"column":7}},"line":49},"4":{"name":"(anonymous_4)","decl":{"start":{"line":58,"column":44},"end":{"line":58,"column":45}},"loc":{"start":{"line":58,"column":54},"end":{"line":58,"column":59}},"line":58},"5":{"name":"(anonymous_5)","decl":{"start":{"line":63,"column":28},"end":{"line":63,"column":29}},"loc":{"start":{"line":63,"column":35},"end":{"line":63,"column":62}},"line":63},"6":{"name":"(anonymous_6)","decl":{"start":{"line":63,"column":43},"end":{"line":63,"column":44}},"loc":{"start":{"line":63,"column":48},"end":{"line":63,"column":61}},"line":63},"7":{"name":"(anonymous_7)","decl":{"start":{"line":68,"column":45},"end":{"line":68,"column":46}},"loc":{"start":{"line":68,"column":51},"end":{"line":68,"column":74}},"line":68},"8":{"name":"(anonymous_8)","decl":{"start":{"line":77,"column":40},"end":{"line":77,"column":41}},"loc":{"start":{"line":77,"column":53},"end":{"line":77,"column":71}},"line":77},"9":{"name":"(anonymous_9)","decl":{"start":{"line":78,"column":35},"end":{"line":78,"column":36}},"loc":{"start":{"line":78,"column":47},"end":{"line":78,"column":87}},"line":78},"10":{"name":"(anonymous_10)","decl":{"start":{"line":78,"column":55},"end":{"line":78,"column":56}},"loc":{"start":{"line":78,"column":66},"end":{"line":78,"column":85}},"line":78},"11":{"name":"validateNumberMatrix","decl":{"start":{"line":85,"column":16},"end":{"line":85,"column":36}},"loc":{"start":{"line":85,"column":55},"end":{"line":103,"column":1}},"line":85},"12":{"name":"getConflicts","decl":{"start":{"line":105,"column":16},"end":{"line":105,"column":28}},"loc":{"start":{"line":105,"column":35},"end":{"line":144,"column":1}},"line":105},"13":{"name":"(anonymous_13)","decl":{"start":{"line":107,"column":49},"end":{"line":107,"column":50}},"loc":{"start":{"line":107,"column":55},"end":{"line":107,"column":78}},"line":107},"14":{"name":"(anonymous_14)","decl":{"start":{"line":112,"column":23},"end":{"line":112,"column":24}},"loc":{"start":{"line":112,"column":34},"end":{"line":124,"column":3}},"line":112},"15":{"name":"(anonymous_15)","decl":{"start":{"line":114,"column":18},"end":{"line":114,"column":19}},"loc":{"start":{"line":114,"column":30},"end":{"line":123,"column":5}},"line":114},"16":{"name":"(anonymous_16)","decl":{"start":{"line":127,"column":73},"end":{"line":127,"column":74}},"loc":{"start":{"line":127,"column":83},"end":{"line":127,"column":89}},"line":127},"17":{"name":"(anonymous_17)","decl":{"start":{"line":129,"column":73},"end":{"line":129,"column":74}},"loc":{"start":{"line":129,"column":83},"end":{"line":129,"column":89}},"line":129}},"branchMap":{"0":{"loc":{"start":{"line":29,"column":43},"end":{"line":29,"column":51}},"type":"default-arg","locations":[{"start":{"line":29,"column":50},"end":{"line":29,"column":51}}],"line":29},"1":{"loc":{"start":{"line":32,"column":15},"end":{"line":32,"column":28}},"type":"cond-expr","locations":[{"start":{"line":32,"column":23},"end":{"line":32,"column":24}},{"start":{"line":32,"column":27},"end":{"line":32,"column":28}}],"line":32},"2":{"loc":{"start":{"line":33,"column":15},"end":{"line":33,"column":28}},"type":"cond-expr","locations":[{"start":{"line":33,"column":23},"end":{"line":33,"column":24}},{"start":{"line":33,"column":27},"end":{"line":33,"column":28}}],"line":33},"3":{"loc":{"start":{"line":34,"column":15},"end":{"line":34,"column":42}},"type":"cond-expr","locations":[{"start":{"line":34,"column":23},"end":{"line":34,"column":31}},{"start":{"line":34,"column":34},"end":{"line":34,"column":42}}],"line":34},"4":{"loc":{"start":{"line":43,"column":4},"end":{"line":43,"column":41}},"type":"if","locations":[{"start":{"line":43,"column":4},"end":{"line":43,"column":41}},{"start":{},"end":{}}],"line":43},"5":{"loc":{"start":{"line":48,"column":4},"end":{"line":54,"column":5}},"type":"if","locations":[{"start":{"line":48,"column":4},"end":{"line":54,"column":5}},{"start":{},"end":{}}],"line":48},"6":{"loc":{"start":{"line":67,"column":20},"end":{"line":67,"column":34}},"type":"cond-expr","locations":[{"start":{"line":67,"column":28},"end":{"line":67,"column":29}},{"start":{"line":67,"column":32},"end":{"line":67,"column":34}}],"line":67},"7":{"loc":{"start":{"line":78,"column":66},"end":{"line":78,"column":85}},"type":"cond-expr","locations":[{"start":{"line":78,"column":80},"end":{"line":78,"column":81}},{"start":{"line":78,"column":84},"end":{"line":78,"column":85}}],"line":78},"8":{"loc":{"start":{"line":87,"column":2},"end":{"line":87,"column":53}},"type":"if","locations":[{"start":{"line":87,"column":2},"end":{"line":87,"column":53}},{"start":{},"end":{}}],"line":87},"9":{"loc":{"start":{"line":87,"column":6},"end":{"line":87,"column":39}},"type":"binary-expr","locations":[{"start":{"line":87,"column":6},"end":{"line":87,"column":13}},{"start":{"line":87,"column":17},"end":{"line":87,"column":39}}],"line":87},"10":{"loc":{"start":{"line":91,"column":6},"end":{"line":91,"column":42}},"type":"if","locations":[{"start":{"line":91,"column":6},"end":{"line":91,"column":42}},{"start":{},"end":{}}],"line":91},"11":{"loc":{"start":{"line":98,"column":6},"end":{"line":98,"column":39}},"type":"if","locations":[{"start":{"line":98,"column":6},"end":{"line":98,"column":39}},{"start":{},"end":{}}],"line":98},"12":{"loc":{"start":{"line":109,"column":15},"end":{"line":109,"column":28}},"type":"cond-expr","locations":[{"start":{"line":109,"column":23},"end":{"line":109,"column":24}},{"start":{"line":109,"column":27},"end":{"line":109,"column":28}}],"line":109},"13":{"loc":{"start":{"line":110,"column":15},"end":{"line":110,"column":28}},"type":"cond-expr","locations":[{"start":{"line":110,"column":23},"end":{"line":110,"column":24}},{"start":{"line":110,"column":27},"end":{"line":110,"column":28}}],"line":110},"14":{"loc":{"start":{"line":116,"column":6},"end":{"line":116,"column":25}},"type":"if","locations":[{"start":{"line":116,"column":6},"end":{"line":116,"column":25}},{"start":{},"end":{}}],"line":116},"15":{"loc":{"start":{"line":117,"column":6},"end":{"line":122,"column":7}},"type":"if","locations":[{"start":{"line":117,"column":6},"end":{"line":122,"column":7}},{"start":{"line":120,"column":13},"end":{"line":122,"column":7}}],"line":117}},"s":{"0":1,"1":1,"2":2,"3":2,"4":2,"5":2,"6":2,"7":2,"8":60,"9":2,"10":10,"11":2,"12":2,"13":5,"14":2,"15":2,"16":2,"17":4,"18":3,"19":16,"20":16,"21":16,"22":2,"23":10,"24":2,"25":2,"26":8,"27":8,"28":2,"29":10,"30":52,"31":2,"32":2,"33":10,"34":2,"35":2,"36":2,"37":10,"38":10,"39":52,"40":2,"41":2,"42":50,"43":50,"44":2,"45":26,"46":2,"47":10,"48":52,"49":2,"50":1,"51":1,"52":0,"53":1,"54":1,"55":6,"56":6,"57":36,"58":0,"59":1,"60":1,"61":1,"62":6,"63":6,"64":36,"65":0,"66":1,"67":2,"68":2,"69":12,"70":2,"71":2,"72":2,"73":2,"74":36,"75":36,"76":216,"77":216,"78":0,"79":216,"80":3,"81":3,"82":213,"83":2,"84":2,"85":12,"86":72,"87":2,"88":2,"89":12,"90":72,"91":2,"92":2,"93":6,"94":6,"95":12,"96":12,"97":12,"98":24,"99":24,"100":72,"101":12,"102":2},"f":{"0":2,"1":60,"2":10,"3":16,"4":10,"5":10,"6":52,"7":10,"8":26,"9":10,"10":52,"11":1,"12":2,"13":12,"14":36,"15":216,"16":72,"17":72},"b":{"0":[0],"1":[1,1],"2":[1,1],"3":[1,1],"4":[2,3],"5":[3,1],"6":[1,1],"7":[26,26],"8":[0,1],"9":[1,1],"10":[0,36],"11":[0,36],"12":[0,2],"13":[0,2],"14":[0,216],"15":[3,213]},"_coverageSchema":"1a1c01bbd47fc00a2c39e90264f33305004495a9","hash":"e4ceaf8f4e1e2ac749289baadd29443fb5191087"}
,"E:\\Capstone\\Puzzle-Project-main\\src\\engine\\patternMatch.js": {"path":"E:\\Capstone\\Puzzle-Project-main\\src\\engine\\patternMatch.js","statementMap":{"0":{"start":{"line":3,"column":26},"end":{"line":80,"column":1}},"1":{"start":{"line":8,"column":20},"end":{"line":8,"column":46}},"2":{"start":{"line":9,"column":19},"end":{"line":9,"column":44}},"3":{"start":{"line":10,"column":18},"end":{"line":10,"column":71}},"4":{"start":{"line":10,"column":54},"end":{"line":10,"column":70}},"5":{"start":{"line":11,"column":6},"end":{"line":11,"column":69}},"6":{"start":{"line":18,"column":20},"end":{"line":18,"column":45}},"7":{"start":{"line":19,"column":20},"end":{"line":19,"column":45}},"8":{"start":{"line":20,"column":18},"end":{"line":20,"column":81}},"9":{"start":{"line":20,"column":54},"end":{"line":20,"column":80}},"10":{"start":{"line":21,"column":6},"end":{"line":21,"column":69}},"11":{"start":{"line":28,"column":16},"end":{"line":28,"column":41}},"12":{"start":{"line":29,"column":16},"end":{"line":29,"column":41}},"13":{"start":{"line":30,"column":18},"end":{"line":30,"column":24}},"14":{"start":{"line":31,"column":6},"end":{"line":31,"column":67}},"15":{"start":{"line":31,"column":19},"end":{"line":31,"column":20}},"16":{"start":{"line":31,"column":34},"end":{"line":31,"column":67}},"17":{"start":{"line":32,"column":6},"end":{"line":32,"column":69}},"18":{"start":{"line":39,"column":21},"end":{"line":39,"column":43}},"19":{"start":{"line":40,"column":18},"end":{"line":40,"column":81}},"20":{"start":{"line":40,"column":54},"end":{"line":40,"column":80}},"21":{"start":{"line":41,"column":6},"end":{"line":41,"column":69}},"22":{"start":{"line":48,"column":20},"end":{"line":48,"column":47}},"23":{"start":{"line":49,"column":18},"end":{"line":49,"column":43}},"24":{"start":{"line":50,"column":18},"end":{"line":50,"column":43}},"25":{"start":{"line":51,"column":18},"end":{"line":51,"column":25}},"26":{"start":{"line":52,"column":6},"end":{"line":54,"column":7}},"27":{"start":{"line":52,"column":19},"end":{"line":52,"column":20}},"28":{"start":{"line":53,"column":8},"end":{"line":53,"column":67}},"29":{"start":{"line":55,"column":6},"end":{"line":55,"column":69}},"30":{"start":{"line":62,"column":21},"end":{"line":62,"column":85}},"31":{"start":{"line":63,"column":23},"end":{"line":63,"column":62}},"32":{"start":{"line":64,"column":18},"end":{"line":64,"column":54}},"33":{"start":{"line":65,"column":6},"end":{"line":65,"column":69}},"34":{"start":{"line":72,"column":20},"end":{"line":72,"column":46}},"35":{"start":{"line":73,"column":18},"end":{"line":73,"column":25}},"36":{"start":{"line":74,"column":6},"end":{"line":76,"column":7}},"37":{"start":{"line":74,"column":19},"end":{"line":74,"column":20}},"38":{"start":{"line":75,"column":8},"end":{"line":75,"column":36}},"39":{"start":{"line":77,"column":6},"end":{"line":77,"column":69}},"40":{"start":{"line":88,"column":14},"end":{"line":88,"column":29}},"41":{"start":{"line":89,"column":22},"end":{"line":89,"column":66}},"42":{"start":{"line":90,"column":19},"end":{"line":90,"column":49}},"43":{"start":{"line":91,"column":31},"end":{"line":91,"column":53}},"44":{"start":{"line":92,"column":15},"end":{"line":92,"column":28}},"45":{"start":{"line":96,"column":18},"end":{"line":96,"column":68}},"46":{"start":{"line":97,"column":23},"end":{"line":97,"column":25}},"47":{"start":{"line":98,"column":2},"end":{"line":104,"column":3}},"48":{"start":{"line":99,"column":22},"end":{"line":99,"column":37}},"49":{"start":{"line":100,"column":4},"end":{"line":103,"column":5}},"50":{"start":{"line":101,"column":6},"end":{"line":101,"column":34}},"51":{"start":{"line":102,"column":6},"end":{"line":102,"column":42}},"52":{"start":{"line":102,"column":37},"end":{"line":102,"column":42}},"53":{"start":{"line":107,"column":21},"end":{"line":107,"column":46}},"54":{"start":{"line":108,"column":2},"end":{"line":111,"column":3}},"55":{"start":{"line":108,"column":15},"end":{"line":108,"column":36}},"56":{"start":{"line":109,"column":14},"end":{"line":109,"column":41}},"57":{"start":{"line":110,"column":5},"end":{"line":110,"column":68}},"58":{"start":{"line":113,"column":2},"end":{"line":113,"column":56}},"59":{"start":{"line":123,"column":2},"end":{"line":123,"column":53}}},"fnMap":{"0":{"name":"(anonymous_0)","decl":{"start":{"line":7,"column":14},"end":{"line":7,"column":15}},"loc":{"start":{"line":7,"column":23},"end":{"line":12,"column":5}},"line":7},"1":{"name":"(anonymous_1)","decl":{"start":{"line":10,"column":44},"end":{"line":10,"column":45}},"loc":{"start":{"line":10,"column":54},"end":{"line":10,"column":70}},"line":10},"2":{"name":"(anonymous_2)","decl":{"start":{"line":17,"column":14},"end":{"line":17,"column":15}},"loc":{"start":{"line":17,"column":23},"end":{"line":22,"column":5}},"line":17},"3":{"name":"(anonymous_3)","decl":{"start":{"line":20,"column":44},"end":{"line":20,"column":45}},"loc":{"start":{"line":20,"column":54},"end":{"line":20,"column":80}},"line":20},"4":{"name":"(anonymous_4)","decl":{"start":{"line":27,"column":14},"end":{"line":27,"column":15}},"loc":{"start":{"line":27,"column":23},"end":{"line":33,"column":5}},"line":27},"5":{"name":"(anonymous_5)","decl":{"start":{"line":38,"column":14},"end":{"line":38,"column":15}},"loc":{"start":{"line":38,"column":23},"end":{"line":42,"column":5}},"line":38},"6":{"name":"(anonymous_6)","decl":{"start":{"line":40,"column":44},"end":{"line":40,"column":45}},"loc":{"start":{"line":40,"column":54},"end":{"line":40,"column":80}},"line":40},"7":{"name":"(anonymous_7)","decl":{"start":{"line":47,"column":14},"end":{"line":47,"column":15}},"loc":{"start":{"line":47,"column":23},"end":{"line":56,"column":5}},"line":47},"8":{"name":"(anonymous_8)","decl":{"start":{"line":61,"column":14},"end":{"line":61,"column":15}},"loc":{"start":{"line":61,"column":23},"end":{"line":66,"column":5}},"line":61},"9":{"name":"(anonymous_9)","decl":{"start":{"line":71,"column":14},"end":{"line":71,"column":15}},"loc":{"start":{"line":71,"column":23},"end":{"line":78,"column":5}},"line":71},"10":{"name":"generatePatternMatch","decl":{"start":{"line":87,"column":16},"end":{"line":87,"column":36}},"loc":{"start":{"line":87,"column":43},"end":{"line":114,"column":1}},"line":87},"11":{"name":"validatePatternMatch","decl":{"start":{"line":122,"column":16},"end":{"line":122,"column":36}},"loc":{"start":{"line":122,"column":64},"end":{"line":124,"column":1}},"line":122}},"branchMap":{"0":{"loc":{"start":{"line":53,"column":17},"end":{"line":53,"column":66}},"type":"cond-expr","locations":[{"start":{"line":53,"column":31},"end":{"line":53,"column":47}},{"start":{"line":53,"column":50},"end":{"line":53,"column":66}}],"line":53},"1":{"loc":{"start":{"line":100,"column":4},"end":{"line":103,"column":5}},"type":"if","locations":[{"start":{"line":100,"column":4},"end":{"line":103,"column":5}},{"start":{},"end":{}}],"line":100},"2":{"loc":{"start":{"line":100,"column":8},"end":{"line":100,"column":82}},"type":"binary-expr","locations":[{"start":{"line":100,"column":8},"end":{"line":100,"column":21}},{"start":{"line":100,"column":25},"end":{"line":100,"column":45}},{"start":{"line":100,"column":49},"end":{"line":100,"column":82}}],"line":100},"3":{"loc":{"start":{"line":102,"column":6},"end":{"line":102,"column":42}},"type":"if","locations":[{"start":{"line":102,"column":6},"end":{"line":102,"column":42}},{"start":{},"end":{}}],"line":102}},"s":{"0":1,"1":0,"2":0,"3":0,"4":0,"5":0,"6":0,"7":0,"8":0,"9":0,"10":0,"11":2,"12":2,"13":2,"14":2,"15":2,"16":10,"17":2,"18":0,"19":0,"20":0,"21":0,"22":0,"23":0,"24":0,"25":0,"26":0,"27":0,"28":0,"29":0,"30":0,"31":0,"32":0,"33":0,"34":0,"35":0,"36":0,"37":0,"38":0,"39":0,"40":2,"41":2,"42":2,"43":2,"44":2,"45":2,"46":2,"47":2,"48":6,"49":6,"50":6,"51":6,"52":2,"53":2,"54":2,"55":2,"56":6,"57":6,"58":2,"59":3},"f":{"0":0,"1":0,"2":0,"3":0,"4":2,"5":0,"6":0,"7":0,"8":0,"9":0,"10":2,"11":3},"b":{"0":[0,0],"1":[6,0],"2":[6,6,6],"3":[2,4]},"_coverageSchema":"1a1c01bbd47fc00a2c39e90264f33305004495a9","hash":"f68a5edc5ea2300be22069072f3d0220c2a17f7c"}
[...]
},"end":{"line":49,"column":30}},"23":{"start":{"line":50,"column":8},"end":{"line":50,"column":27}},"24":{"start":{"line":51,"column":8},"end":{"line":51,"column":32}},"25":{"start":{"line":53,"column":6},"end":{"line":53,"column":30}},"26":{"start":{"line":57,"column":6},"end":{"line":57,"column":39}},"27":{"start":{"line":61,"column":6},"end":{"line":61,"column":31}},"28":{"start":{"line":61,"column":25},"end":{"line":61,"column":31}},"29":{"start":{"line":62,"column":6},"end":{"line":64,"column":14}},"30":{"start":{"line":63,"column":39},"end":{"line":63,"column":45}},"31":{"start":{"line":65,"column":6},"end":{"line":65,"column":28}},"32":{"start":{"line":66,"column":6},"end":{"line":66,"column":31}},"33":{"start":{"line":67,"column":6},"end":{"line":67,"column":30}},"34":{"start":{"line":68,"column":6},"end":{"line":68,"column":29}},"35":{"start":{"line":69,"column":6},"end":{"line":69,"column":25}},"36":{"start":{"line":70,"column":6},"end":{"line":70,"column":30}},"37":{"start":{"line":71,"column":6},"end":{"line":71,"column":21}},"38":{"start":{"line":75,"column":6},"end":{"line":75,"column":35}},"39":{"start":{"line":76,"column":6},"end":{"line":78,"column":7}},"40":{"start":{"line":77,"column":8},"end":{"line":77,"column":33}},"41":{"start":{"line":82,"column":34},"end":{"line":82,"column":48}},"42":{"start":{"line":83,"column":6},"end":{"line":89,"column":7}},"43":{"start":{"line":85,"column":23},"end":{"line":85,"column":45}},"44":{"start":{"line":86,"column":8},"end":{"line":86,"column":27}},"45":{"start":{"line":87,"column":8},"end":{"line":87,"column":34}},"46":{"start":{"line":88,"column":8},"end":{"line":88,"column":88}},"47":{"start":{"line":88,"column":63},"end":{"line":88,"column":88}},"48":{"start":{"line":93,"column":6},"end":{"line":95,"column":7}},"49":{"start":{"line":94,"column":8},"end":{"line":94,"column":31}},"50":{"start":{"line":99,"column":6},"end":{"line":99,"column":32}},"51":{"start":{"line":103,"column":6},"end":{"line":103,"column":31}},"52":{"start":{"line":107,"column":6},"end":{"line":110,"column":7}},"53":{"start":{"line":108,"column":8},"end":{"line":108,"column":28}},"54":{"start":{"line":109,"column":8},"end":{"line":109,"column":33}},"55":{"start":{"line":114,"column":6},"end":{"line":114,"column":32}},"56":{"start":{"line":115,"column":6},"end":{"line":115,"column":32}},"57":{"start":{"line":116,"column":6},"end":{"line":116,"column":40}},"58":{"start":{"line":120,"column":6},"end":{"line":120,"column":28}},"59":{"start":{"line":124,"column":6},"end":{"line":124,"column":25}},"60":{"start":{"line":142,"column":4},"end":{"line":142,"column":23}}},"fnMap":{"0":{"name":"(anonymous_0)","decl":{"start":{"line":22,"column":4},"end":{"line":22,"column":5}},"loc":{"start":{"line":22,"column":29},"end":{"line":54,"column":5}},"line":22},"1":{"name":"(anonymous_1)","decl":{"start":{"line":47,"column":28},"end":{"line":47,"column":29}},"loc":{"start":{"line":47,"column":35},"end":{"line":47,"column":41}},"line":47},"2":{"name":"(anonymous_2)","decl":{"start":{"line":56,"column":4},"end":{"line":56,"column":5}},"loc":{"start":{"line":56,"column":31},"end":{"line":58,"column":5}},"line":56},"3":{"name":"(anonymous_3)","decl":{"start":{"line":60,"column":4},"end":{"line":60,"column":5}},"loc":{"start":{"line":60,"column":28},"end":{"line":72,"column":5}},"line":60},"4":{"name":"(anonymous_4)","decl":{"start":{"line":63,"column":32},"end":{"line":63,"column":33}},"loc":{"start":{"line":63,"column":39},"end":{"line":63,"column":45}},"line":63},"5":{"name":"(anonymous_5)","decl":{"start":{"line":74,"column":4},"end":{"line":74,"column":5}},"loc":{"start":{"line":74,"column":29},"end":{"line":79,"column":5}},"line":74},"6":{"name":"(anonymous_6)","decl":{"start":{"line":81,"column":4},"end":{"line":81,"column":5}},"loc":{"start":{"line":81,"column":30},"end":{"line":90,"column":5}},"line":81},"7":{"name":"(anonymous_7)","decl":{"start":{"line":92,"column":4},"end":{"line":92,"column":5}},"loc":{"start":{"line":92,"column":21},"end":{"line":96,"column":5}},"line":92},"8":{"name":"(anonymous_8)","decl":{"start":{"line":98,"column":4},"end":{"line":98,"column":5}},"loc":{"start":{"line":98,"column":21},"end":{"line":100,"column":5}},"line":98},"9":{"name":"(anonymous_9)","decl":{"start":{"line":102,"column":4},"end":{"line":102,"column":5}},"loc":{"start":{"line":102,"column":22},"end":{"line":104,"column":5}},"line":102},"10":{"name":"(anonymous_10)","decl":{"start":{"line":106,"column":4},"end":{"line":106,"column":5}},"loc":{"start":{"line":106,"column":25},"end":{"line":111,"column":5}},"line":106},"11":{"name":"(anonymous_11)","decl":{"start":{"line":113,"column":4},"end":{"line":113,"column":5}},"loc":{"start":{"line":113,"column":32},"end":{"line":117,"column":5}},"line":113},"12":{"name":"(anonymous_12)","decl":{"start":{"line":119,"column":4},"end":{"line":119,"column":5}},"loc":{"start":{"line":119,"column":20},"end":{"line":121,"column":5}},"line":119},"13":{"name":"(anonymous_13)","decl":{"start":{"line":123,"column":4},"end":{"line":123,"column":5}},"loc":{"start":{"line":123,"column":18},"end":{"line":125,"column":5}},"line":123}},"branchMap":{"0":{"loc":{"start":{"line":30,"column":6},"end":{"line":52,"column":7}},"type":"if","locations":[{"start":{"line":30,"column":6},"end":{"line":52,"column":7}},{"start":{"line":45,"column":13},"end":{"line":52,"column":7}}],"line":30},"1":{"loc":{"start":{"line":33,"column":8},"end":{"line":41,"column":9}},"type":"if","locations":[{"start":{"line":33,"column":8},"end":{"line":41,"column":9}},{"start":{},"end":{}}],"line":33},"2":{"loc":{"start":{"line":33,"column":12},"end":{"line":33,"column":52}},"type":"binary-expr","locations":[{"start":{"line":33,"column":12},"end":{"line":33,"column":36}},{"start":{"line":33,"column":40},"end":{"line":33,"column":52}}],"line":33},"3":{"loc":{"start":{"line":36,"column":14},"end":{"line":38,"column":15}},"type":"if","locations":[{"start":{"line":36,"column":14},"end":{"line":38,"column":15}},{"start":{},"end":{}}],"line":36},"4":{"loc":{"start":{"line":42,"column":29},"end":{"line":42,"column":60}},"type":"binary-expr","locations":[{"start":{"line":42,"column":29},"end":{"line":42,"column":55}},{"start":{"line":42,"column":59},"end":{"line":42,"column":60}}],"line":42},"5":{"loc":{"start":{"line":43,"column":26},"end":{"line":43,"column":54}},"type":"binary-expr","locations":[{"start":{"line":43,"column":26},"end":{"line":43,"column":49}},{"start":{"line":43,"column":53},"end":{"line":43,"column":54}}],"line":43},"6":{"loc":{"start":{"line":44,"column":48},"end":{"line":44,"column":76}},"type":"binary-expr","locations":[{"start":{"line":44,"column":48},"end":{"line":44,"column":71}},{"start":{"line":44,"column":75},"end":{"line":44,"column":76}}],"line":44},"7":{"loc":{"start":{"line":46,"column":23},"end":{"line":48,"column":16}},"type":"cond-expr","locations":[{"start":{"line":47,"column":12},"end":{"line":47,"column":42}},{"start":{"line":48,"column":12},"end":{"line":48,"column":16}}],"line":46},"8":{"loc":{"start":{"line":61,"column":6},"end":{"line":61,"column":31}},"type":"if","locations":[{"start":{"line":61,"column":6},"end":{"line":61,"column":31}},{"start":{},"end":{}}],"line":61},"9":{"loc":{"start":{"line":62,"column":21},"end":{"line":64,"column":14}},"type":"cond-expr","locations":[{"start":{"line":63,"column":10},"end":{"line":63,"column":46}},{"start":{"line":64,"column":10},"end":{"line":64,"column":14}}],"line":62},"10":{"loc":{"start":{"line":76,"column":6},"end":{"line":78,"column":7}},"type":"if","locations":[{"start":{"line":76,"column":6},"end":{"line":78,"column":7}},{"start":{},"end":{}}],"line":76},"11":{"loc":{"start":{"line":76,"column":10},"end":{"line":76,"column":59}},"type":"binary-expr","locations":[{"start":{"line":76,"column":10},"end":{"line":76,"column":29}},{"start":{"line":76,"column":33},"end":{"line":76,"column":59}}],"line":76},"12":{"loc":{"start":{"line":83,"column":6},"end":{"line":89,"column":7}},"type":"if","locations":[{"start":{"line":83,"column":6},"end":{"line":89,"column":7}},{"start":{},"end":{}}],"line":83},"13":{"loc":{"start":{"line":83,"column":10},"end":{"line":83,"column":56}},"type":"binary-expr","locations":[{"start":{"line":83,"column":10},"end":{"line":83,"column":40}},{"start":{"line":83,"column":44},"end":{"line":83,"column":56}}],"line":83},"14":{"loc":{"start":{"line":88,"column":8},"end":{"line":88,"column":88}},"type":"if","locations":[{"start":{"line":88,"column":8},"end":{"line":88,"column":88}},{"start":{},"end":{}}],"line":88},"15":{"loc":{"start":{"line":88,"column":12},"end":{"line":88,"column":61}},"type":"binary-expr","locations":[{"start":{"line":88,"column":12},"end":{"line":88,"column":31}},{"start":{"line":88,"column":35},"end":{"line":88,"column":61}}],"line":88},"16":{"loc":{"start":{"line":93,"column":6},"end":{"line":95,"column":7}},"type":"if","locations":[{"start":{"line":93,"column":6},"end":{"line":95,"column":7}},{"start":{},"end":{}}],"line":93},"17":{"loc":{"start":{"line":107,"column":6},"end":{"line":110,"column":7}},"type":"if","locations":[{"start":{"line":107,"column":6},"end":{"line":110,"column":7}},{"start":{},"end":{}}],"line":107}},"s":{"0":0,"1":0,"2":0,"3":0,"4":0,"5":0,"6":0,"7":0,"8":0,"9":0,"10":0,"11":0,"12":0,"13":0,"14":0,"15":0,"16":0,"17":0,"18":0,"19":0,"20":0,"21":0,"22":0,"23":0,"24":0,"25":0,"26":0,"27":0,"28":0,"29":0,"30":0,"31":0,"32":0,"33":0,"34":0,"35":0,"36":0,"37":0,"38":0,"39":0,"40":0,"41":0,"42":0,"43":0,"44":0,"45":0,"46":0,"47":0,"48":0,"49":0,"50":0,"51":0,"52":0,"53":0,"54":0,"55":0,"56":0,"57":0,"58":0,"59":0,"60":0},"f":{"0":0,"1":0,"2":0,"3":0,"4":0,"5":0,"6":0,"7":0,"8":0,"9":0,"10":0,"11":0,"12":0,"13":0},"b":{"0":[0,0],"1":[0,0],"2":[0,0],"3":[0,0],"4":[0,0],"5":[0,0],"6":[0,0],"7":[0,0],"8":[0,0],"9":[0,0],"10":[0,0],"11":[0,0],"12":[0,0],"13":[0,0],"14":[0,0],"15":[0,0],"16":[0,0],"17":[0,0]}}
,"E:\\Capstone\\Puzzle-Project-main\\src\\store\\store.js": {"path":"E:\\Capstone\\Puzzle-Project-main\\src\\store\\store.js","statementMap":{"0":{"start":{"line":7,"column":21},"end":{"line":14,"column":2}}},"fnMap":{},"branchMap":{},"s":{"0":0},"f":{},"b":{}}
,"E:\\Capstone\\Puzzle-Project-main\\src\\store\\streakSlice.js": {"path":"E:\\Capstone\\Puzzle-Project-main\\src\\store\\streakSlice.js","statementMap":{"0":{"start":{"line":6,"column":2},"end":{"line":11,"column":3}},"1":{"start":{"line":7,"column":16},"end":{"line":7,"column":49}},"2":{"start":{"line":8,"column":4},"end":{"line":8,"column":83}},"3":{"start":{"line":10,"column":4},"end":{"line":10,"column":59}},"4":{"start":{"line":15,"column":2},"end":{"line":23,"column":3}},"5":{"start":{"line":16,"column":4},"end":{"line":20,"column":7}},"6":{"start":{"line":26,"column":14},"end":{"line":26,"column":26}},"7":{"start":{"line":28,"column":21},"end":{"line":32,"column":1}},"8":{"start":{"line":34,"column":20},"end":{"line":72,"column":2}},"9":{"start":{"line":39,"column":20},"end":{"line":39,"column":33}},"10":{"start":{"line":42,"column":6},"end":{"line":42,"column":44}},"11":{"start":{"line":42,"column":38},"end":{"line":42,"column":44}},"12":{"start":{"line":44,"column":6},"end":{"line":50,"column":7}},"13":{"start":{"line":46,"column":8},"end":{"line":46,"column":24}},"14":{"start":{"line":49,"column":8},"end":{"line":49,"column":23}},"15":{"start":{"line":52,"column":6},"end":{"line":52,"column":30}},"16":{"start":{"line":53,"column":6},"end":{"line":53,"column":70}},"17":{"start":{"line":54,"column":6},"end":{"line":54,"column":23}},"18":{"start":{"line":58,"column":19},"end":{"line":58,"column":31}},"19":{"start":{"line":59,"column":6},"end":{"line":59,"column":30}},"20":{"start":{"line":60,"column":6},"end":{"line":60,"column":40}},"21":{"start":{"line":61,"column":6},"end":{"line":61,"column":46}},"22":{"start":{"line":64,"column":20},"end":{"line":64,"column":33}},"23":{"start":{"line":65,"column":6},"end":{"line":69,"column":7}},"24":{"start":{"line":66,"column":8},"end":{"line":68,"column":9}},"25":{"start":{"line":67,"column":10},"end":{"line":67,"column":25}},"26":{"start":{"line":74,"column":55},"end":{"line":74,"column":74}}},"fnMap":{"0":{"name":"loadStreak","decl":{"start":{"line":5,"column":9},"end":{"line":5,"column":19}},"loc":{"start":{"line":5,"column":22},"end":{"line":12,"column":1}},"line":5},"1":{"name":"saveStreak","decl":{"start":{"line":14,"column":9},"end":{"line":14,"column":19}},"loc":{"start":{"line":14,"column":27},"end":{"line":24,"column":1}},"line":14},"2":{"name":"(anonymous_2)","decl":{"start":{"line":38,"column":4},"end":{"line":38,"column":5}},"loc":{"start":{"line":38,"column":24},"end":{"line":55,"column":5}},"line":38},"3":{"name":"(anonymous_3)","decl":{"start":{"line":57,"column":4},"end":{"line":57,"column":5}},"loc":{"start":{"line":57,"column":33},"end":{"line":70,"column":5}},"line":57}},"branchMap":{"0":{"loc":{"start":{"line":8,"column":11},"end":{"line":8,"column":83}},"type":"cond-expr","locations":[{"start":{"line":8,"column":17},"end":{"line":8,"column":32}},{"start":{"line":8,"column":35},"end":{"line":8,"column":83}}],"line":8},"1":{"loc":{"start":{"line":42,"column":6},"end":{"line":42,"column":44}},"type":"if","locations":[{"start":{"line":42,"column":6},"end":{"line":42,"column":44}},{"start":{},"end":{}}],"line":42},"2":{"loc":{"start":{"line":44,"column":6},"end":{"line":50,"column":7}},"type":"if","locations":[{"start":{"line":44,"column":6},"end":{"line":50,"column":7}},{"start":{"line":47,"column":13},"end":{"line":50,"column":7}}],"line":44},"3":{"loc":{"start":{"line":44,"column":10},"end":{"line":44,"column":73}},"type":"binary-expr","locations":[{"start":{"line":44,"column":10},"end":{"line":44,"column":26}},{"start":{"line":44,"column":30},"end":{"line":44,"column":73}}],"line":44},"4":{"loc":{"start":{"line":65,"column":6},"end":{"line":69,"column":7}},"type":"if","locations":[{"start":{"line":65,"column":6},"end":{"line":69,"column":7}},{"start":{},"end":{}}],"line":65},"5":{"loc":{"start":{"line":65,"column":10},"end":{"line":65,"column":54}},"type":"binary-expr","locations":[{"start":{"line":65,"column":10},"end":{"line":65,"column":25}},{"start":{"line":65,"column":29},"end":{"line":65,"column":54}}],"line":65},"6":{"loc":{"start":{"line":66,"column":8},"end":{"line":68,"column":9}},"type":"if","locations":[{"start":{"line":66,"column":8},"end":{"line":68,"column":9}},{"start":{},"end":{}}],"line":66}},"s":{"0":0,"1":0,"2":0,"3":0,"4":0,"5":0,"6":0,"7":0,"8":0,"9":0,"10":0,"11":0,"12":0,"13":0,"14":0,"15":0,"16":0,"17":0,"18":0,"19":0,"20":0,"21":0,"22":0,"23":0,"24":0,"25":0,"26":0},"f":{"0":0,"1":0,"2":0,"3":0},"b":{"0":[0,0],"1":[0,0],"2":[0,0],"3":[0,0],"4":[0,0],"5":[0,0],"6":[0,0]}}
,"E:\\Capstone\\Puzzle-Project-main\\src\\store\\syncSlice.js": {"path":"E:\\Capstone\\Puzzle-Project-main\\src\\store\\syncSlice.js","statementMap":{"0":{"start":{"line":3,"column":21},"end":{"line":8,"column":1}},"1":{"start":{"line":10,"column":18},"end":{"line":28,"column":2}},"2":{"start":{"line":15,"column":6},"end":{"line":15,"column":41}},"3":{"start":{"line":18,"column":6},"end":{"line":18,"column":39}},"4":{"start":{"line":19,"column":6},"end":{"line":22,"column":7}},"5":{"start":{"line":20,"column":8},"end":{"line":20,"column":51}},"6":{"start":{"line":21,"column":8},"end":{"line":21,"column":30}},"7":{"start":{"line":25,"column":6},"end":{"line":25,"column":37}},"8":{"start":{"line":30,"column":67},"end":{"line":30,"column":84}}},"fnMap":{"0":{"name":"(anonymous_0)","decl":{"start":{"line":14,"column":4},"end":{"line":14,"column":5}},"loc":{"start":{"line":14,"column":35},"end":{"line":16,"column":5}},"line":14},"1":{"name":"(anonymous_1)","decl":{"start":{"line":17,"column":4},"end":{"line":17,"column":5}},"loc":{"start":{"line":17,"column":33},"end":{"line":23,"column":5}},"line":17},"2":{"name":"(anonymous_2)","decl":{"start":{"line":24,"column":4},"end":{"line":24,"column":5}},"loc":{"start":{"line":24,"column":35},"end":{"line":26,"column":5}},"line":24}},"branchMap":{"0":{"loc":{"start":{"line":7,"column":12},"end":{"line":7,"column":70}},"type":"cond-expr","locations":[{"start":{"line":7,"column":47},"end":{"line":7,"column":63}},{"start":{"line":7,"column":66},"end":{"line":7,"column":70}}],"line":7},"1":{"loc":{"start":{"line":19,"column":6},"end":{"line":22,"column":7}},"type":"if","locations":[{"start":{"line":19,"column":6},"end":{"line":22,"column":7}},{"start":{},"end":{}}],"line":19}},"s":{"0":0,"1":0,"2":0,"3":0,"4":0,"5":0,"6":0,"7":0,"8":0},"f":{"0":0,"1":0,"2":0},"b":{"0":[0,0],"1":[0,0]}}
,"E:\\Capstone\\Puzzle-Project-main\\src\\utils\\dateUtils.js": {"path":"E:\\Capstone\\Puzzle-Project-main\\src\\utils\\dateUtils.js","statementMap":{"0":{"start":{"line":7,"column":2},"end":{"line":7,"column":37}},"1":{"start":{"line":15,"column":2},"end":{"line":15,"column":56}},"2":{"start":{"line":23,"column":2},"end":{"line":23,"column":59}},"3":{"start":{"line":23,"column":45},"end":{"line":23,"column":58}},"4":{"start":{"line":30,"column":16},"end":{"line":30,"column":18}},"5":{"start":{"line":31,"column":2},"end":{"line":33,"column":3}},"6":{"start":{"line":31,"column":15},"end":{"line":31,"column":18}},"7":{"start":{"line":32,"column":4},"end":{"line":32,"column":63}},"8":{"start":{"line":34,"column":2},"end":{"line":34,"column":14}},"9":{"start":{"line":41,"column":13},"end":{"line":41,"column":28}},"10":{"start":{"line":42,"column":13},"end":{"line":42,"column":28}},"11":{"start":{"line":43,"column":2},"end":{"line":43,"column":43}},"12":{"start":{"line":50,"column":2},"end":{"line":50,"column":29}},"13":{"start":{"line":57,"column":2},"end":{"line":57,"column":45}},"14":{"start":{"line":64,"column":2},"end":{"line":64,"column":65}}},"fnMap":{"0":{"name":"getTodayStr","decl":{"start":{"line":6,"column":16},"end":{"line":6,"column":27}},"loc":{"start":{"line":6,"column":30},"end":{"line":8,"column":1}},"line":6},"1":{"name":"getDaysAgo","decl":{"start":{"line":14,"column":16},"end":{"line":14,"column":26}},"loc":{"start":{"line":14,"column":30},"end":{"line":16,"column":1}},"line":14},"2":{"name":"getLastNDates","decl":{"start":{"line":22,"column":16},"end":{"line":22,"column":29}},"loc":{"start":{"line":22,"column":33},"end":{"line":24,"column":1}},"line":22},"3":{"name":"(anonymous_3)","decl":{"start":{"line":23,"column":35},"end":{"line":23,"column":36}},"loc":{"start":{"line":23,"column":45},"end":{"line":23,"column":58}},"line":23},"4":{"name":"getLast365Dates","decl":{"start":{"line":29,"column":16},"end":{"line":29,"column":31}},"loc":{"start":{"line":29,"column":34},"end":{"line":35,"column":1}},"line":29},"5":{"name":"areConsecutiveDays","decl":{"start":{"line":40,"column":16},"end":{"line":40,"column":34}},"loc":{"start":{"line":40,"column":55},"end":{"line":44,"column":1}},"line":40},"6":{"name":"getDayOfWeek","decl":{"start":{"line":49,"column":16},"end":{"line":49,"column":28}},"loc":{"start":{"line":49,"column":38},"end":{"line":51,"column":1}},"line":49},"7":{"name":"formatDate","decl":{"start":{"line":56,"column":16},"end":{"line":56,"column":26}},"loc":{"start":{"line":56,"column":36},"end":{"line":58,"column":1}},"line":56},"8":{"name":"isLeapYear","decl":{"start":{"line":63,"column":16},"end":{"line":63,"column":26}},"loc":{"start":{"line":63,"column":33},"end":{"line":65,"column":1}},"line":63}},"branchMap":{"0":{"loc":{"start":{"line":64,"column":9},"end":{"line":64,"column":65}},"type":"binary-expr","locations":[{"start":{"line":64,"column":10},"end":{"line":64,"column":24}},{"start":{"line":64,"column":28},"end":{"line":64,"column":44}},{"start":{"line":64,"column":49},"end":{"line":64,"column":65}}],"line":64}},"s":{"0":2,"1":0,"2":0,"3":0,"4":3,"5":3,"6":3,"7":1095,"8":3,"9":7,"10":7,"11":7,"12":0,"13":0,"14":0},"f":{"0":2,"1":0,"2":0,"3":0,"4":3,"5":7,"6":0,"7":0,"8":0},"b":{"0":[0,0,0]},"_coverageSchema":"1a1c01bbd47fc00a2c39e90264f33305004495a9","hash":"792652f8fa0f4f10e61f484abb0a3063cd533242"}
}
