TN:
SF:src\App.jsx
FN:12,AppContent
FN:14,(anonymous_1)
FN:17,(anonymous_2)
FN:46,App
FNF:4
FNH:0
FNDA:0,AppContent
FNDA:0,(anonymous_1)
FNDA:0,(anonymous_2)
FNDA:0,App
DA:13,0
DA:14,0
DA:17,0
DA:18,0
DA:22,0
DA:24,0
DA:25,0
DA:33,0
DA:47,0
LF:9
LH:0
BRDA:24,0,0,0
BRDA:24,0,1,0
BRF:2
BRH:0
end_of_record
TN:
SF:src\components\Icons.jsx
FN:2,ClockIcon
FN:11,FireIcon
FN:19,WifiOffIcon
FN:33,CheckIcon
FNF:4
FNH:0
FNDA:0,ClockIcon
FNDA:0,FireIcon
FNDA:0,WifiOffIcon
FNDA:0,CheckIcon
DA:3,0
DA:12,0
DA:20,0
DA:34,0
LF:4
LH:0
BRDA:2,0,0,0
BRDA:11,1,0,0
BRDA:19,2,0,0
BRDA:33,3,0,0
BRF:4
BRH:0
end_of_record
TN:
SF:src\components\CompletionModal\CompletionModal.jsx
FN:15,(anonymous_0)
FN:22,CompletionModal
FN:28,(anonymous_2)
FN:51,(anonymous_3)
FN:131,(anonymous_4)
FNF:5
FNH:0
FNDA:0,(anonymous_0)
FNDA:0,CompletionModal
FNDA:0,(anonymous_2)
FNDA:0,(anonymous_3)
FNDA:0,(anonymous_4)
DA:4,0
DA:9,0
DA:15,0
DA:23,0
DA:24,0
DA:25,0
DA:26,0
DA:28,0
DA:29,0
DA:30,0
DA:31,0
DA:32,0
DA:35,0
DA:37,0
DA:52,0
DA:131,0
LF:16
LH:0
BRDA:26,0,0,0
BRDA:26,0,1,0
BRDA:29,1,0,0
BRDA:29,1,1,0
BRDA:30,2,0,0
BRDA:30,2,1,0
BRDA:31,3,0,0
BRDA:31,3,1,0
BRDA:39,4,0,0
BRDA:39,4,1,0
BRDA:102,5,0,0
BRDA:102,5,1,0
BRDA:129,6,0,0
BRDA:129,6,1,0
BRDA:141,7,0,0
BRDA:141,7,1,0
BRF:16
BRH:0
end_of_record
TN:
SF:src\components\HeatmapGrid\HeatmapGrid.jsx
FN:17,HeatmapGrid
FN:25,(anonymous_1)
FN:26,(anonymous_2)
FN:28,(anonymous_3)
FN:47,(anonymous_4)
FN:58,(anonymous_5)
FN:73,(anonymous_6)
FN:74,(anonymous_7)
FN:85,(anonymous_8)
FN:87,(anonymous_9)
FN:105,(anonymous_10)
FN:108,(anonymous_11)
FN:118,(anonymous_12)
FN:143,(anonymous_13)
FNF:14
FNH:0
FNDA:0,HeatmapGrid
FNDA:0,(anonymous_1)
FNDA:0,(anonymous_2)
FNDA:0,(anonymous_3)
FNDA:0,(anonymous_4)
FNDA:0,(anonymous_5)
FNDA:0,(anonymous_6)
FNDA:0,(anonymous_7)
FNDA:0,(anonymous_8)
FNDA:0,(anonymous_9)
FNDA:0,(anonymous_10)
FNDA:0,(anonymous_11)
FNDA:0,(anonymous_12)
FNDA:0,(anonymous_13)
DA:7,0
DA:15,0
DA:18,0
DA:19,0
DA:20,0
DA:22,0
DA:23,0
DA:25,0
DA:26,0
DA:27,0
DA:28,0
DA:29,0
DA:31,0
DA:32,0
DA:37,0
DA:38,0
DA:41,0
DA:42,0
DA:43,0
DA:44,0
DA:47,0
DA:48,0
DA:49,0
DA:50,0
DA:51,0
DA:54,0
DA:57,0
DA:58,0
DA:59,0
DA:60,0
DA:61,0
DA:62,0
DA:63,0
DA:68,0
DA:74,0
DA:75,0
DA:86,0
DA:88,0
DA:89,0
DA:90,0
DA:92,0
DA:94,0
DA:106,0
DA:108,0
DA:119,0
DA:144,0
LF:46
LH:0
BRDA:48,0,0,0
BRDA:48,0,1,0
BRDA:50,1,0,0
BRDA:50,1,1,0
BRDA:60,2,0,0
BRDA:60,2,1,0
BRDA:62,3,0,0
BRDA:62,3,1,0
BRDA:77,4,0,0
BRDA:77,4,1,0
BRDA:89,5,0,0
BRDA:89,5,1,0
BRDA:99,6,0,0
BRDA:99,6,1,0
BRDA:102,7,0,0
BRDA:102,7,1,0
BRDA:106,8,0,0
BRDA:106,8,1,0
BRDA:127,9,0,0
BRDA:127,9,1,0
BRDA:127,9,2,0
BRDA:136,10,0,0
BRDA:136,10,1,0
BRF:23
BRH:0
end_of_record
TN:
SF:src\components\Navbar\Navbar.jsx
FN:6,Navbar
FN:7,(anonymous_1)
FN:8,(anonymous_2)
FN:11,(anonymous_3)
FN:48,(anonymous_4)
FNF:5
FNH:0
FNDA:0,Navbar
FNDA:0,(anonymous_1)
FNDA:0,(anonymous_2)
FNDA:0,(anonymous_3)
FNDA:0,(anonymous_4)
DA:7,0
DA:8,0
DA:9,0
DA:11,0
DA:12,0
DA:13,0
DA:14,0
DA:15,0
DA:16,0
DA:17,0
DA:20,0
DA:22,0
DA:49,0
LF:13
LH:0
BRDA:12,0,0,0
BRDA:12,0,1,0
BRDA:13,1,0,0
BRDA:13,1,1,0
BRDA:14,2,0,0
BRDA:14,2,1,0
BRDA:15,3,0,0
BRDA:15,3,1,0
BRDA:16,4,0,0
BRDA:16,4,1,0
BRDA:53,5,0,0
BRDA:53,5,1,0
BRDA:66,6,0,0
BRDA:66,6,1,0
BRDA:82,7,0,0
BRDA:82,7,1,0
BRDA:82,8,0,0
BRDA:82,8,1,0
BRF:18
BRH:0
end_of_record
TN:
SF:src\components\PuzzleBoard\NumberMatrixBoard.jsx
FN:4,NumberMatrixBoard
FN:10,(anonymous_1)
FN:21,(anonymous_2)
FN:39,(anonymous_3)
FN:69,(anonymous_4)
FN:71,(anonymous_5)
FN:97,(anonymous_6)
FN:98,(anonymous_7)
FN:99,(anonymous_8)
FNF:9
FNH:0
FNDA:0,NumberMatrixBoard
FNDA:0,(anonymous_1)
FNDA:0,(anonymous_2)
FNDA:0,(anonymous_3)
FNDA:0,(anonymous_4)
FNDA:0,(anonymous_5)
FNDA:0,(anonymous_6)
FNDA:0,(anonymous_7)
FNDA:0,(anonymous_8)
DA:5,0
DA:7,0
DA:8,0
DA:10,0
DA:11,0
DA:12,0
DA:13,0
DA:14,0
DA:15,0
DA:17,0
DA:21,0
DA:22,0
DA:23,0
DA:24,0
DA:25,0
DA:26,0
DA:27,0
DA:28,0
DA:29,0
DA:30,0
DA:31,0
DA:32,0
DA:33,0
DA:35,0
DA:39,0
DA:40,0
DA:41,0
DA:42,0
DA:45,0
DA:46,0
DA:48,0
DA:50,0
DA:51,0
DA:52,0
DA:53,0
DA:54,0
DA:55,0
DA:57,0
DA:60,0
DA:61,0
DA:62,0
DA:64,0
DA:67,0
DA:70,0
DA:72,0
DA:73,0
DA:97,0
DA:98,0
DA:99,0
LF:49
LH:0
BRDA:5,0,0,0
BRDA:5,0,1,0
BRDA:5,1,0,0
BRDA:5,1,1,0
BRDA:8,2,0,0
BRDA:8,2,1,0
BRDA:11,3,0,0
BRDA:11,3,1,0
BRDA:11,4,0,0
BRDA:11,4,1,0
BRDA:14,5,0,0
BRDA:14,5,1,0
BRDA:14,6,0,0
BRDA:14,6,1,0
BRDA:14,6,2,0
BRDA:22,7,0,0
BRDA:22,7,1,0
BRDA:22,8,0,0
BRDA:22,8,1,0
BRDA:22,8,2,0
BRDA:23,9,0,0
BRDA:23,9,1,0
BRDA:26,10,0,0
BRDA:26,10,1,0
BRDA:27,11,0,0
BRDA:27,11,1,0
BRDA:28,12,0,0
BRDA:28,12,1,0
BRDA:29,13,0,0
BRDA:29,13,1,0
BRDA:31,14,0,0
BRDA:31,14,1,0
BRDA:45,15,0,0
BRDA:45,15,1,0
BRDA:45,16,0,0
BRDA:45,16,1,0
BRDA:46,17,0,0
BRDA:46,17,1,0
BRDA:46,18,0,0
BRDA:46,18,1,0
BRDA:50,19,0,0
BRDA:50,19,1,0
BRDA:52,20,0,0
BRDA:52,20,1,0
BRDA:54,21,0,0
BRDA:54,21,1,0
BRDA:61,22,0,0
BRDA:61,22,1,0
BRDA:62,23,0,0
BRDA:62,23,1,0
BRDA:77,24,0,0
BRDA:77,24,1,0
BRDA:77,25,0,0
BRDA:77,25,1,0
BRDA:78,26,0,0
BRDA:78,26,1,0
BRDA:78,27,0,0
BRDA:78,27,1,0
BRDA:88,28,0,0
BRDA:88,28,1,0
BRDA:96,29,0,0
BRDA:96,29,1,0
BRDA:109,30,0,0
BRDA:109,30,1,0
BRF:64
BRH:0
end_of_record
TN:
SF:src\components\PuzzleBoard\PatternMatchBoard.jsx
FN:13,PatternMatchBoard
FN:22,(anonymous_1)
FN:55,(anonymous_2)
FN:63,(anonymous_3)
FNF:4
FNH:0
FNDA:0,PatternMatchBoard
FNDA:0,(anonymous_1)
FNDA:0,(anonymous_2)
FNDA:0,(anonymous_3)
DA:3,0
DA:14,0
DA:16,0
DA:18,0
DA:23,0
DA:56,0
DA:57,0
DA:58,0
DA:60,0
DA:63,0
LF:10
LH:0
BRDA:14,0,0,0
BRDA:14,0,1,0
BRDA:38,1,0,0
BRDA:38,1,1,0
BRDA:42,2,0,0
BRDA:42,2,1,0
BRDA:44,3,0,0
BRDA:44,3,1,0
BRDA:45,4,0,0
BRDA:45,4,1,0
BRDA:57,5,0,0
BRDA:57,5,1,0
BRDA:58,6,0,0
BRDA:58,6,1,0
BRDA:58,6,2,0
BRDA:63,7,0,0
BRDA:63,7,1,0
BRDA:65,8,0,0
BRDA:65,8,1,0
BRDA:66,9,0,0
BRDA:66,9,1,0
BRDA:67,10,0,0
BRDA:67,10,1,0
BRDA:67,11,0,0
BRDA:67,11,1,0
BRDA:68,12,0,0
BRDA:68,12,1,0
BRDA:68,13,0,0
BRDA:68,13,1,0
BRDA:70,14,0,0
BRDA:70,14,1,0
BRDA:71,15,0,0
BRDA:71,15,1,0
BRF:33
BRH:0
end_of_record
TN:
SF:src\components\StreakBadge\StreakBadge.jsx
FN:4,StreakBadge
FN:5,(anonymous_1)
FNF:2
FNH:0
FNDA:0,StreakBadge
FNDA:0,(anonymous_1)
DA:5,0
DA:7,0
LF:2
LH:0
BRDA:21,0,0,0
BRDA:21,0,1,0
BRDA:31,1,0,0
BRDA:31,1,1,0
BRDA:31,1,2,0
BRF:5
BRH:0
end_of_record
TN:
SF:src\components\Timer\Timer.jsx
FN:5,Timer
FNF:1
FNH:0
FNDA:0,Timer
DA:6,0
DA:8,0
LF:2
LH:0
BRDA:11,0,0,0
BRDA:11,0,1,0
BRDA:16,1,0,0
BRDA:16,1,1,0
BRF:4
BRH:0
end_of_record
TN:
SF:src\db\idb.js
FN:9,getDB
FN:12,(anonymous_1)
FN:44,saveDailyActivity
FN:49,getDailyActivity
FN:54,getAllActivity
FN:59,getUnsynced
FN:65,deleteDailyActivity
FN:70,markSynced
FN:83,savePuzzleProgress
FN:92,loadPuzzleProgress
FN:103,clearPuzzleProgress
FN:110,saveAchievement
FN:115,getAchievements
FNF:13
FNH:0
FNDA:0,getDB
FNDA:0,(anonymous_1)
FNDA:0,saveDailyActivity
FNDA:0,getDailyActivity
FNDA:0,getAllActivity
FNDA:0,getUnsynced
FNDA:0,deleteDailyActivity
FNDA:0,markSynced
FNDA:0,savePuzzleProgress
FNDA:0,loadPuzzleProgress
FNDA:0,clearPuzzleProgress
FNDA:0,saveAchievement
FNDA:0,getAchievements
DA:4,0
DA:5,0
DA:7,0
DA:10,0
DA:11,0
DA:14,0
DA:15,0
DA:16,0
DA:19,0
DA:20,0
DA:23,0
DA:24,0
DA:29,0
DA:45,0
DA:46,0
DA:50,0
DA:51,0
DA:55,0
DA:56,0
DA:60,0
DA:61,0
DA:62,0
DA:66,0
DA:67,0
DA:71,0
DA:72,0
DA:73,0
DA:74,0
DA:84,0
DA:85,0
DA:86,0
DA:93,0
DA:94,0
DA:95,0
DA:96,0
DA:97,0
DA:99,0
DA:104,0
DA:105,0
DA:111,0
DA:112,0
DA:116,0
DA:117,0
LF:43
LH:0
BRDA:10,0,0,0
BRDA:10,0,1,0
BRDA:14,1,0,0
BRDA:14,1,1,0
BRDA:19,2,0,0
BRDA:19,2,1,0
BRDA:23,3,0,0
BRDA:23,3,1,0
BRDA:73,4,0,0
BRDA:73,4,1,0
BRDA:95,5,0,0
BRDA:95,5,1,0
BRF:12
BRH:0
end_of_record
TN:
SF:src\engine\hintEngine.js
FN:8,getRemainingHints
FN:23,useHint
FN:40,getHintsUsed
FNF:3
FNH:0
FNDA:0,getRemainingHints
FNDA:0,useHint
FNDA:0,getHintsUsed
DA:1,0
DA:9,0
DA:10,0
DA:11,0
DA:12,0
DA:14,0
DA:24,0
DA:25,0
DA:26,0
DA:27,0
DA:28,0
DA:29,0
DA:31,0
DA:41,0
DA:42,0
DA:44,0
LF:16
LH:0
BRDA:11,0,0,0
BRDA:11,0,1,0
BRDA:26,1,0,0
BRDA:26,1,1,0
BRDA:27,2,0,0
BRDA:27,2,1,0
BRDA:42,3,0,0
BRDA:42,3,1,0
BRF:8
BRH:0
end_of_record
TN:
SF:src\engine\numberMatrix.js
FN:29,generateNumberMatrix
FN:36,(anonymous_1)
FN:39,(anonymous_2)
FN:49,(anonymous_3)
FN:58,(anonymous_4)
FN:63,(anonymous_5)
FN:63,(anonymous_6)
FN:68,(anonymous_7)
FN:77,(anonymous_8)
FN:78,(anonymous_9)
FN:78,(anonymous_10)
FN:85,validateNumberMatrix
FN:105,getConflicts
FN:107,(anonymous_13)
FN:112,(anonymous_14)
FN:114,(anonymous_15)
FN:127,(anonymous_16)
FN:129,(anonymous_17)
FNF:18
FNH:18
FNDA:2,generateNumberMatrix
FNDA:60,(anonymous_1)
FNDA:10,(anonymous_2)
FNDA:16,(anonymous_3)
FNDA:10,(anonymous_4)
FNDA:10,(anonymous_5)
FNDA:52,(anonymous_6)
FNDA:10,(anonymous_7)
FNDA:26,(anonymous_8)
FNDA:10,(anonymous_9)
FNDA:52,(anonymous_10)
FNDA:1,validateNumberMatrix
FNDA:2,getConflicts
FNDA:12,(anonymous_13)
FNDA:36,(anonymous_14)
FNDA:216,(anonymous_15)
FNDA:72,(anonymous_16)
FNDA:72,(anonymous_17)
DA:5,1
DA:12,1
DA:30,2
DA:31,2
DA:32,2
DA:33,2
DA:34,2
DA:36,60
DA:39,10
DA:42,2
DA:43,5
DA:47,2
DA:48,4
DA:49,3
DA:50,16
DA:51,16
DA:52,16
DA:58,10
DA:59,2
DA:60,8
DA:61,8
DA:63,52
DA:67,2
DA:68,10
DA:69,2
DA:70,52
DA:72,2
DA:73,50
DA:74,50
DA:77,26
DA:78,52
DA:80,2
DA:86,1
DA:87,1
DA:89,1
DA:90,6
DA:91,36
DA:95,1
DA:96,1
DA:97,6
DA:98,36
DA:102,1
DA:106,2
DA:107,12
DA:108,2
DA:109,2
DA:110,2
DA:112,2
DA:113,36
DA:114,36
DA:115,216
DA:116,216
DA:117,216
DA:118,3
DA:119,3
DA:121,213
DA:127,72
DA:129,72
DA:131,2
DA:132,6
DA:133,12
DA:134,12
DA:135,24
DA:136,72
DA:139,12
DA:143,2
LF:66
LH:66
BRDA:29,0,0,0
BRDA:32,1,0,1
BRDA:32,1,1,1
BRDA:33,2,0,1
BRDA:33,2,1,1
BRDA:34,3,0,1
BRDA:34,3,1,1
BRDA:43,4,0,2
BRDA:43,4,1,3
BRDA:48,5,0,3
BRDA:48,5,1,1
BRDA:67,6,0,1
BRDA:67,6,1,1
BRDA:78,7,0,26
BRDA:78,7,1,26
BRDA:87,8,0,0
BRDA:87,8,1,1
BRDA:87,9,0,1
BRDA:87,9,1,1
BRDA:91,10,0,0
BRDA:91,10,1,36
BRDA:98,11,0,0
BRDA:98,11,1,36
BRDA:109,12,0,0
BRDA:109,12,1,2
BRDA:110,13,0,0
BRDA:110,13,1,2
BRDA:116,14,0,0
BRDA:116,14,1,216
BRDA:117,15,0,3
BRDA:117,15,1,213
BRF:31
BRH:24
end_of_record
TN:
SF:src\engine\patternMatch.js
FN:7,(anonymous_0)
FN:10,(anonymous_1)
FN:17,(anonymous_2)
FN:20,(anonymous_3)
FN:27,(anonymous_4)
FN:38,(anonymous_5)
FN:40,(anonymous_6)
FN:47,(anonymous_7)
FN:61,(anonymous_8)
FN:71,(anonymous_9)
FN:87,generatePatternMatch
FN:122,validatePatternMatch
FNF:12
FNH:3
FNDA:0,(anonymous_0)
FNDA:0,(anonymous_1)
FNDA:0,(anonymous_2)
FNDA:0,(anonymous_3)
FNDA:2,(anonymous_4)
FNDA:0,(anonymous_5)
FNDA:0,(anonymous_6)
FNDA:0,(anonymous_7)
FNDA:0,(anonymous_8)
FNDA:0,(anonymous_9)
FNDA:2,generatePatternMatch
FNDA:3,validatePatternMatch
DA:3,1
DA:8,0
DA:9,0
DA:10,0
DA:11,0
DA:18,0
DA:19,0
DA:20,0
DA:21,0
DA:28,2
DA:29,2
DA:30,2
DA:31,10
DA:32,2
DA:39,0
DA:40,0
DA:41,0
DA:48,0
DA:49,0
DA:50,0
DA:51,0
DA:52,0
DA:53,0
DA:55,0
DA:62,0
DA:63,0
DA:64,0
DA:65,0
DA:72,0
DA:73,0
DA:74,0
DA:75,0
DA:77,0
DA:88,2
DA:89,2
DA:90,2
DA:91,2
DA:92,2
DA:96,2
DA:97,2
DA:98,2
DA:99,6
DA:100,6
DA:101,6
DA:102,6
DA:107,2
DA:108,2
DA:109,6
DA:110,6
DA:113,2
DA:123,3
LF:51
LH:24
BRDA:53,0,0,0
BRDA:53,0,1,0
BRDA:100,1,0,6
BRDA:100,1,1,0
BRDA:100,2,0,6
BRDA:100,2,1,6
BRDA:100,2,2,6
BRDA:102,3,0,2
BRDA:102,3,1,4
BRF:9
BRH:6
end_of_record
TN:
SF:src\engine\scoreEngine.js
FN:8,calcScore
FN:28,scoreToIntensity
FNF:2
FNH:2
FNDA:8,calcScore
FNDA:8,scoreToIntensity
DA:9,8
DA:10,8
DA:11,8
DA:14,8
DA:17,8
DA:19,8
DA:20,8
DA:29,8
DA:30,6
DA:31,5
DA:32,4
DA:33,3
LF:12
LH:12
BRDA:8,0,0,0
BRDA:29,1,0,2
BRDA:29,1,1,6
BRDA:29,2,0,8
BRDA:29,2,1,6
BRDA:30,3,0,1
BRDA:30,3,1,5
BRDA:31,4,0,1
BRDA:31,4,1,4
BRDA:32,5,0,1
BRDA:32,5,1,3
BRF:11
BRH:10
end_of_record
TN:
SF:src\engine\seedEngine.js
FN:11,generateSeed
FN:22,createRng
FN:24,(anonymous_2)
FN:35,getPuzzleTypeForDate
FNF:4
FNH:4
FNDA:10,generateSeed
FNDA:7,createRng
FNDA:183,(anonymous_2)
FNDA:1,getPuzzleTypeForDate
DA:3,3
DA:12,10
DA:14,10
DA:23,7
DA:24,7
DA:25,183
DA:26,183
DA:36,1
DA:37,1
DA:38,1
LF:10
LH:10
BRF:0
BRH:0
end_of_record
TN:
SF:src\engine\validator.js
FN:11,validateSolution
FNF:1
FNH:0
FNDA:0,validateSolution
DA:12,0
DA:14,0
DA:16,0
DA:18,0
LF:4
LH:0
BRDA:12,0,0,0
BRDA:12,0,1,0
BRDA:12,0,2,0
BRF:3
BRH:0
end_of_record
TN:
SF:src\hooks\usePuzzle.js
FN:16,usePuzzle
FN:18,(anonymous_1)
FN:21,(anonymous_2)
FN:54,(anonymous_3)
FN:59,(anonymous_4)
FN:69,(anonymous_5)
FN:74,(anonymous_6)
FN:79,(anonymous_7)
FN:90,(anonymous_8)
FN:143,(anonymous_9)
FNF:10
FNH:0
FNDA:0,usePuzzle
FNDA:0,(anonymous_1)
FNDA:0,(anonymous_2)
FNDA:0,(anonymous_3)
FNDA:0,(anonymous_4)
FNDA:0,(anonymous_5)
FNDA:0,(anonymous_6)
FNDA:0,(anonymous_7)
FNDA:0,(anonymous_8)
FNDA:0,(anonymous_9)
DA:17,0
DA:18,0
DA:21,0
DA:22,0
DA:23,0
DA:24,0
DA:27,0
DA:29,0
DA:30,0
DA:32,0
DA:35,0
DA:38,0
DA:39,0
DA:40,0
DA:41,0
DA:43,0
DA:44,0
DA:46,0
DA:50,0
DA:51,0
DA:54,0
DA:55,0
DA:59,0
DA:60,0
DA:61,0
DA:69,0
DA:70,0
DA:74,0
DA:75,0
DA:79,0
DA:80,0
DA:81,0
DA:82,0
DA:83,0
DA:84,0
DA:86,0
DA:90,0
DA:91,0
DA:93,0
DA:94,0
DA:96,0
DA:97,0
DA:99,0
DA:100,0
DA:102,0
DA:104,0
DA:114,0
DA:117,0
DA:118,0
DA:119,0
DA:120,0
DA:121,0
DA:122,0
DA:127,0
DA:129,0
DA:132,0
DA:136,0
DA:139,0
DA:143,0
DA:144,0
DA:147,0
LF:61
LH:0
BRDA:27,0,0,0
BRDA:27,0,1,0
BRDA:30,1,0,0
BRDA:30,1,1,0
BRDA:39,2,0,0
BRDA:39,2,1,0
BRDA:43,3,0,0
BRDA:43,3,1,0
BRDA:60,4,0,0
BRDA:60,4,1,0
BRDA:60,5,0,0
BRDA:60,5,1,0
BRDA:80,6,0,0
BRDA:80,6,1,0
BRDA:82,7,0,0
BRDA:82,7,1,0
BRDA:91,8,0,0
BRDA:91,8,1,0
BRDA:91,9,0,0
BRDA:91,9,1,0
BRDA:91,9,2,0
BRDA:94,10,0,0
BRDA:94,10,1,0
BRDA:102,11,0,0
BRDA:102,11,1,0
BRDA:120,12,0,0
BRDA:120,12,1,0
BRDA:121,13,0,0
BRDA:121,13,1,0
BRDA:121,14,0,0
BRDA:121,14,1,0
BRF:31
BRH:0
end_of_record
TN:
SF:src\hooks\useSync.js
FN:6,useSync
FN:10,(anonymous_1)
FN:11,(anonymous_2)
FN:15,(anonymous_3)
FN:19,(anonymous_4)
FN:26,(anonymous_5)
FN:30,(anonymous_6)
FN:33,(anonymous_7)
FN:38,(anonymous_8)
FN:43,(anonymous_9)
FNF:10
FNH:0
FNDA:0,useSync
FNDA:0,(anonymous_1)
FNDA:0,(anonymous_2)
FNDA:0,(anonymous_3)
FNDA:0,(anonymous_4)
FNDA:0,(anonymous_5)
FNDA:0,(anonymous_6)
FNDA:0,(anonymous_7)
FNDA:0,(anonymous_8)
FNDA:0,(anonymous_9)
DA:7,0
DA:10,0
DA:11,0
DA:12,0
DA:13,0
DA:15,0
DA:17,0
DA:18,0
DA:19,0
DA:20,0
DA:21,0
DA:26,0
DA:27,0
DA:30,0
DA:31,0
DA:32,0
DA:33,0
DA:34,0
DA:38,0
DA:39,0
DA:40,0
DA:41,0
DA:42,0
DA:43,0
DA:45,0
DA:46,0
DA:47,0
DA:49,0
DA:50,0
DA:63,0
DA:65,0
DA:66,0
DA:68,0
DA:72,0
LF:34
LH:0
BRDA:13,0,0,0
BRDA:13,0,1,0
BRDA:13,1,0,0
BRDA:13,1,1,0
BRDA:39,2,0,0
BRDA:39,2,1,0
BRDA:46,3,0,0
BRDA:46,3,1,0
BRDA:47,4,0,0
BRDA:47,4,1,0
BRF:10
BRH:0
end_of_record
TN:
SF:src\hooks\useTimer.js
FN:5,useTimer
FN:7,(anonymous_1)
FN:10,(anonymous_2)
FN:12,(anonymous_3)
FN:18,(anonymous_4)
FN:21,(anonymous_5)
FN:22,(anonymous_6)
FN:24,(anonymous_7)
FNF:8
FNH:0
FNDA:0,useTimer
FNDA:0,(anonymous_1)
FNDA:0,(anonymous_2)
FNDA:0,(anonymous_3)
FNDA:0,(anonymous_4)
FNDA:0,(anonymous_5)
FNDA:0,(anonymous_6)
FNDA:0,(anonymous_7)
DA:6,0
DA:7,0
DA:8,0
DA:10,0
DA:11,0
DA:12,0
DA:13,0
DA:16,0
DA:18,0
DA:21,0
DA:22,0
DA:24,0
DA:25,0
DA:26,0
DA:27,0
DA:30,0
LF:16
LH:0
BRDA:11,0,0,0
BRDA:11,0,1,0
BRF:2
BRH:0
end_of_record
TN:
SF:src\pages\GamePage.jsx
FN:19,GamePage
FN:26,(anonymous_1)
FN:38,(anonymous_2)
FN:40,(anonymous_3)
FN:40,(anonymous_4)
FN:52,(anonymous_5)
FN:53,(anonymous_6)
FN:56,(anonymous_7)
FN:62,(anonymous_8)
FN:97,(anonymous_9)
FN:276,(anonymous_10)
FN:291,(anonymous_11)
FNF:12
FNH:0
FNDA:0,GamePage
FNDA:0,(anonymous_1)
FNDA:0,(anonymous_2)
FNDA:0,(anonymous_3)
FNDA:0,(anonymous_4)
FNDA:0,(anonymous_5)
FNDA:0,(anonymous_6)
FNDA:0,(anonymous_7)
FNDA:0,(anonymous_8)
FNDA:0,(anonymous_9)
FNDA:0,(anonymous_10)
FNDA:0,(anonymous_11)
DA:12,0
DA:20,0
DA:21,0
DA:22,0
DA:23,0
DA:24,0
DA:26,0
DA:27,0
DA:28,0
DA:29,0
DA:30,0
DA:31,0
DA:32,0
DA:38,0
DA:39,0
DA:40,0
DA:41,0
DA:42,0
DA:44,0
DA:45,0
DA:46,0
DA:48,0
DA:52,0
DA:53,0
DA:54,0
DA:56,0
DA:59,0
DA:60,0
DA:62,0
DA:63,0
DA:64,0
DA:65,0
DA:66,0
DA:67,0
DA:68,0
DA:69,0
DA:70,0
DA:71,0
DA:72,0
DA:73,0
DA:78,0
DA:82,0
DA:97,0
DA:276,0
DA:291,0
LF:45
LH:0
BRDA:27,0,0,0
BRDA:27,0,1,0
BRDA:27,1,0,0
BRDA:27,1,1,0
BRDA:31,2,0,0
BRDA:31,2,1,0
BRDA:31,3,0,0
BRDA:31,3,1,0
BRDA:40,4,0,0
BRDA:40,4,1,0
BRDA:40,5,0,0
BRDA:40,5,1,0
BRDA:45,6,0,0
BRDA:45,6,1,0
BRDA:54,7,0,0
BRDA:54,7,1,0
BRDA:59,8,0,0
BRDA:59,8,1,0
BRDA:63,9,0,0
BRDA:63,9,1,0
BRDA:63,10,0,0
BRDA:63,10,1,0
BRDA:64,11,0,0
BRDA:64,11,1,0
BRDA:66,12,0,0
BRDA:66,12,1,0
BRDA:71,13,0,0
BRDA:71,13,1,0
BRDA:71,14,0,0
BRDA:71,14,1,0
BRDA:137,15,0,0
BRDA:137,15,1,0
BRDA:149,16,0,0
BRDA:149,16,1,0
BRDA:149,16,2,0
BRDA:161,17,0,0
BRDA:161,17,1,0
BRDA:163,18,0,0
BRDA:163,18,1,0
BRDA:163,19,0,0
BRDA:163,19,1,0
BRDA:169,20,0,0
BRDA:169,20,1,0
BRDA:178,21,0,0
BRDA:178,21,1,0
BRDA:188,22,0,0
BRDA:188,22,1,0
BRDA:188,22,2,0
BRDA:198,23,0,0
BRDA:198,23,1,0
BRDA:207,24,0,0
BRDA:207,24,1,0
BRDA:222,25,0,0
BRDA:222,25,1,0
BRDA:222,25,2,0
BRDA:226,26,0,0
BRDA:226,26,1,0
BRDA:238,27,0,0
BRDA:238,27,1,0
BRDA:240,28,0,0
BRDA:240,28,1,0
BRDA:263,29,0,0
BRDA:263,29,1,0
BRDA:273,30,0,0
BRDA:273,30,1,0
BRF:65
BRH:0
end_of_record
TN:
SF:src\pages\LandingPage.jsx
FN:14,LandingPage
FN:17,(anonymous_1)
FN:19,(anonymous_2)
FN:80,(anonymous_3)
FN:101,(anonymous_4)
FN:111,(anonymous_5)
FNF:6
FNH:0
FNDA:0,LandingPage
FNDA:0,(anonymous_1)
FNDA:0,(anonymous_2)
FNDA:0,(anonymous_3)
FNDA:0,(anonymous_4)
FNDA:0,(anonymous_5)
DA:7,0
DA:15,0
DA:16,0
DA:17,0
DA:19,0
DA:20,0
DA:21,0
DA:22,0
DA:25,0
DA:80,0
DA:101,0
DA:112,0
LF:12
LH:0
BRDA:78,0,0,0
BRDA:78,0,1,0
BRDA:78,1,0,0
BRDA:78,1,1,0
BRF:4
BRH:0
end_of_record
TN:
SF:src\pages\ProfilePage.jsx
FN:9,ProfilePage
FN:10,(anonymous_1)
FN:11,(anonymous_2)
FN:12,(anonymous_3)
FN:16,(anonymous_4)
FN:17,(anonymous_5)
FN:18,(anonymous_6)
FN:20,(anonymous_7)
FN:21,(anonymous_8)
FN:26,(anonymous_9)
FN:60,(anonymous_10)
FNF:11
FNH:0
FNDA:0,ProfilePage
FNDA:0,(anonymous_1)
FNDA:0,(anonymous_2)
FNDA:0,(anonymous_3)
FNDA:0,(anonymous_4)
FNDA:0,(anonymous_5)
FNDA:0,(anonymous_6)
FNDA:0,(anonymous_7)
FNDA:0,(anonymous_8)
FNDA:0,(anonymous_9)
FNDA:0,(anonymous_10)
DA:10,0
DA:11,0
DA:12,0
DA:13,0
DA:14,0
DA:16,0
DA:17,0
DA:18,0
DA:19,0
DA:20,0
DA:21,0
DA:22,0
DA:26,0
DA:27,0
DA:28,0
DA:29,0
DA:32,0
DA:40,0
DA:61,0
LF:19
LH:0
BRDA:19,0,0,0
BRDA:19,0,1,0
BRDA:29,1,0,0
BRDA:29,1,1,0
BRDA:36,2,0,0
BRDA:36,2,1,0
BRDA:37,3,0,0
BRDA:37,3,1,0
BRDA:50,4,0,0
BRDA:50,4,1,0
BRDA:50,5,0,0
BRDA:50,5,1,0
BRDA:53,6,0,0
BRDA:53,6,1,0
BRDA:90,7,0,0
BRDA:90,7,1,0
BRDA:98,8,0,0
BRDA:98,8,1,0
BRDA:100,9,0,0
BRDA:100,9,1,0
BRDA:102,10,0,0
BRDA:102,10,1,0
BRDA:106,11,0,0
BRDA:106,11,1,0
BRDA:106,12,0,0
BRDA:106,12,1,0
BRDA:108,13,0,0
BRDA:108,13,1,0
BRDA:116,14,0,0
BRDA:116,14,1,0
BRF:30
BRH:0
end_of_record
TN:
SF:src\store\authSlice.js
FN:3,loadAuth
FN:24,(anonymous_1)
FN:37,(anonymous_2)
FN:50,(anonymous_3)
FNF:4
FNH:0
FNDA:0,loadAuth
FNDA:0,(anonymous_1)
FNDA:0,(anonymous_2)
FNDA:0,(anonymous_3)
DA:4,0
DA:5,0
DA:6,0
DA:8,0
DA:12,0
DA:14,0
DA:20,0
DA:25,0
DA:26,0
DA:27,0
DA:28,0
DA:29,0
DA:38,0
DA:39,0
DA:40,0
DA:41,0
DA:42,0
DA:51,0
DA:52,0
DA:53,0
DA:54,0
DA:55,0
DA:61,0
LF:23
LH:0
BRDA:6,0,0,0
BRDA:6,0,1,0
BRF:2
BRH:0
end_of_record
TN:
SF:src\store\puzzleSlice.js
FN:22,(anonymous_0)
FN:47,(anonymous_1)
FN:56,(anonymous_2)
FN:60,(anonymous_3)
FN:63,(anonymous_4)
FN:74,(anonymous_5)
FN:81,(anonymous_6)
FN:92,(anonymous_7)
FN:98,(anonymous_8)
FN:102,(anonymous_9)
FN:106,(anonymous_10)
FN:113,(anonymous_11)
FN:119,(anonymous_12)
FN:123,(anonymous_13)
FNF:14
FNH:0
FNDA:0,(anonymous_0)
FNDA:0,(anonymous_1)
FNDA:0,(anonymous_2)
FNDA:0,(anonymous_3)
FNDA:0,(anonymous_4)
FNDA:0,(anonymous_5)
FNDA:0,(anonymous_6)
FNDA:0,(anonymous_7)
FNDA:0,(anonymous_8)
FNDA:0,(anonymous_9)
FNDA:0,(anonymous_10)
FNDA:0,(anonymous_11)
FNDA:0,(anonymous_12)
FNDA:0,(anonymous_13)
DA:3,0
DA:18,0
DA:23,0
DA:24,0
DA:25,0
DA:26,0
DA:27,0
DA:28,0
DA:30,0
DA:31,0
DA:33,0
DA:34,0
DA:35,0
DA:36,0
DA:37,0
DA:42,0
DA:43,0
DA:44,0
DA:46,0
DA:47,0
DA:49,0
DA:50,0
DA:51,0
DA:53,0
DA:57,0
DA:61,0
DA:62,0
DA:63,0
DA:65,0
DA:66,0
DA:67,0
DA:68,0
DA:69,0
DA:70,0
DA:71,0
DA:75,0
DA:76,0
DA:77,0
DA:82,0
DA:83,0
DA:85,0
DA:86,0
DA:87,0
DA:88,0
DA:93,0
DA:94,0
DA:99,0
DA:103,0
DA:107,0
DA:108,0
DA:109,0
DA:114,0
DA:115,0
DA:116,0
DA:120,0
DA:124,0
DA:142,0
LF:57
LH:0
BRDA:30,0,0,0
BRDA:30,0,1,0
BRDA:33,1,0,0
BRDA:33,1,1,0
BRDA:33,2,0,0
BRDA:33,2,1,0
BRDA:36,3,0,0
BRDA:36,3,1,0
BRDA:42,4,0,0
BRDA:42,4,1,0
BRDA:43,5,0,0
BRDA:43,5,1,0
BRDA:44,6,0,0
BRDA:44,6,1,0
BRDA:46,7,0,0
BRDA:46,7,1,0
BRDA:61,8,0,0
BRDA:61,8,1,0
BRDA:62,9,0,0
BRDA:62,9,1,0
BRDA:76,10,0,0
BRDA:76,10,1,0
BRDA:76,11,0,0
BRDA:76,11,1,0
BRDA:83,12,0,0
BRDA:83,12,1,0
BRDA:83,13,0,0
BRDA:83,13,1,0
BRDA:88,14,0,0
BRDA:88,14,1,0
BRDA:88,15,0,0
BRDA:88,15,1,0
BRDA:93,16,0,0
BRDA:93,16,1,0
BRDA:107,17,0,0
BRDA:107,17,1,0
BRF:36
BRH:0
end_of_record
TN:
SF:src\store\store.js
FNF:0
FNH:0
DA:7,0
LF:1
LH:0
BRF:0
BRH:0
end_of_record
TN:
SF:src\store\streakSlice.js
FN:5,loadStreak
FN:14,saveStreak
FN:38,(anonymous_2)
FN:57,(anonymous_3)
FNF:4
FNH:0
FNDA:0,loadStreak
FNDA:0,saveStreak
FNDA:0,(anonymous_2)
FNDA:0,(anonymous_3)
DA:6,0
DA:7,0
DA:8,0
DA:10,0
DA:15,0
DA:16,0
DA:26,0
DA:28,0
DA:34,0
DA:39,0
DA:42,0
DA:44,0
DA:46,0
DA:49,0
DA:52,0
DA:53,0
DA:54,0
DA:58,0
DA:59,0
DA:60,0
DA:61,0
DA:64,0
DA:65,0
DA:66,0
DA:67,0
DA:74,0
LF:26
LH:0
BRDA:8,0,0,0
BRDA:8,0,1,0
BRDA:42,1,0,0
BRDA:42,1,1,0
BRDA:44,2,0,0
BRDA:44,2,1,0
BRDA:44,3,0,0
BRDA:44,3,1,0
BRDA:65,4,0,0
BRDA:65,4,1,0
BRDA:65,5,0,0
BRDA:65,5,1,0
BRDA:66,6,0,0
BRDA:66,6,1,0
BRF:14
BRH:0
end_of_record
TN:
SF:src\store\syncSlice.js
FN:14,(anonymous_0)
FN:17,(anonymous_1)
FN:24,(anonymous_2)
FNF:3
FNH:0
FNDA:0,(anonymous_0)
FNDA:0,(anonymous_1)
FNDA:0,(anonymous_2)
DA:3,0
DA:10,0
DA:15,0
DA:18,0
DA:19,0
DA:20,0
DA:21,0
DA:25,0
DA:30,0
LF:9
LH:0
BRDA:7,0,0,0
BRDA:7,0,1,0
BRDA:19,1,0,0
BRDA:19,1,1,0
BRF:4
BRH:0
end_of_record
TN:
SF:src\utils\dateUtils.js
FN:6,getTodayStr
FN:14,getDaysAgo
FN:22,getLastNDates
FN:23,(anonymous_3)
FN:29,getLast365Dates
FN:40,areConsecutiveDays
FN:49,getDayOfWeek
FN:56,formatDate
FN:63,isLeapYear
FNF:9
FNH:3
FNDA:2,getTodayStr
FNDA:0,getDaysAgo
FNDA:0,getLastNDates
FNDA:0,(anonymous_3)
FNDA:3,getLast365Dates
FNDA:7,areConsecutiveDays
FNDA:0,getDayOfWeek
FNDA:0,formatDate
FNDA:0,isLeapYear
DA:7,2
DA:15,0
DA:23,0
DA:30,3
DA:31,3
DA:32,1095
DA:34,3
DA:41,7
DA:42,7
DA:43,7
DA:50,0
DA:57,0
DA:64,0
LF:13
LH:8
BRDA:64,0,0,0
BRDA:64,0,1,0
BRDA:64,0,2,0
BRF:3
BRH:0
end_of_record
