TN:
SF:src\App.jsx
FN:12,AppContent
FN:14,(anonymous_1)
FN:17,(anonymous_2)
FN:46,App
FNF:4
FNH:0
FNDA:0,AppContent
FNDA:0,(anonymous_1)
FNDA:0,(anonymous_2)
FNDA:0,App
DA:13,0
DA:14,0
DA:17,0
DA:18,0
DA:22,0
DA:24,0
DA:25,0
DA:33,0
DA:47,0
LF:9
LH:0
BRDA:24,0,0,0
BRDA:24,0,1,0
BRF:2
BRH:0
end_of_record
TN:
SF:src\components\Icons.jsx
FN:2,ClockIcon
FN:11,FireIcon
FN:19,WifiOffIcon
FN:33,CheckIcon
FNF:4
FNH:0
FNDA:0,ClockIcon
FNDA:0,FireIcon
FNDA:0,WifiOffIcon
FNDA:0,CheckIcon
DA:3,0
DA:12,0
DA:20,0
DA:34,0
LF:4
LH:0
BRDA:2,0,0,0
BRDA:11,1,0,0
BRDA:19,2,0,0
BRDA:33,3,0,0
BRF:4
BRH:0
end_of_record
TN:
SF:src\components\CompletionModal\CompletionModal.jsx
FN:15,(anonymous_0)
FN:22,CompletionModal
FN:28,(anonymous_2)
FN:51,(anonymous_3)
FN:130,(anonymous_4)
FN:136,(anonymous_5)
FNF:6
FNH:0
FNDA:0,(anonymous_0)
FNDA:0,CompletionModal
FNDA:0,(anonymous_2)
FNDA:0,(anonymous_3)
FNDA:0,(anonymous_4)
FNDA:0,(anonymous_5)
DA:4,0
DA:9,0
DA:15,0
DA:23,0
DA:24,0
DA:25,0
DA:26,0
DA:28,0
DA:29,0
DA:30,0
DA:31,0
DA:32,0
DA:35,0
DA:37,0
DA:52,0
DA:130,0
DA:136,0
LF:17
LH:0
BRDA:26,0,0,0
BRDA:26,0,1,0
BRDA:29,1,0,0
BRDA:29,1,1,0
BRDA:30,2,0,0
BRDA:30,2,1,0
BRDA:31,3,0,0
BRDA:31,3,1,0
BRDA:39,4,0,0
BRDA:39,4,1,0
BRF:10
BRH:0
end_of_record
TN:
SF:src\components\HeatmapGrid\HeatmapGrid.jsx
FN:17,HeatmapGrid
FN:25,(anonymous_1)
FN:26,(anonymous_2)
FN:28,(anonymous_3)
FN:47,(anonymous_4)
FN:58,(anonymous_5)
FN:73,(anonymous_6)
FN:74,(anonymous_7)
FN:85,(anonymous_8)
FN:87,(anonymous_9)
FN:105,(anonymous_10)
FN:108,(anonymous_11)
FN:118,(anonymous_12)
FN:143,(anonymous_13)
FNF:14
FNH:0
FNDA:0,HeatmapGrid
FNDA:0,(anonymous_1)
FNDA:0,(anonymous_2)
FNDA:0,(anonymous_3)
FNDA:0,(anonymous_4)
FNDA:0,(anonymous_5)
FNDA:0,(anonymous_6)
FNDA:0,(anonymous_7)
FNDA:0,(anonymous_8)
FNDA:0,(anonymous_9)
FNDA:0,(anonymous_10)
FNDA:0,(anonymous_11)
FNDA:0,(anonymous_12)
FNDA:0,(anonymous_13)
DA:7,0
DA:15,0
DA:18,0
DA:19,0
DA:20,0
DA:22,0
DA:23,0
DA:25,0
DA:26,0
DA:27,0
DA:28,0
DA:29,0
DA:31,0
DA:32,0
DA:37,0
DA:38,0
DA:41,0
DA:42,0
DA:43,0
DA:44,0
DA:47,0
DA:48,0
DA:49,0
DA:50,0
DA:51,0
DA:54,0
DA:57,0
DA:58,0
DA:59,0
DA:60,0
DA:61,0
DA:62,0
DA:63,0
DA:68,0
DA:74,0
DA:75,0
DA:86,0
DA:88,0
DA:89,0
DA:90,0
DA:92,0
DA:94,0
DA:106,0
DA:108,0
DA:119,0
DA:144,0
LF:46
LH:0
BRDA:48,0,0,0
BRDA:48,0,1,0
BRDA:50,1,0,0
BRDA:50,1,1,0
BRDA:60,2,0,0
BRDA:60,2,1,0
BRDA:62,3,0,0
BRDA:62,3,1,0
BRDA:77,4,0,0
BRDA:77,4,1,0
BRDA:89,5,0,0
BRDA:89,5,1,0
BRDA:99,6,0,0
BRDA:99,6,1,0
BRDA:102,7,0,0
BRDA:102,7,1,0
BRDA:106,8,0,0
BRDA:106,8,1,0
BRDA:127,9,0,0
BRDA:127,9,1,0
BRDA:127,9,2,0
BRDA:136,10,0,0
BRDA:136,10,1,0
BRF:23
BRH:0
end_of_record
TN:
SF:src\components\Navbar\Navbar.jsx
FN:6,Navbar
FN:7,(anonymous_1)
FN:8,(anonymous_2)
FN:11,(anonymous_3)
FN:48,(anonymous_4)
FNF:5
FNH:0
FNDA:0,Navbar
FNDA:0,(anonymous_1)
FNDA:0,(anonymous_2)
FNDA:0,(anonymous_3)
FNDA:0,(anonymous_4)
DA:7,0
DA:8,0
DA:9,0
DA:11,0
DA:12,0
DA:13,0
DA:14,0
DA:15,0
DA:16,0
DA:17,0
DA:20,0
DA:22,0
DA:49,0
LF:13
LH:0
BRDA:12,0,0,0
BRDA:12,0,1,0
BRDA:13,1,0,0
BRDA:13,1,1,0
BRDA:14,2,0,0
BRDA:14,2,1,0
BRDA:15,3,0,0
BRDA:15,3,1,0
BRDA:16,4,0,0
BRDA:16,4,1,0
BRDA:53,5,0,0
BRDA:53,5,1,0
BRDA:66,6,0,0
BRDA:66,6,1,0
BRDA:82,7,0,0
BRDA:82,7,1,0
BRDA:82,8,0,0
BRDA:82,8,1,0
BRF:18
BRH:0
end_of_record
TN:
SF:src\components\PuzzleBoard\NumberMatrixBoard.jsx
FN:4,NumberMatrixBoard
FN:9,(anonymous_1)
FN:19,(anonymous_2)
FN:47,(anonymous_3)
FN:49,(anonymous_4)
FN:66,(anonymous_5)
FNF:6
FNH:0
FNDA:0,NumberMatrixBoard
FNDA:0,(anonymous_1)
FNDA:0,(anonymous_2)
FNDA:0,(anonymous_3)
FNDA:0,(anonymous_4)
FNDA:0,(anonymous_5)
DA:5,0
DA:7,0
DA:9,0
DA:10,0
DA:11,0
DA:12,0
DA:13,0
DA:15,0
DA:19,0
DA:20,0
DA:21,0
DA:22,0
DA:23,0
DA:24,0
DA:27,0
DA:29,0
DA:30,0
DA:31,0
DA:32,0
DA:33,0
DA:34,0
DA:36,0
DA:39,0
DA:40,0
DA:42,0
DA:45,0
DA:48,0
DA:50,0
DA:66,0
LF:29
LH:0
BRDA:5,0,0,0
BRDA:5,0,1,0
BRDA:5,1,0,0
BRDA:5,1,1,0
BRDA:7,2,0,0
BRDA:7,2,1,0
BRDA:10,3,0,0
BRDA:10,3,1,0
BRDA:10,4,0,0
BRDA:10,4,1,0
BRDA:12,5,0,0
BRDA:12,5,1,0
BRDA:12,6,0,0
BRDA:12,6,1,0
BRDA:12,6,2,0
BRDA:29,7,0,0
BRDA:29,7,1,0
BRDA:31,8,0,0
BRDA:31,8,1,0
BRDA:33,9,0,0
BRDA:33,9,1,0
BRDA:39,10,0,0
BRDA:39,10,1,0
BRDA:40,11,0,0
BRDA:40,11,1,0
BRDA:53,12,0,0
BRDA:53,12,1,0
BRDA:58,13,0,0
BRDA:58,13,1,0
BRDA:65,14,0,0
BRDA:65,14,1,0
BRF:31
BRH:0
end_of_record
TN:
SF:src\components\PuzzleBoard\PatternMatchBoard.jsx
FN:11,PatternMatchBoard
FN:27,(anonymous_1)
FN:65,(anonymous_2)
FN:73,(anonymous_3)
FNF:4
FNH:0
FNDA:0,PatternMatchBoard
FNDA:0,(anonymous_1)
FNDA:0,(anonymous_2)
FNDA:0,(anonymous_3)
DA:3,0
DA:12,0
DA:14,0
DA:16,0
DA:28,0
DA:66,0
DA:67,0
DA:68,0
DA:70,0
DA:73,0
LF:10
LH:0
BRDA:12,0,0,0
BRDA:12,0,1,0
BRDA:21,1,0,0
BRDA:21,1,1,0
BRDA:52,2,0,0
BRDA:52,2,1,0
BRDA:56,3,0,0
BRDA:56,3,1,0
BRDA:59,4,0,0
BRDA:59,4,1,0
BRDA:67,5,0,0
BRDA:67,5,1,0
BRDA:68,6,0,0
BRDA:68,6,1,0
BRDA:68,6,2,0
BRDA:73,7,0,0
BRDA:73,7,1,0
BRDA:75,8,0,0
BRDA:75,8,1,0
BRDA:76,9,0,0
BRDA:76,9,1,0
BRDA:77,10,0,0
BRDA:77,10,1,0
BRDA:77,11,0,0
BRDA:77,11,1,0
BRDA:78,12,0,0
BRDA:78,12,1,0
BRDA:78,13,0,0
BRDA:78,13,1,0
BRDA:80,14,0,0
BRDA:80,14,1,0
BRDA:81,15,0,0
BRDA:81,15,1,0
BRF:33
BRH:0
end_of_record
TN:
SF:src\components\StreakBadge\StreakBadge.jsx
FN:4,StreakBadge
FN:5,(anonymous_1)
FNF:2
FNH:0
FNDA:0,StreakBadge
FNDA:0,(anonymous_1)
DA:5,0
DA:7,0
LF:2
LH:0
BRDA:21,0,0,0
BRDA:21,0,1,0
BRDA:31,1,0,0
BRDA:31,1,1,0
BRDA:31,1,2,0
BRF:5
BRH:0
end_of_record
TN:
SF:src\components\Timer\Timer.jsx
FN:5,Timer
FNF:1
FNH:0
FNDA:0,Timer
DA:6,0
DA:8,0
LF:2
LH:0
BRDA:11,0,0,0
BRDA:11,0,1,0
BRDA:16,1,0,0
BRDA:16,1,1,0
BRF:4
BRH:0
end_of_record
TN:
SF:src\db\idb.js
FN:9,getDB
FN:12,(anonymous_1)
FN:44,saveDailyActivity
FN:49,getDailyActivity
FN:54,getAllActivity
FN:59,getUnsynced
FN:65,markSynced
FN:78,savePuzzleProgress
FN:87,loadPuzzleProgress
FN:98,clearPuzzleProgress
FN:105,saveAchievement
FN:110,getAchievements
FNF:12
FNH:0
FNDA:0,getDB
FNDA:0,(anonymous_1)
FNDA:0,saveDailyActivity
FNDA:0,getDailyActivity
FNDA:0,getAllActivity
FNDA:0,getUnsynced
FNDA:0,markSynced
FNDA:0,savePuzzleProgress
FNDA:0,loadPuzzleProgress
FNDA:0,clearPuzzleProgress
FNDA:0,saveAchievement
FNDA:0,getAchievements
DA:4,0
DA:5,0
DA:7,0
DA:10,0
DA:11,0
DA:14,0
DA:15,0
DA:16,0
DA:19,0
DA:20,0
DA:23,0
DA:24,0
DA:29,0
DA:45,0
DA:46,0
DA:50,0
DA:51,0
DA:55,0
DA:56,0
DA:60,0
DA:61,0
DA:62,0
DA:66,0
DA:67,0
DA:68,0
DA:69,0
DA:79,0
DA:80,0
DA:81,0
DA:88,0
DA:89,0
DA:90,0
DA:91,0
DA:92,0
DA:94,0
DA:99,0
DA:100,0
DA:106,0
DA:107,0
DA:111,0
DA:112,0
LF:41
LH:0
BRDA:10,0,0,0
BRDA:10,0,1,0
BRDA:14,1,0,0
BRDA:14,1,1,0
BRDA:19,2,0,0
BRDA:19,2,1,0
BRDA:23,3,0,0
BRDA:23,3,1,0
BRDA:68,4,0,0
BRDA:68,4,1,0
BRDA:90,5,0,0
BRDA:90,5,1,0
BRF:12
BRH:0
end_of_record
TN:
SF:src\engine\hintEngine.js
FN:8,getRemainingHints
FN:23,useHint
FN:40,getHintsUsed
FNF:3
FNH:0
FNDA:0,getRemainingHints
FNDA:0,useHint
FNDA:0,getHintsUsed
DA:1,0
DA:9,0
DA:10,0
DA:11,0
DA:12,0
DA:14,0
DA:24,0
DA:25,0
DA:26,0
DA:27,0
DA:28,0
DA:29,0
DA:31,0
DA:41,0
DA:42,0
DA:44,0
LF:16
LH:0
BRDA:11,0,0,0
BRDA:11,0,1,0
BRDA:26,1,0,0
BRDA:26,1,1,0
BRDA:27,2,0,0
BRDA:27,2,1,0
BRDA:42,3,0,0
BRDA:42,3,1,0
BRF:8
BRH:0
end_of_record
TN:
SF:src\engine\numberMatrix.js
FN:11,generateNumberMatrix
FN:23,(anonymous_1)
FN:41,(anonymous_2)
FN:41,(anonymous_3)
FN:44,(anonymous_4)
FN:53,(anonymous_5)
FN:56,(anonymous_6)
FN:56,(anonymous_7)
FN:69,validateNumberMatrix
FN:83,getConflicts
FN:84,(anonymous_10)
FN:86,(anonymous_11)
FN:88,(anonymous_12)
FN:101,(anonymous_13)
FN:103,(anonymous_14)
FNF:15
FNH:0
FNDA:0,generateNumberMatrix
FNDA:0,(anonymous_1)
FNDA:0,(anonymous_2)
FNDA:0,(anonymous_3)
FNDA:0,(anonymous_4)
FNDA:0,(anonymous_5)
FNDA:0,(anonymous_6)
FNDA:0,(anonymous_7)
FNDA:0,validateNumberMatrix
FNDA:0,getConflicts
FNDA:0,(anonymous_10)
FNDA:0,(anonymous_11)
FNDA:0,(anonymous_12)
FNDA:0,(anonymous_13)
FNDA:0,(anonymous_14)
DA:12,0
DA:15,0
DA:23,0
DA:24,0
DA:25,0
DA:26,0
DA:31,0
DA:32,0
DA:33,0
DA:34,0
DA:38,0
DA:39,0
DA:41,0
DA:44,0
DA:45,0
DA:46,0
DA:48,0
DA:49,0
DA:50,0
DA:53,0
DA:56,0
DA:58,0
DA:70,0
DA:71,0
DA:72,0
DA:73,0
DA:76,0
DA:84,0
DA:86,0
DA:87,0
DA:88,0
DA:89,0
DA:90,0
DA:91,0
DA:92,0
DA:93,0
DA:95,0
DA:101,0
DA:103,0
DA:105,0
DA:106,0
DA:107,0
DA:108,0
DA:109,0
DA:110,0
DA:113,0
LF:46
LH:0
BRDA:56,0,0,0
BRDA:56,0,1,0
BRDA:70,1,0,0
BRDA:70,1,1,0
BRDA:70,2,0,0
BRDA:70,2,1,0
BRDA:73,3,0,0
BRDA:73,3,1,0
BRDA:90,4,0,0
BRDA:90,4,1,0
BRDA:91,5,0,0
BRDA:91,5,1,0
BRF:12
BRH:0
end_of_record
TN:
SF:src\engine\patternMatch.js
FN:7,(anonymous_0)
FN:10,(anonymous_1)
FN:17,(anonymous_2)
FN:20,(anonymous_3)
FN:27,(anonymous_4)
FN:38,(anonymous_5)
FN:40,(anonymous_6)
FN:47,(anonymous_7)
FN:65,generatePatternMatch
FN:95,validatePatternMatch
FNF:10
FNH:0
FNDA:0,(anonymous_0)
FNDA:0,(anonymous_1)
FNDA:0,(anonymous_2)
FNDA:0,(anonymous_3)
FNDA:0,(anonymous_4)
FNDA:0,(anonymous_5)
FNDA:0,(anonymous_6)
FNDA:0,(anonymous_7)
FNDA:0,generatePatternMatch
FNDA:0,validatePatternMatch
DA:3,0
DA:8,0
DA:9,0
DA:10,0
DA:11,0
DA:18,0
DA:19,0
DA:20,0
DA:21,0
DA:28,0
DA:29,0
DA:30,0
DA:31,0
DA:32,0
DA:39,0
DA:40,0
DA:41,0
DA:48,0
DA:49,0
DA:50,0
DA:51,0
DA:52,0
DA:53,0
DA:55,0
DA:66,0
DA:67,0
DA:68,0
DA:69,0
DA:72,0
DA:73,0
DA:74,0
DA:75,0
DA:76,0
DA:80,0
DA:81,0
DA:82,0
DA:83,0
DA:86,0
DA:96,0
LF:39
LH:0
BRDA:53,0,0,0
BRDA:53,0,1,0
BRDA:76,1,0,0
BRDA:76,1,1,0
BRDA:76,2,0,0
BRDA:76,2,1,0
BRF:6
BRH:0
end_of_record
TN:
SF:src\engine\scoreEngine.js
FN:8,calcScore
FN:28,scoreToIntensity
FNF:2
FNH:0
FNDA:0,calcScore
FNDA:0,scoreToIntensity
DA:9,0
DA:10,0
DA:11,0
DA:14,0
DA:17,0
DA:19,0
DA:20,0
DA:29,0
DA:30,0
DA:31,0
DA:32,0
DA:33,0
LF:12
LH:0
BRDA:8,0,0,0
BRDA:29,1,0,0
BRDA:29,1,1,0
BRDA:29,2,0,0
BRDA:29,2,1,0
BRDA:30,3,0,0
BRDA:30,3,1,0
BRDA:31,4,0,0
BRDA:31,4,1,0
BRDA:32,5,0,0
BRDA:32,5,1,0
BRF:11
BRH:0
end_of_record
TN:
SF:src\engine\seedEngine.js
FN:11,generateSeed
FN:22,createRng
FN:24,(anonymous_2)
FN:35,getPuzzleTypeForDate
FNF:4
FNH:0
FNDA:0,generateSeed
FNDA:0,createRng
FNDA:0,(anonymous_2)
FNDA:0,getPuzzleTypeForDate
DA:3,0
DA:12,0
DA:14,0
DA:23,0
DA:24,0
DA:25,0
DA:26,0
DA:36,0
DA:37,0
DA:38,0
LF:10
LH:0
BRF:0
BRH:0
end_of_record
TN:
SF:src\engine\validator.js
FN:11,validateSolution
FNF:1
FNH:0
FNDA:0,validateSolution
DA:12,0
DA:14,0
DA:16,0
DA:18,0
LF:4
LH:0
BRDA:12,0,0,0
BRDA:12,0,1,0
BRDA:12,0,2,0
BRF:3
BRH:0
end_of_record
TN:
SF:src\hooks\usePuzzle.js
FN:16,usePuzzle
FN:18,(anonymous_1)
FN:21,(anonymous_2)
FN:46,(anonymous_3)
FN:51,(anonymous_4)
FN:61,(anonymous_5)
FN:66,(anonymous_6)
FN:71,(anonymous_7)
FN:82,(anonymous_8)
FNF:9
FNH:0
FNDA:0,usePuzzle
FNDA:0,(anonymous_1)
FNDA:0,(anonymous_2)
FNDA:0,(anonymous_3)
FNDA:0,(anonymous_4)
FNDA:0,(anonymous_5)
FNDA:0,(anonymous_6)
FNDA:0,(anonymous_7)
FNDA:0,(anonymous_8)
DA:17,0
DA:18,0
DA:21,0
DA:22,0
DA:23,0
DA:24,0
DA:27,0
DA:28,0
DA:30,0
DA:34,0
DA:35,0
DA:36,0
DA:37,0
DA:38,0
DA:42,0
DA:43,0
DA:46,0
DA:47,0
DA:51,0
DA:52,0
DA:53,0
DA:61,0
DA:62,0
DA:66,0
DA:67,0
DA:71,0
DA:72,0
DA:73,0
DA:74,0
DA:75,0
DA:76,0
DA:78,0
DA:82,0
DA:83,0
DA:85,0
DA:86,0
DA:88,0
DA:89,0
DA:91,0
DA:92,0
DA:95,0
DA:104,0
DA:107,0
DA:108,0
DA:109,0
DA:110,0
DA:111,0
DA:112,0
DA:117,0
DA:119,0
DA:122,0
DA:125,0
DA:128,0
LF:53
LH:0
BRDA:27,0,0,0
BRDA:27,0,1,0
BRDA:35,1,0,0
BRDA:35,1,1,0
BRDA:52,2,0,0
BRDA:52,2,1,0
BRDA:52,3,0,0
BRDA:52,3,1,0
BRDA:72,4,0,0
BRDA:72,4,1,0
BRDA:74,5,0,0
BRDA:74,5,1,0
BRDA:83,6,0,0
BRDA:83,6,1,0
BRDA:83,7,0,0
BRDA:83,7,1,0
BRDA:83,7,2,0
BRDA:86,8,0,0
BRDA:86,8,1,0
BRDA:110,9,0,0
BRDA:110,9,1,0
BRDA:111,10,0,0
BRDA:111,10,1,0
BRDA:111,11,0,0
BRDA:111,11,1,0
BRF:25
BRH:0
end_of_record
TN:
SF:src\hooks\useSync.js
FN:6,useSync
FN:10,(anonymous_1)
FN:11,(anonymous_2)
FN:15,(anonymous_3)
FN:19,(anonymous_4)
FN:26,(anonymous_5)
FN:30,(anonymous_6)
FN:33,(anonymous_7)
FN:38,(anonymous_8)
FN:43,(anonymous_9)
FNF:10
FNH:0
FNDA:0,useSync
FNDA:0,(anonymous_1)
FNDA:0,(anonymous_2)
FNDA:0,(anonymous_3)
FNDA:0,(anonymous_4)
FNDA:0,(anonymous_5)
FNDA:0,(anonymous_6)
FNDA:0,(anonymous_7)
FNDA:0,(anonymous_8)
FNDA:0,(anonymous_9)
DA:7,0
DA:10,0
DA:11,0
DA:12,0
DA:13,0
DA:15,0
DA:17,0
DA:18,0
DA:19,0
DA:20,0
DA:21,0
DA:26,0
DA:27,0
DA:30,0
DA:31,0
DA:32,0
DA:33,0
DA:34,0
DA:38,0
DA:39,0
DA:40,0
DA:41,0
DA:42,0
DA:43,0
DA:44,0
DA:45,0
DA:55,0
DA:57,0
DA:58,0
DA:60,0
DA:64,0
LF:31
LH:0
BRDA:13,0,0,0
BRDA:13,0,1,0
BRDA:13,1,0,0
BRDA:13,1,1,0
BRDA:39,2,0,0
BRDA:39,2,1,0
BRDA:39,3,0,0
BRDA:39,3,1,0
BRF:8
BRH:0
end_of_record
TN:
SF:src\hooks\useTimer.js
FN:5,useTimer
FN:7,(anonymous_1)
FN:10,(anonymous_2)
FN:12,(anonymous_3)
FN:18,(anonymous_4)
FN:21,(anonymous_5)
FN:22,(anonymous_6)
FN:24,(anonymous_7)
FNF:8
FNH:0
FNDA:0,useTimer
FNDA:0,(anonymous_1)
FNDA:0,(anonymous_2)
FNDA:0,(anonymous_3)
FNDA:0,(anonymous_4)
FNDA:0,(anonymous_5)
FNDA:0,(anonymous_6)
FNDA:0,(anonymous_7)
DA:6,0
DA:7,0
DA:8,0
DA:10,0
DA:11,0
DA:12,0
DA:13,0
DA:16,0
DA:18,0
DA:21,0
DA:22,0
DA:24,0
DA:25,0
DA:26,0
DA:27,0
DA:30,0
LF:16
LH:0
BRDA:11,0,0,0
BRDA:11,0,1,0
BRF:2
BRH:0
end_of_record
TN:
SF:src\pages\GamePage.jsx
FN:17,GamePage
FN:23,(anonymous_1)
FN:24,(anonymous_2)
FN:27,(anonymous_3)
FN:33,(anonymous_4)
FN:155,(anonymous_5)
FN:155,(anonymous_6)
FNF:7
FNH:0
FNDA:0,GamePage
FNDA:0,(anonymous_1)
FNDA:0,(anonymous_2)
FNDA:0,(anonymous_3)
FNDA:0,(anonymous_4)
FNDA:0,(anonymous_5)
FNDA:0,(anonymous_6)
DA:12,0
DA:18,0
DA:19,0
DA:20,0
DA:23,0
DA:24,0
DA:25,0
DA:27,0
DA:30,0
DA:31,0
DA:33,0
DA:34,0
DA:35,0
DA:36,0
DA:37,0
DA:39,0
DA:40,0
DA:41,0
DA:42,0
DA:43,0
DA:44,0
DA:45,0
DA:50,0
DA:54,0
DA:155,0
LF:25
LH:0
BRDA:25,0,0,0
BRDA:25,0,1,0
BRDA:30,1,0,0
BRDA:30,1,1,0
BRDA:34,2,0,0
BRDA:34,2,1,0
BRDA:34,3,0,0
BRDA:34,3,1,0
BRDA:35,4,0,0
BRDA:35,4,1,0
BRDA:37,5,0,0
BRDA:37,5,1,0
BRDA:43,6,0,0
BRDA:43,6,1,0
BRDA:43,7,0,0
BRDA:43,7,1,0
BRDA:75,8,0,0
BRDA:75,8,1,0
BRDA:87,9,0,0
BRDA:87,9,1,0
BRDA:87,9,2,0
BRDA:100,10,0,0
BRDA:100,10,1,0
BRDA:102,11,0,0
BRDA:102,11,1,0
BRDA:102,12,0,0
BRDA:102,12,1,0
BRDA:106,13,0,0
BRDA:106,13,1,0
BRDA:106,14,0,0
BRDA:106,14,1,0
BRDA:107,15,0,0
BRDA:107,15,1,0
BRDA:107,16,0,0
BRDA:107,16,1,0
BRDA:115,17,0,0
BRDA:115,17,1,0
BRDA:131,18,0,0
BRDA:131,18,1,0
BRDA:140,19,0,0
BRDA:140,19,1,0
BRDA:152,20,0,0
BRDA:152,20,1,0
BRDA:155,21,0,0
BRDA:155,21,1,0
BRDA:155,21,2,0
BRDA:168,22,0,0
BRDA:168,22,1,0
BRDA:183,23,0,0
BRDA:183,23,1,0
BRF:50
BRH:0
end_of_record
TN:
SF:src\pages\LandingPage.jsx
FN:14,LandingPage
FN:18,(anonymous_1)
FN:67,(anonymous_2)
FN:75,(anonymous_3)
FNF:4
FNH:0
FNDA:0,LandingPage
FNDA:0,(anonymous_1)
FNDA:0,(anonymous_2)
FNDA:0,(anonymous_3)
DA:7,0
DA:15,0
DA:16,0
DA:18,0
DA:19,0
DA:20,0
DA:21,0
DA:24,0
DA:67,0
DA:76,0
LF:10
LH:0
BRF:0
BRH:0
end_of_record
TN:
SF:src\pages\ProfilePage.jsx
FN:8,ProfilePage
FN:9,(anonymous_1)
FN:10,(anonymous_2)
FN:13,(anonymous_3)
FN:14,(anonymous_4)
FN:15,(anonymous_5)
FN:17,(anonymous_6)
FN:18,(anonymous_7)
FN:23,(anonymous_8)
FN:57,(anonymous_9)
FNF:10
FNH:0
FNDA:0,ProfilePage
FNDA:0,(anonymous_1)
FNDA:0,(anonymous_2)
FNDA:0,(anonymous_3)
FNDA:0,(anonymous_4)
FNDA:0,(anonymous_5)
FNDA:0,(anonymous_6)
FNDA:0,(anonymous_7)
FNDA:0,(anonymous_8)
FNDA:0,(anonymous_9)
DA:9,0
DA:10,0
DA:11,0
DA:13,0
DA:14,0
DA:15,0
DA:16,0
DA:17,0
DA:18,0
DA:19,0
DA:23,0
DA:24,0
DA:25,0
DA:26,0
DA:29,0
DA:37,0
DA:58,0
LF:17
LH:0
BRDA:16,0,0,0
BRDA:16,0,1,0
BRDA:26,1,0,0
BRDA:26,1,1,0
BRDA:33,2,0,0
BRDA:33,2,1,0
BRDA:34,3,0,0
BRDA:34,3,1,0
BRDA:47,4,0,0
BRDA:47,4,1,0
BRDA:47,5,0,0
BRDA:47,5,1,0
BRDA:50,6,0,0
BRDA:50,6,1,0
BRF:14
BRH:0
end_of_record
TN:
SF:src\store\authSlice.js
FN:3,loadAuth
FN:24,(anonymous_1)
FN:37,(anonymous_2)
FN:50,(anonymous_3)
FNF:4
FNH:0
FNDA:0,loadAuth
FNDA:0,(anonymous_1)
FNDA:0,(anonymous_2)
FNDA:0,(anonymous_3)
DA:4,0
DA:5,0
DA:6,0
DA:8,0
DA:12,0
DA:14,0
DA:20,0
DA:25,0
DA:26,0
DA:27,0
DA:28,0
DA:29,0
DA:38,0
DA:39,0
DA:40,0
DA:41,0
DA:42,0
DA:51,0
DA:52,0
DA:53,0
DA:54,0
DA:55,0
DA:61,0
LF:23
LH:0
BRDA:6,0,0,0
BRDA:6,0,1,0
BRF:2
BRH:0
end_of_record
TN:
SF:src\store\puzzleSlice.js
FN:21,(anonymous_0)
FN:35,(anonymous_1)
FN:43,(anonymous_2)
FN:50,(anonymous_3)
FN:58,(anonymous_4)
FN:64,(anonymous_5)
FN:68,(anonymous_6)
FN:72,(anonymous_7)
FN:79,(anonymous_8)
FN:85,(anonymous_9)
FN:89,(anonymous_10)
FNF:11
FNH:0
FNDA:0,(anonymous_0)
FNDA:0,(anonymous_1)
FNDA:0,(anonymous_2)
FNDA:0,(anonymous_3)
FNDA:0,(anonymous_4)
FNDA:0,(anonymous_5)
FNDA:0,(anonymous_6)
FNDA:0,(anonymous_7)
FNDA:0,(anonymous_8)
FNDA:0,(anonymous_9)
FNDA:0,(anonymous_10)
DA:3,0
DA:17,0
DA:22,0
DA:23,0
DA:24,0
DA:25,0
DA:26,0
DA:28,0
DA:29,0
DA:30,0
DA:31,0
DA:32,0
DA:34,0
DA:35,0
DA:37,0
DA:38,0
DA:39,0
DA:44,0
DA:45,0
DA:46,0
DA:51,0
DA:52,0
DA:53,0
DA:54,0
DA:59,0
DA:60,0
DA:65,0
DA:69,0
DA:73,0
DA:74,0
DA:75,0
DA:80,0
DA:81,0
DA:82,0
DA:86,0
DA:90,0
DA:106,0
LF:37
LH:0
BRDA:28,0,0,0
BRDA:28,0,1,0
BRDA:30,1,0,0
BRDA:30,1,1,0
BRDA:31,2,0,0
BRDA:31,2,1,0
BRDA:32,3,0,0
BRDA:32,3,1,0
BRDA:34,4,0,0
BRDA:34,4,1,0
BRDA:45,5,0,0
BRDA:45,5,1,0
BRDA:45,6,0,0
BRDA:45,6,1,0
BRDA:52,7,0,0
BRDA:52,7,1,0
BRDA:52,8,0,0
BRDA:52,8,1,0
BRDA:54,9,0,0
BRDA:54,9,1,0
BRDA:59,10,0,0
BRDA:59,10,1,0
BRDA:73,11,0,0
BRDA:73,11,1,0
BRF:24
BRH:0
end_of_record
TN:
SF:src\store\store.js
FNF:0
FNH:0
DA:7,0
LF:1
LH:0
BRF:0
BRH:0
end_of_record
TN:
SF:src\store\streakSlice.js
FN:5,loadStreak
FN:14,saveStreak
FN:38,(anonymous_2)
FN:57,(anonymous_3)
FNF:4
FNH:0
FNDA:0,loadStreak
FNDA:0,saveStreak
FNDA:0,(anonymous_2)
FNDA:0,(anonymous_3)
DA:6,0
DA:7,0
DA:8,0
DA:10,0
DA:15,0
DA:16,0
DA:26,0
DA:28,0
DA:34,0
DA:39,0
DA:42,0
DA:44,0
DA:46,0
DA:49,0
DA:52,0
DA:53,0
DA:54,0
DA:58,0
DA:59,0
DA:60,0
DA:61,0
DA:64,0
DA:65,0
DA:66,0
DA:67,0
DA:74,0
LF:26
LH:0
BRDA:8,0,0,0
BRDA:8,0,1,0
BRDA:42,1,0,0
BRDA:42,1,1,0
BRDA:44,2,0,0
BRDA:44,2,1,0
BRDA:44,3,0,0
BRDA:44,3,1,0
BRDA:65,4,0,0
BRDA:65,4,1,0
BRDA:65,5,0,0
BRDA:65,5,1,0
BRDA:66,6,0,0
BRDA:66,6,1,0
BRF:14
BRH:0
end_of_record
TN:
SF:src\store\syncSlice.js
FN:14,(anonymous_0)
FN:17,(anonymous_1)
FN:24,(anonymous_2)
FNF:3
FNH:0
FNDA:0,(anonymous_0)
FNDA:0,(anonymous_1)
FNDA:0,(anonymous_2)
DA:3,0
DA:10,0
DA:15,0
DA:18,0
DA:19,0
DA:20,0
DA:21,0
DA:25,0
DA:30,0
LF:9
LH:0
BRDA:7,0,0,0
BRDA:7,0,1,0
BRDA:19,1,0,0
BRDA:19,1,1,0
BRF:4
BRH:0
end_of_record
TN:
SF:src\utils\dateUtils.js
FN:6,getTodayStr
FN:14,getDaysAgo
FN:22,getLastNDates
FN:23,(anonymous_3)
FN:29,getLast365Dates
FN:40,areConsecutiveDays
FN:49,getDayOfWeek
FN:56,formatDate
FN:63,isLeapYear
FNF:9
FNH:0
FNDA:0,getTodayStr
FNDA:0,getDaysAgo
FNDA:0,getLastNDates
FNDA:0,(anonymous_3)
FNDA:0,getLast365Dates
FNDA:0,areConsecutiveDays
FNDA:0,getDayOfWeek
FNDA:0,formatDate
FNDA:0,isLeapYear
DA:7,0
DA:15,0
DA:23,0
DA:30,0
DA:31,0
DA:32,0
DA:34,0
DA:41,0
DA:42,0
DA:43,0
DA:50,0
DA:57,0
DA:64,0
LF:13
LH:0
BRDA:64,0,0,0
BRDA:64,0,1,0
BRDA:64,0,2,0
BRF:3
BRH:0
end_of_record
